Log file open, 02/07/19 15:23:24
LogWindows: Failed to load 'aqProf.dll' (GetLastError=126)
LogWindows: File 'aqProf.dll' does not exist
LogWindows: Failed to load 'VtuneApi.dll' (GetLastError=126)
LogWindows: File 'VtuneApi.dll' does not exist
LogWindows: Failed to load 'VtuneApi32e.dll' (GetLastError=126)
LogWindows: File 'VtuneApi32e.dll' does not exist
LogInit: Display: Running engine for game: RiseOfXeru
LogPlatformFile: Not using cached read wrapper
LogInit: Display: RandInit(883221098) SRandInit(883221098).
LogInit: Read version file with build ID '3944462'
LogInit: Overriding engine version to CL 4033788, compatible CL 3944462
LogInit: Registered custom module enumerator with build ID '3944462'
LogTaskGraph: Started task graph with 5 named threads and 14 total threads with 3 sets of task threads.
LogStats: Stats thread started at 0.165048
LogD3D11RHI: Aftermath initialized
LogICUInternationalization: Display: ICU TimeZone Detection - Raw Offset: +0:00, Platform Override: ''
LogModuleManager: Display: Found up-to-date module file ../../../Engine/Plugins/2D/Paper2D/Binaries/Win64/UE4Editor-Paper2D.dll (API version 3944462).
LogModuleManager: Display: Found up-to-date module file ../../../Engine/Plugins/2D/Paper2D/Binaries/Win64/UE4Editor-Paper2DEditor.dll (API version 3944462).
LogModuleManager: Display: Found up-to-date module file ../../../Engine/Plugins/2D/Paper2D/Binaries/Win64/UE4Editor-PaperSpriteSheetImporter.dll (API version 3944462).
LogModuleManager: Display: Found up-to-date module file ../../../Engine/Plugins/2D/Paper2D/Binaries/Win64/UE4Editor-PaperTiledImporter.dll (API version 3944462).
LogModuleManager: Display: Found up-to-date module file ../../../Engine/Plugins/2D/Paper2D/Binaries/Win64/UE4Editor-SmartSnapping.dll (API version 3944462).
LogModuleManager: Display: Found up-to-date module file ../../../Engine/Plugins/Blendables/LightPropagationVolume/Binaries/Win64/UE4Editor-LightPropagationVolumeRuntime.dll (API version 3944462).
LogModuleManager: Display: Found up-to-date module file ../../../Engine/Plugins/Blendables/LightPropagationVolume/Binaries/Win64/UE4Editor-LightPropagationVolumeEditor.dll (API version 3944462).
LogModuleManager: Display: Found up-to-date module file ../../../Engine/Plugins/Developer/CLionSourceCodeAccess/Binaries/Win64/UE4Editor-CLionSourceCodeAccess.dll (API version 3944462).
LogModuleManager: Display: Found up-to-date module file ../../../Engine/Plugins/Developer/GitSourceControl/Binaries/Win64/UE4Editor-GitSourceControl.dll (API version 3944462).
LogModuleManager: Display: Found up-to-date module file ../../../Engine/Plugins/Developer/PerforceSourceControl/Binaries/Win64/UE4Editor-PerforceSourceControl.dll (API version 3944462).
LogModuleManager: Display: Found up-to-date module file ../../../Engine/Plugins/Developer/SubversionSourceControl/Binaries/Win64/UE4Editor-SubversionSourceControl.dll (API version 3944462).
LogModuleManager: Display: Found up-to-date module file ../../../Engine/Plugins/Developer/UObjectPlugin/Binaries/Win64/UE4Editor-UObjectPlugin.dll (API version 3944462).
LogModuleManager: Display: Found up-to-date module file ../../../Engine/Plugins/Developer/VisualStudioCodeSourceCodeAccess/Binaries/Win64/UE4Editor-VisualStudioCodeSourceCodeAccess.dll (API version 3944462).
LogModuleManager: Display: Found up-to-date module file ../../../Engine/Plugins/Developer/VisualStudioSourceCodeAccess/Binaries/Win64/UE4Editor-VisualStudioSourceCodeAccess.dll (API version 3944462).
LogModuleManager: Display: Found up-to-date module file ../../../Engine/Plugins/Editor/AssetManagerEditor/Binaries/Win64/UE4Editor-AssetManagerEditor.dll (API version 3944462).
LogModuleManager: Display: Found up-to-date module file ../../../Engine/Plugins/Editor/CryptoKeys/Binaries/Win64/UE4Editor-CryptoKeys.dll (API version 3944462).
LogModuleManager: Display: Found up-to-date module file ../../../Engine/Plugins/Editor/CryptoKeys/Binaries/Win64/UE4Editor-CryptoKeysOpenSSL.dll (API version 3944462).
LogModuleManager: Display: Found up-to-date module file ../../../Engine/Plugins/Editor/DataValidation/Binaries/Win64/UE4Editor-DataValidation.dll (API version 3944462).
LogModuleManager: Display: Found up-to-date module file ../../../Engine/Plugins/Editor/FacialAnimation/Binaries/Win64/UE4Editor-FacialAnimation.dll (API version 3944462).
LogModuleManager: Display: Found up-to-date module file ../../../Engine/Plugins/Editor/FacialAnimation/Binaries/Win64/UE4Editor-FacialAnimationEditor.dll (API version 3944462).
LogModuleManager: Display: Found up-to-date module file ../../../Engine/Plugins/Editor/GameplayTagsEditor/Binaries/Win64/UE4Editor-GameplayTagsEditor.dll (API version 3944462).
LogModuleManager: Display: Found up-to-date module file ../../../Engine/Plugins/Editor/MobileLauncherProfileWizard/Binaries/Win64/UE4Editor-MobileLauncherProfileWizard.dll (API version 3944462).
LogModuleManager: Display: Found up-to-date module file ../../../Engine/Plugins/Editor/PluginBrowser/Binaries/Win64/UE4Editor-PluginBrowser.dll (API version 3944462).
LogModuleManager: Display: Found up-to-date module file ../../../Engine/Plugins/Editor/SpeedTreeImporter/Binaries/Win64/UE4Editor-SpeedTreeImporter.dll (API version 3944462).
LogModuleManager: Display: Found up-to-date module file ../../../Engine/Plugins/Enterprise/DatasmithContent/Binaries/Win64/UE4Editor-DatasmithContent.dll (API version 3944462).
LogModuleManager: Display: Found up-to-date module file ../../../Engine/Plugins/Experimental/AlembicImporter/Binaries/Win64/UE4Editor-AlembicImporter.dll (API version 3944462).
LogModuleManager: Display: Found up-to-date module file ../../../Engine/Plugins/Experimental/AlembicImporter/Binaries/Win64/UE4Editor-AlembicLibrary.dll (API version 3944462).
LogModuleManager: Display: Found up-to-date module file ../../../Engine/Plugins/Experimental/CharacterAI/Binaries/Win64/UE4Editor-CharacterAI.dll (API version 3944462).
LogModuleManager: Display: Found up-to-date module file ../../../Engine/Plugins/Experimental/HTML5Networking/Binaries/Win64/UE4Editor-HTML5Networking.dll (API version 3944462).
LogModuleManager: Display: Found up-to-date module file ../../../Engine/Plugins/Media/AndroidMedia/Binaries/Win64/UE4Editor-AndroidMediaEditor.dll (API version 3944462).
LogModuleManager: Display: Found up-to-date module file ../../../Engine/Plugins/Media/AndroidMedia/Binaries/Win64/UE4Editor-AndroidMediaFactory.dll (API version 3944462).
LogModuleManager: Display: Found up-to-date module file ../../../Engine/Plugins/Media/AvfMedia/Binaries/Win64/UE4Editor-AvfMediaEditor.dll (API version 3944462).
LogModuleManager: Display: Found up-to-date module file ../../../Engine/Plugins/Media/AvfMedia/Binaries/Win64/UE4Editor-AvfMediaFactory.dll (API version 3944462).
LogModuleManager: Display: Found up-to-date module file ../../../Engine/Plugins/Media/AvfMedia/Binaries/Win64/UE4Editor-AvfMediaFactory.dll (API version 3944462).
LogModuleManager: Display: Found up-to-date module file ../../../Engine/Plugins/Media/ImgMedia/Binaries/Win64/UE4Editor-ImgMedia.dll (API version 3944462).
LogModuleManager: Display: Found up-to-date module file ../../../Engine/Plugins/Media/ImgMedia/Binaries/Win64/UE4Editor-ImgMediaEditor.dll (API version 3944462).
LogModuleManager: Display: Found up-to-date module file ../../../Engine/Plugins/Media/ImgMedia/Binaries/Win64/UE4Editor-ImgMediaFactory.dll (API version 3944462).
LogModuleManager: Display: Found up-to-date module file ../../../Engine/Plugins/Media/ImgMedia/Binaries/Win64/UE4Editor-ImgMediaFactory.dll (API version 3944462).
LogModuleManager: Display: Found up-to-date module file ../../../Engine/Plugins/Media/ImgMedia/Binaries/Win64/UE4Editor-OpenExrWrapper.dll (API version 3944462).
LogModuleManager: Display: Found up-to-date module file ../../../Engine/Plugins/Media/LinearTimecode/Binaries/Win64/UE4Editor-LinearTimecode.dll (API version 3944462).
LogModuleManager: Display: Found up-to-date module file ../../../Engine/Plugins/Media/MediaCompositing/Binaries/Win64/UE4Editor-MediaCompositing.dll (API version 3944462).
LogModuleManager: Display: Found up-to-date module file ../../../Engine/Plugins/Media/MediaCompositing/Binaries/Win64/UE4Editor-MediaCompositingEditor.dll (API version 3944462).
LogModuleManager: Display: Found up-to-date module file ../../../Engine/Plugins/Media/MediaPlayerEditor/Binaries/Win64/UE4Editor-MediaPlayerEditor.dll (API version 3944462).
LogModuleManager: Display: Found up-to-date module file ../../../Engine/Plugins/Media/WmfMedia/Binaries/Win64/UE4Editor-WmfMedia.dll (API version 3944462).
LogModuleManager: Display: Found up-to-date module file ../../../Engine/Plugins/Media/WmfMedia/Binaries/Win64/UE4Editor-WmfMediaEditor.dll (API version 3944462).
LogModuleManager: Display: Found up-to-date module file ../../../Engine/Plugins/Media/WmfMedia/Binaries/Win64/UE4Editor-WmfMediaFactory.dll (API version 3944462).
LogModuleManager: Display: Found up-to-date module file ../../../Engine/Plugins/Media/WmfMedia/Binaries/Win64/UE4Editor-WmfMediaFactory.dll (API version 3944462).
LogModuleManager: Display: Found up-to-date module file ../../../Engine/Plugins/Messaging/TcpMessaging/Binaries/Win64/UE4Editor-TcpMessaging.dll (API version 3944462).
LogModuleManager: Display: Found up-to-date module file ../../../Engine/Plugins/Messaging/UdpMessaging/Binaries/Win64/UE4Editor-UdpMessaging.dll (API version 3944462).
LogModuleManager: Display: Found up-to-date module file ../../../Engine/Plugins/MovieScene/ActorSequence/Binaries/Win64/UE4Editor-ActorSequence.dll (API version 3944462).
LogModuleManager: Display: Found up-to-date module file ../../../Engine/Plugins/MovieScene/LevelSequenceEditor/Binaries/Win64/UE4Editor-LevelSequenceEditor.dll (API version 3944462).
LogModuleManager: Display: Found up-to-date module file ../../../Engine/Plugins/MovieScene/MatineeToLevelSequence/Binaries/Win64/UE4Editor-MatineeToLevelSequence.dll (API version 3944462).
LogModuleManager: Display: Found up-to-date module file ../../../Engine/Plugins/NetcodeUnitTest/NetcodeUnitTest/Binaries/Win64/UE4Editor-NetcodeUnitTest.dll (API version 3944462).
LogModuleManager: Display: Found up-to-date module file ../../../Engine/Plugins/NetcodeUnitTest/NUTUnrealEngine4/Binaries/Win64/UE4Editor-NUTUnrealEngine4.dll (API version 3944462).
LogModuleManager: Display: Found up-to-date module file ../../../Engine/Plugins/Online/OnlineSubsystem/Binaries/Win64/UE4Editor-OnlineSubsystem.dll (API version 3944462).
LogModuleManager: Display: Found up-to-date module file ../../../Engine/Plugins/Runtime/AndroidPermission/Binaries/Win64/UE4Editor-AndroidPermission.dll (API version 3944462).
LogModuleManager: Display: Found up-to-date module file ../../../Engine/Plugins/Online/OnlineSubsystemNull/Binaries/Win64/UE4Editor-OnlineSubsystemNull.dll (API version 3944462).
LogModuleManager: Display: Found up-to-date module file ../../../Engine/Plugins/Online/OnlineSubsystemUtils/Binaries/Win64/UE4Editor-OnlineSubsystemUtils.dll (API version 3944462).
LogModuleManager: Display: Found up-to-date module file ../../../Engine/Plugins/Online/OnlineSubsystemUtils/Binaries/Win64/UE4Editor-OnlineBlueprintSupport.dll (API version 3944462).
LogModuleManager: Display: Found up-to-date module file ../../../Engine/Plugins/Runtime/AndroidDeviceProfileSelector/Binaries/Win64/UE4Editor-AndroidDeviceProfileSelector.dll (API version 3944462).
LogModuleManager: Display: Found up-to-date module file ../../../Engine/Plugins/Runtime/AppleARKit/Binaries/Win64/UE4Editor-AppleARKit.dll (API version 3944462).
LogModuleManager: Display: Found up-to-date module file ../../../Engine/Plugins/Runtime/ProceduralMeshComponent/Binaries/Win64/UE4Editor-ProceduralMeshComponent.dll (API version 3944462).
LogModuleManager: Display: Found up-to-date module file ../../../Engine/Plugins/Runtime/ProceduralMeshComponent/Binaries/Win64/UE4Editor-ProceduralMeshComponentEditor.dll (API version 3944462).
LogModuleManager: Display: Found up-to-date module file ../../../Engine/Plugins/Animation/LiveLink/Binaries/Win64/UE4Editor-LiveLink.dll (API version 3944462).
LogModuleManager: Display: Found up-to-date module file ../../../Engine/Plugins/Animation/LiveLink/Binaries/Win64/UE4Editor-LiveLinkEditor.dll (API version 3944462).
LogModuleManager: Display: Found up-to-date module file ../../../Engine/Plugins/Runtime/ArchVisCharacter/Binaries/Win64/UE4Editor-ArchVisCharacter.dll (API version 3944462).
LogModuleManager: Display: Found up-to-date module file ../../../Engine/Plugins/Runtime/AudioCapture/Binaries/Win64/UE4Editor-AudioCapture.dll (API version 3944462).
LogModuleManager: Display: Found up-to-date module file ../../../Engine/Plugins/Runtime/AudioCapture/Binaries/Win64/UE4Editor-AudioCaptureEditor.dll (API version 3944462).
LogModuleManager: Display: Found up-to-date module file ../../../Engine/Plugins/Runtime/CableComponent/Binaries/Win64/UE4Editor-CableComponent.dll (API version 3944462).
LogModuleManager: Display: Found up-to-date module file ../../../Engine/Plugins/Runtime/CustomMeshComponent/Binaries/Win64/UE4Editor-CustomMeshComponent.dll (API version 3944462).
LogModuleManager: Display: Found up-to-date module file ../../../Engine/Plugins/Runtime/ExampleDeviceProfileSelector/Binaries/Win64/UE4Editor-ExampleDeviceProfileSelector.dll (API version 3944462).
LogModuleManager: Display: Found up-to-date module file ../../../Engine/Plugins/Runtime/ImmediatePhysics/Binaries/Win64/UE4Editor-ImmediatePhysics.dll (API version 3944462).
LogModuleManager: Display: Found up-to-date module file ../../../Engine/Plugins/Runtime/ImmediatePhysics/Binaries/Win64/UE4Editor-ImmediatePhysicsEditor.dll (API version 3944462).
LogModuleManager: Display: Found up-to-date module file ../../../Engine/Plugins/Runtime/LocationServicesBPLibrary/Binaries/Win64/UE4Editor-LocationServicesBPLibrary.dll (API version 3944462).
LogModuleManager: Display: Found up-to-date module file ../../../Engine/Plugins/Runtime/MobilePatchingUtils/Binaries/Win64/UE4Editor-MobilePatchingUtils.dll (API version 3944462).
LogModuleManager: Display: Found up-to-date module file ../../../Engine/Plugins/Runtime/Oculus/OculusVR/Binaries/Win64/UE4Editor-OculusHMD.dll (API version 3944462).
LogModuleManager: Display: Found up-to-date module file ../../../Engine/Plugins/Runtime/Oculus/OculusVR/Binaries/Win64/UE4Editor-OculusInput.dll (API version 3944462).
LogModuleManager: Display: Found up-to-date module file ../../../Engine/Plugins/Runtime/Oculus/OculusVR/Binaries/Win64/UE4Editor-OculusEditor.dll (API version 3944462).
LogModuleManager: Display: Found up-to-date module file ../../../Engine/Plugins/Runtime/PhysXVehicles/Binaries/Win64/UE4Editor-PhysXVehicles.dll (API version 3944462).
LogModuleManager: Display: Found up-to-date module file ../../../Engine/Plugins/Runtime/PhysXVehicles/Binaries/Win64/UE4Editor-PhysXVehiclesEditor.dll (API version 3944462).
LogModuleManager: Display: Found up-to-date module file ../../../Engine/Plugins/Runtime/RuntimePhysXCooking/Binaries/Win64/UE4Editor-RuntimePhysXCooking.dll (API version 3944462).
LogModuleManager: Display: Found up-to-date module file ../../../Engine/Plugins/Runtime/Steam/SteamVR/Binaries/Win64/UE4Editor-SteamVR.dll (API version 3944462).
LogModuleManager: Display: Found up-to-date module file ../../../Engine/Plugins/Runtime/Steam/SteamVR/Binaries/Win64/UE4Editor-SteamVRController.dll (API version 3944462).
LogModuleManager: Display: Found up-to-date module file ../../../Engine/Plugins/Runtime/WindowsMoviePlayer/Binaries/Win64/UE4Editor-WindowsMoviePlayer.dll (API version 3944462).
LogPluginManager: Mounting plugin Paper2D
LogPluginManager: Mounting plugin LiveLink
LogPluginManager: Mounting plugin LightPropagationVolume
LogPluginManager: Mounting plugin CLionSourceCodeAccess
LogPluginManager: Mounting plugin CodeLiteSourceCodeAccess
LogPluginManager: Mounting plugin GitSourceControl
LogPluginManager: Mounting plugin KDevelopSourceCodeAccess
LogPluginManager: Mounting plugin NullSourceCodeAccess
LogPluginManager: Mounting plugin PerforceSourceControl
LogPluginManager: Mounting plugin SubversionSourceControl
LogPluginManager: Mounting plugin UObjectPlugin
LogPluginManager: Mounting plugin VisualStudioCodeSourceCodeAccess
LogPluginManager: Mounting plugin VisualStudioSourceCodeAccess
LogPluginManager: Mounting plugin XCodeSourceCodeAccess
LogPluginManager: Mounting plugin AssetManagerEditor
LogPluginManager: Mounting plugin CryptoKeys
LogPluginManager: Mounting plugin DataValidation
LogPluginManager: Mounting plugin FacialAnimation
LogPluginManager: Mounting plugin GameplayTagsEditor
LogPluginManager: Mounting plugin MobileLauncherProfileWizard
LogPluginManager: Mounting plugin PluginBrowser
LogPluginManager: Mounting plugin SpeedTreeImporter
LogPluginManager: Mounting plugin DatasmithContent
LogPluginManager: Mounting plugin AlembicImporter
LogPluginManager: Mounting plugin CharacterAI
LogPluginManager: Mounting plugin HTML5Networking
LogPluginManager: Mounting plugin AndroidMedia
LogPluginManager: Mounting plugin AvfMedia
LogPluginManager: Mounting plugin ImgMedia
LogPluginManager: Mounting plugin LinearTimecode
LogPluginManager: Mounting plugin MediaCompositing
LogPluginManager: Mounting plugin MediaPlayerEditor
LogPluginManager: Mounting plugin WmfMedia
LogPluginManager: Mounting plugin TcpMessaging
LogPluginManager: Mounting plugin UdpMessaging
LogPluginManager: Mounting plugin ActorSequence
LogPluginManager: Mounting plugin LevelSequenceEditor
LogPluginManager: Mounting plugin MatineeToLevelSequence
LogPluginManager: Mounting plugin NetcodeUnitTest
LogPluginManager: Mounting plugin NUTUnrealEngine4
LogPluginManager: Mounting plugin OnlineSubsystemGooglePlay
LogPluginManager: Mounting plugin OnlineSubsystemIOS
LogPluginManager: Mounting plugin OnlineSubsystem
LogPluginManager: Mounting plugin OnlineSubsystemNull
LogPluginManager: Mounting plugin OnlineSubsystemUtils
LogPluginManager: Mounting plugin AndroidDeviceProfileSelector
LogPluginManager: Mounting plugin AndroidMoviePlayer
LogPluginManager: Mounting plugin AndroidPermission
LogPluginManager: Mounting plugin AppleARKit
LogPluginManager: Mounting plugin AppleMoviePlayer
LogPluginManager: Mounting plugin ArchVisCharacter
LogPluginManager: Mounting plugin AudioCapture
LogPluginManager: Mounting plugin CableComponent
LogPluginManager: Mounting plugin CustomMeshComponent
LogPluginManager: Mounting plugin ExampleDeviceProfileSelector
LogPluginManager: Mounting plugin GoogleCloudMessaging
LogPluginManager: Mounting plugin ImmediatePhysics
LogPluginManager: Mounting plugin IOSDeviceProfileSelector
LogPluginManager: Mounting plugin LinuxDeviceProfileSelector
LogPluginManager: Mounting plugin LocationServicesBPLibrary
LogPluginManager: Mounting plugin MobilePatchingUtils
LogPluginManager: Mounting plugin OculusVR
LogPluginManager: Plugin shader directory ../../../Engine/Plugins/Runtime/Oculus/OculusVR/Shaders found
LogPluginManager: Mapping shader source directory ../../../Engine/Plugins/Runtime/Oculus/OculusVR/Shaders to virtual directory /Plugin/OculusVR
LogPluginManager: Mounting plugin PhysXVehicles
LogPluginManager: Mounting plugin ProceduralMeshComponent
LogPluginManager: Mounting plugin RuntimePhysXCooking
LogPluginManager: Mounting plugin SteamVR
LogPluginManager: Mounting plugin WindowsMoviePlayer
LogStreaming: Display: Took  0.663s to configure plugins.
LogInit: Using libcurl 7.47.1
LogInit:  - built for x86_64-pc-win32
LogInit:  - supports SSL with OpenSSL/1.0.2g
LogInit:  - supports HTTP deflate (compression) using libz 1.2.8
LogInit:  - other features:
LogInit:      CURL_VERSION_SSL
LogInit:      CURL_VERSION_LIBZ
LogInit:      CURL_VERSION_IPV6
LogInit:      CURL_VERSION_ASYNCHDNS
LogInit:      CURL_VERSION_LARGEFILE
LogInit:      CURL_VERSION_IDN
LogInit:  CurlRequestOptions (configurable via config and command line):
LogInit:  - bVerifyPeer = false  - Libcurl will NOT verify peer certificate
LogInit:  - bUseHttpProxy = false  - Libcurl will NOT use HTTP proxy
LogInit:  - bDontReuseConnections = false  - Libcurl will reuse connections
LogInit:  - CertBundlePath = nullptr  - Libcurl will use whatever was configured at build time.
LogInit:  - MaxHostConnections = 16  - Libcurl will limit the number of connections to a host
LogInit:  - LocalHostAddr = Default
LogInit: WinSock: version 1.1 (2.2), MaxSocks=32767, MaxUdp=65467
LogInit: WinSock: I am SamuelReid-PC (100.88.37.9:0)
LogInit: Build: ++UE4+Release-4.19-CL-4033788
LogInit: Engine Version: 4.19.2-4033788+++UE4+Release-4.19
LogInit: Compatible Engine Version: 4.19.0-3944462+++UE4+Release-4.19
LogInit: Net CL: 3944462
LogDevObjectVersion: Number of dev versions registered: 18
LogDevObjectVersion:   Dev-Blueprints (B0D832E4-1F89-4F0D-ACCF-7EB736FD4AA2): 10
LogDevObjectVersion:   Dev-Build (E1C64328-A22C-4D53-A36C-8E866417BD8C): 0
LogDevObjectVersion:   Dev-Core (375EC13C-06E4-48FB-B500-84F0262A717E): 2
LogDevObjectVersion:   Dev-Editor (E4B068ED-F494-42E9-A231-DA0B2E46BB41): 23
LogDevObjectVersion:   Dev-Framework (CFFC743F-43B0-4480-9391-14DF171D2073): 33
LogDevObjectVersion:   Dev-Mobile (B02B49B5-BB20-44E9-A304-32B752E40360): 2
LogDevObjectVersion:   Dev-Networking (A4E4105C-59A1-49B5-A7C5-40C4547EDFEE): 0
LogDevObjectVersion:   Dev-Online (39C831C9-5AE6-47DC-9A44-9C173E1C8E7C): 0
LogDevObjectVersion:   Dev-Physics (78F01B33-EBEA-4F98-B9B4-84EACCB95AA2): 0
LogDevObjectVersion:   Dev-Platform (6631380F-2D4D-43E0-8009-CF276956A95A): 0
LogDevObjectVersion:   Dev-Rendering (12F88B9F-8875-4AFC-A67C-D90C383ABD29): 25
LogDevObjectVersion:   Dev-Sequencer (7B5AE74C-D270-4C10-A958-57980B212A5A): 6
LogDevObjectVersion:   Dev-VR (D7296918-1DD6-4BDD-9DE2-64A83CC13884): 1
LogDevObjectVersion:   Dev-LoadTimes (C2A15278-BFE7-4AFE-6C17-90FF531DF755): 1
LogDevObjectVersion:   Private-Geometry (6EACA3D4-40EC-4CC1-B786-8BED09428FC5): 2
LogDevObjectVersion:   Dev-AnimPhys (29E575DD-E0A3-4627-9D10-D276232CDCEA): 16
LogDevObjectVersion:   Dev-ReflectionCapture (6B266CEC-1EC7-4B8F-A30B-E4D90942FC07): 1
LogDevObjectVersion:   Dev-Automation (0DF73D61-A23F-47EA-B727-89E90C41499A): 1
LogInit: Compiled (64-bit): Apr 27 2018 02:06:57
LogInit: Compiled with Visual C++: 19.00.24215.01
LogInit: Build Configuration: Development
LogInit: Branch Name: ++UE4+Release-4.19
LogInit: Command Line:  /Game/Game/Maps/MainMenu -game -PIEVIACONSOLE -ResX=1280 -ResY=720  -Multiprocess -messaging -SessionName="Play in Standalone Game" -featureleveles2 -faketouches -windowed 
LogInit: Base Directory: C:/Program Files/Epic Games/UE_4.19/Engine/Binaries/Win64/
LogInit: Installed Engine Build: 1
LogStreaming: Display: Took  0.000s to delete old logs.
LogInit: Presizing for max 8388607 objects, including 0 objects not considered by GC, pre-allocating 0 bytes for permanent pool.
LogInit: Object subsystem initialized
[2019.02.07-15.23.25:071][  0]LogInit: Selected Device Profile: [Windows]
[2019.02.07-15.23.25:071][  0]LogInit: Applying CVar settings loaded from the selected device profile: [Windows]
[2019.02.07-15.23.25:075][  0]LogInit: Computer: SAMUELREID-PC
[2019.02.07-15.23.25:075][  0]LogInit: User: Administrator
[2019.02.07-15.23.25:075][  0]LogInit: CPU Page size=4096, Cores=4
[2019.02.07-15.23.25:075][  0]LogInit: High frequency timer resolution =3.323613 MHz
[2019.02.07-15.23.25:076][  0]LogMemory: Memory total: Physical=8.0GB (8GB approx)
[2019.02.07-15.23.25:076][  0]LogMemory: Platform Memory Stats for Windows
[2019.02.07-15.23.25:076][  0]LogMemory: Process Physical Memory: 274.73 MB used, 274.73 MB peak
[2019.02.07-15.23.25:076][  0]LogMemory: Process Virtual Memory: 266.33 MB used, 266.33 MB peak
[2019.02.07-15.23.25:076][  0]LogMemory: Physical Memory: 6301.57 MB used,  1850.51 MB free, 8152.09 MB total
[2019.02.07-15.23.25:076][  0]LogMemory: Virtual Memory: 635.82 MB used,  1850.51 MB free, 8388608.00 MB total
[2019.02.07-15.23.25:096][  0]LogInit: Using OS detected language (en-GB).
[2019.02.07-15.23.25:097][  0]LogInit: Using OS detected locale (en-GB).
[2019.02.07-15.23.25:097][  0]LogTextLocalizationManager: No localization for 'en-GB' exists, so 'en' will be used for the language.
[2019.02.07-15.23.25:097][  0]LogTextLocalizationManager: No localization for 'en-GB' exists, so 'en' will be used for the locale.
[2019.02.07-15.23.25:542][  0]LogStreaming: Display: Took  0.446s to EndInitTextLocalization.
[2019.02.07-15.23.25:557][  0]LogSlate: New Slate User Created.  User Index 0, Is Virtual User: 0
[2019.02.07-15.23.25:557][  0]LogSlate: Slate User Registered.  User Index 0, Is Virtual User: 0
[2019.02.07-15.23.25:561][  0]LogD3D11RHI: D3D11 adapters:
[2019.02.07-15.23.25:589][  0]LogD3D11RHI:    0. 'NVIDIA GeForce GTX 660 Ti' (Feature Level 11_0)
[2019.02.07-15.23.25:589][  0]LogD3D11RHI:       1970/0/3820 MB DedicatedVideo/DedicatedSystem/SharedSystem, Outputs:1, VendorId:0x10de
[2019.02.07-15.23.25:589][  0]LogD3D11RHI: Chosen D3D11 Adapter: 0
[2019.02.07-15.23.25:593][  0]LogD3D11RHI: Creating new Direct3DDevice
[2019.02.07-15.23.25:593][  0]LogD3D11RHI:     GPU DeviceId: 0x1183 (for the marketing name, search the web for "GPU Device Id")
[2019.02.07-15.23.25:593][  0]LogWindows: EnumDisplayDevices:
[2019.02.07-15.23.25:593][  0]LogWindows:    0. 'NVIDIA GeForce GTX 660 Ti' (P:1 D:1)
[2019.02.07-15.23.25:593][  0]LogWindows:    1. 'NVIDIA GeForce GTX 660 Ti' (P:0 D:0)
[2019.02.07-15.23.25:593][  0]LogWindows:    2. 'NVIDIA GeForce GTX 660 Ti' (P:0 D:0)
[2019.02.07-15.23.25:593][  0]LogWindows:    3. 'NVIDIA GeForce GTX 660 Ti' (P:0 D:0)
[2019.02.07-15.23.25:593][  0]LogWindows:    4. 'RDPDD Chained DD' (P:0 D:0)
[2019.02.07-15.23.25:594][  0]LogWindows:    5. 'RDP Encoder Mirror Driver' (P:0 D:0)
[2019.02.07-15.23.25:594][  0]LogWindows:    6. 'RDP Reflector Display Driver' (P:0 D:0)
[2019.02.07-15.23.25:594][  0]LogWindows: DebugString: GetVideoDriverDetailsInvalid PrimaryIsNotTheChoosenAdapter GetVideoDriverDetailsInvalid PrimaryIsNotTheChoosenAdapter GetVideoDriverDetailsInvalid PrimaryIsNotTheChoosenAdapter FoundDriverCount:4 
[2019.02.07-15.23.25:594][  0]LogD3D11RHI:     Adapter Name: NVIDIA GeForce GTX 660 Ti
[2019.02.07-15.23.25:594][  0]LogD3D11RHI:   Driver Version: 398.82 (internal:24.21.13.9882, unified:398.82)
[2019.02.07-15.23.25:594][  0]LogD3D11RHI:      Driver Date: 7-30-2018
[2019.02.07-15.23.25:594][  0]LogRHI: Texture pool is 1379 MB (70% of 1970 MB)
[2019.02.07-15.23.25:609][  0]LogD3D11RHI: [Aftermath] Aftermath enabled and primed
[2019.02.07-15.23.25:609][  0]LogD3D11RHI: [Aftermath] Aftermath enabled and primed
[2019.02.07-15.23.25:609][  0]LogD3D11RHI: Async texture creation enabled
[2019.02.07-15.23.25:627][  0]LogD3D11RHI: GPU Timing Frequency: 1000.000000 (Debug: 2 2)
[2019.02.07-15.23.25:628][  0]LogShaderCompilers: Guid format shader working directory is 15 characters bigger than the processId version (D:/GitHub/Rise-of-Xeru/RiseOfXeruUnreal/Intermediate/Shaders/WorkingDirectory/2292/).
[2019.02.07-15.23.25:628][  0]LogShaderCompilers: Cleaned the shader compiler working directory 'C:/Users/Administrator/AppData/Local/Temp/UnrealShaderWorkingDir/EE1707AD4FBB243F831E82857C0AB26A/'.
[2019.02.07-15.23.25:796][  0]LogTemp: Display: Loaded TP WindowsClientTargetPlatform
[2019.02.07-15.23.25:811][  0]LogTemp: Display: Loaded TP WindowsNoEditorTargetPlatform
[2019.02.07-15.23.25:825][  0]LogTemp: Display: Loaded TP WindowsServerTargetPlatform
[2019.02.07-15.23.25:831][  0]LogTemp: Display: Loaded TP WindowsTargetPlatform
[2019.02.07-15.23.25:832][  0]LogTargetPlatformManager: Display: Building Assets For Windows
[2019.02.07-15.23.25:909][  0]LogXGEController: Cannot use XGE Controller as Incredibuild is not installed on this machine.
[2019.02.07-15.23.25:909][  0]LogShaderCompilers: Cannot use XGE Shader Compiler as Incredibuild is not installed on this machine.
[2019.02.07-15.23.25:909][  0]LogShaderCompilers: Display: Using Local Shader Compiler.
[2019.02.07-15.23.26:529][  0]LogDerivedDataCache: Display: Max Cache Size: 512 MB
[2019.02.07-15.23.26:622][  0]LogDerivedDataCache: Loaded boot cache 0.09s 74MB C:/Users/Administrator/AppData/Local/UnrealEngine/4.19/DerivedDataCache/Boot.ddc.
[2019.02.07-15.23.26:622][  0]LogDerivedDataCache: Display: Loaded Boot cache: C:/Users/Administrator/AppData/Local/UnrealEngine/4.19/DerivedDataCache/Boot.ddc
[2019.02.07-15.23.26:622][  0]LogDerivedDataCache: FDerivedDataBackendGraph:  Pak pak cache file D:/GitHub/Rise-of-Xeru/RiseOfXeruUnreal/DerivedDataCache/DDC.ddp not found, will not use a pak cache.
[2019.02.07-15.23.26:622][  0]LogDerivedDataCache: Unable to find inner node Pak for hierarchical cache Hierarchy.
[2019.02.07-15.23.26:623][  0]LogDerivedDataCache: FDerivedDataBackendGraph:  CompressedPak pak cache file D:/GitHub/Rise-of-Xeru/RiseOfXeruUnreal/DerivedDataCache/Compressed.ddp not found, will not use a pak cache.
[2019.02.07-15.23.26:623][  0]LogDerivedDataCache: Unable to find inner node CompressedPak for hierarchical cache Hierarchy.
[2019.02.07-15.23.26:640][  0]LogDerivedDataCache: Display: Pak cache opened for reading ../../../Engine/DerivedDataCache/Compressed.ddp.
[2019.02.07-15.23.26:651][  0]LogDerivedDataCache: Using Local data cache path C:/Users/Administrator/AppData/Local/UnrealEngine/Common/DerivedDataCache: Writable
[2019.02.07-15.23.26:651][  0]LogDerivedDataCache: Shared data cache path not found in *engine.ini, will not use an Shared cache.
[2019.02.07-15.23.26:651][  0]LogDerivedDataCache: Unable to find inner node Shared for hierarchical cache Hierarchy.
[2019.02.07-15.23.26:656][  0]LogMaterial: Verifying Global Shaders for PCD3D_ES2
[2019.02.07-15.23.26:656][  0]LogSlate: Using Freetype 2.6.0
[2019.02.07-15.23.26:657][  0]LogSlate: SlateFontCache - WITH_FREETYPE: 1, WITH_HARFBUZZ: 1
[2019.02.07-15.23.26:657][  0]LogSlate: SlateFontCache - WITH_FREETYPE: 1, WITH_HARFBUZZ: 1
[2019.02.07-15.23.26:737][  0]LogAssetRegistry: FAssetRegistry took 0.0047 seconds to start up
[2019.02.07-15.23.26:987][  0]LogPackageLocalizationCache: Processed 9 localized package path(s) for 1 prioritized culture(s) in 0.009739 seconds
[2019.02.07-15.23.27:082][  0]LogInit: Selected Device Profile: [Windows]
[2019.02.07-15.23.27:203][  0]LogSimplygon: Simplygon DLL not present - disabling.
[2019.02.07-15.23.27:205][  0]LogMeshReduction: Using SimplygonSwarm for distributed automatic mesh merging
[2019.02.07-15.23.27:205][  0]LogMeshReduction: Using QuadricMeshReduction for automatic static mesh reduction
[2019.02.07-15.23.27:205][  0]LogMeshReduction: No automatic skeletal mesh reduction module available
[2019.02.07-15.23.27:205][  0]LogMeshReduction: No automatic mesh merging module available
[2019.02.07-15.23.27:205][  0]LogMeshMerging: No automatic mesh merging module available
[2019.02.07-15.23.27:229][  0]LogNetVersion: RiseOfXeru , NetCL: 3944462, EngineNetVer: 2, GameNetVer: 0 (Checksum: 3116531201)
[2019.02.07-15.23.27:832][  0]LogMoviePlayer: Initializing movie player
[2019.02.07-15.23.28:045][  0]LogTcpMessaging: Initializing TcpMessaging bridge
[2019.02.07-15.23.28:066][  0]LogUdpMessaging: Initializing bridge on interface 0.0.0.0:0 to multicast group 230.0.0.1:6666.
[2019.02.07-15.23.28:196][  0]LogMaterial: Missing cached shader map for material DefaultMaterial, compiling. 
[2019.02.07-15.23.28:368][  0]LogShaderCompilers: Display: Shaders left to compile 190
[2019.02.07-15.23.28:368][  0]LogShaderCompilers: Display: Shaders left to compile 180
[2019.02.07-15.23.28:368][  0]LogShaderCompilers: Display: Shaders left to compile 170
[2019.02.07-15.23.28:368][  0]SourceControl: Source control is disabled
[2019.02.07-15.23.28:368][  0]SourceControl: Source control is disabled
[2019.02.07-15.23.28:381][  0]SourceControl: Source control is disabled
[2019.02.07-15.23.30:196][  0]LogShaderCompilers: Display: Shaders left to compile 160
[2019.02.07-15.23.30:196][  0]LogMaterial: Missing cached shader map for material DefaultMediaPlaneMaterial, compiling. 
[2019.02.07-15.23.30:253][  0]LogAndroidPermission: UAndroidPermissionCallbackProxy::GetInstance
[2019.02.07-15.23.33:893][  0]LogShaderCompilers: Display: Shaders left to compile 152
[2019.02.07-15.23.33:893][  0]LogShaderCompilers: Display: Shaders left to compile 142
[2019.02.07-15.23.33:893][  0]LogShaderCompilers: Display: Shaders left to compile 132
[2019.02.07-15.23.33:893][  0]LogShaderCompilers: Display: Shaders left to compile 122
[2019.02.07-15.23.33:893][  0]LogShaderCompilers: Display: Shaders left to compile 112
[2019.02.07-15.23.33:893][  0]LogShaderCompilers: Display: Shaders left to compile 102
[2019.02.07-15.23.33:893][  0]LogOcInput: OculusInput pre-init called
[2019.02.07-15.23.33:925][  0]LogShaderCompilers: Display: Shaders left to compile 92
[2019.02.07-15.23.33:925][  0]LogUObjectArray: 40124 objects as part of root set at end of initial load.
[2019.02.07-15.23.33:925][  0]LogUObjectAllocator: 8364200 out of 0 bytes used by permanent object pool.
[2019.02.07-15.23.33:925][  0]LogUObjectArray: CloseDisregardForGC: 0/0 objects in disregard for GC pool
[2019.02.07-15.23.33:973][  0]LogMaterial: Missing cached shader map for material HighResScreenshot, compiling. 
[2019.02.07-15.23.33:993][  0]LogMaterial: Missing cached shader map for material HighResScreenshotMask, compiling. 
[2019.02.07-15.23.34:024][  0]LogMaterial: Missing cached shader map for material HighResScreenshotCaptureRegion, compiling. 
[2019.02.07-15.23.34:045][  0]LogEngine: Initializing Engine...
[2019.02.07-15.23.34:046][  0]LogHMD: Failed to initialize OpenVR with code 110
[2019.02.07-15.23.34:058][  0]LogStats: UGameplayTagsManager::ConstructGameplayTagTree: Construct from data asset -  0.000 s
[2019.02.07-15.23.34:058][  0]LogStats: UGameplayTagsManager::ConstructGameplayTagTree: GameplayTagTreeChangedEvent.Broadcast -  0.000 s
[2019.02.07-15.23.34:074][  0]LogMaterial: Missing cached shader map for material WireframeMaterial, compiling. Is special engine material.
[2019.02.07-15.23.34:127][  0]LogShaderCompilers: Display: Shaders left to compile 106
[2019.02.07-15.23.34:127][  0]LogMaterial: Missing cached shader map for material LevelColorationLitMaterial, compiling. Is special engine material.
[2019.02.07-15.23.34:300][  0]LogMaterial: Missing cached shader map for material LevelColorationUnlitMaterial, compiling. Is special engine material.
[2019.02.07-15.23.34:348][  0]LogMaterial: Missing cached shader map for material MAT_LevelColorationLitLightmapUV, compiling. Is special engine material.
[2019.02.07-15.23.34:613][  0]LogMaterial: Missing cached shader map for material ShadedLevelColorationLitMaterial, compiling. Is special engine material.
[2019.02.07-15.23.34:792][  0]LogMaterial: Missing cached shader map for material ShadedLevelColorationUnlitMateri, compiling. Is special engine material.
[2019.02.07-15.23.34:826][  0]LogMaterial: Missing cached shader map for material VertexColorMaterial, compiling. 
[2019.02.07-15.23.34:879][  0]LogMaterial: Missing cached shader map for material VertexColorViewMode_ColorOnly, compiling. 
[2019.02.07-15.23.34:894][  0]LogMaterial: Missing cached shader map for material VertexColorViewMode_AlphaAsColor, compiling. 
[2019.02.07-15.23.34:913][  0]LogMaterial: Missing cached shader map for material VertexColorViewMode_RedOnly, compiling. 
[2019.02.07-15.23.34:927][  0]LogMaterial: Missing cached shader map for material VertexColorViewMode_GreenOnly, compiling. 
[2019.02.07-15.23.34:937][  0]LogMaterial: Missing cached shader map for material VertexColorViewMode_BlueOnly, compiling. 
[2019.02.07-15.23.34:953][  0]LogMaterial: Missing cached shader map for material RemoveSurfaceMaterial, compiling. 
[2019.02.07-15.23.34:971][  0]LogMaterial: Missing cached shader map for material DebugMeshMaterial, compiling. 
[2019.02.07-15.23.34:998][  0]LogMaterial: Missing cached shader map for material M_InvalidLightmapSettings, compiling. 
[2019.02.07-15.23.35:037][  0]LogMaterial: Missing cached shader map for material GizmoMaterial, compiling. 
[2019.02.07-15.23.35:059][  0]LogMaterial: Missing cached shader map for material PhAT_JointLimitMaterial, compiling. 
[2019.02.07-15.23.35:770][  0]LogInit: XAudio2 using 'Speakers (VIA High Definition Audio)' : 2 channels at 48 kHz using 32 bits per sample (channel mask 0x3)
[2019.02.07-15.23.35:928][  0]LogShaderCompilers: Display: Shaders left to compile 2116
[2019.02.07-15.23.35:928][  0]LogShaderCompilers: Display: Shaders left to compile 2106
[2019.02.07-15.23.35:928][  0]LogInit: FAudioDevice initialized.
[2019.02.07-15.23.36:973][  0]LogShaderCompilers: Display: Shaders left to compile 2096
[2019.02.07-15.23.36:973][  0]LogInit: Texture streaming: Enabled
[2019.02.07-15.23.36:979][  0]LogMaterial: Missing cached shader map for material BaseColor, compiling. 
[2019.02.07-15.23.36:994][  0]LogMaterial: Missing cached shader map for material CustomDepth, compiling. 
[2019.02.07-15.23.37:092][  0]LogMaterial: Missing cached shader map for material CustomStencil, compiling. 
[2019.02.07-15.23.37:113][  0]LogMaterial: Missing cached shader map for material FinalImage, compiling. 
[2019.02.07-15.23.37:129][  0]LogMaterial: Missing cached shader map for material LightingModel, compiling. 
[2019.02.07-15.23.37:147][  0]LogMaterial: Missing cached shader map for material MaterialAO, compiling. 
[2019.02.07-15.23.37:160][  0]LogMaterial: Missing cached shader map for material Metallic, compiling. 
[2019.02.07-15.23.37:178][  0]LogMaterial: Missing cached shader map for material Opacity, compiling. 
[2019.02.07-15.23.37:248][  0]LogMaterial: Missing cached shader map for material Roughness, compiling. 
[2019.02.07-15.23.37:261][  0]LogMaterial: Missing cached shader map for material SceneColor, compiling. 
[2019.02.07-15.23.37:277][  0]LogMaterial: Missing cached shader map for material SceneDepth, compiling. 
[2019.02.07-15.23.37:294][  0]LogMaterial: Missing cached shader map for material SeparateTranslucencyRGB, compiling. 
[2019.02.07-15.23.37:314][  0]LogMaterial: Missing cached shader map for material SeparateTranslucencyA, compiling. 
[2019.02.07-15.23.37:333][  0]LogMaterial: Missing cached shader map for material Specular, compiling. 
[2019.02.07-15.23.37:347][  0]LogMaterial: Missing cached shader map for material SubsurfaceColor, compiling. 
[2019.02.07-15.23.37:362][  0]LogMaterial: Missing cached shader map for material WorldNormal, compiling. 
[2019.02.07-15.23.37:374][  0]LogMaterial: Missing cached shader map for material AmbientOcclusion, compiling. 
[2019.02.07-15.23.37:408][  0]LogMaterial: Missing cached shader map for material CustomDepthWorldUnits, compiling. 
[2019.02.07-15.23.37:424][  0]LogMaterial: Missing cached shader map for material SceneDepthWorldUnits, compiling. 
[2019.02.07-15.23.37:442][  0]LogMaterial: Missing cached shader map for material PreTonemapHDRColor, compiling. 
[2019.02.07-15.23.37:464][  0]LogMaterial: Missing cached shader map for material PostTonemapHDRColor, compiling. 
[2019.02.07-15.23.37:545][  0]LogInit: Display: Game Engine Initialized.
[2019.02.07-15.23.37:545][  0]LogGameplayTags: Display: UGameplayTagsManager::DoneAddingNativeTags. DelegateIsBound: 0
[2019.02.07-15.23.37:545][  0]LogStats: UGameplayTagsManager::ConstructGameplayTagTree: Construct from data asset -  0.000 s
[2019.02.07-15.23.37:545][  0]LogStats: UGameplayTagsManager::ConstructGameplayTagTree: GameplayTagTreeChangedEvent.Broadcast -  0.000 s
[2019.02.07-15.23.37:628][  0]LogInit: Display: Starting Game.
[2019.02.07-15.23.37:628][  0]LogNet: Browse: /Game/Game/Maps/MainMenu?Name=Player
[2019.02.07-15.23.37:628][  0]LogLoad: LoadMap: /Game/Game/Maps/MainMenu?Name=Player
[2019.02.07-15.23.37:952][  0]LogShaderCompilers: Display: Shaders left to compile 2215
[2019.02.07-15.23.37:957][  0]LogShaderCompilers: Display: Shaders left to compile 2205
[2019.02.07-15.23.37:957][  0]LogUObjectGlobals: Created PersistentFrame Addr=0x00000000210bbc40, Size=24, Default__MainMenu_C Function /Game/Game/Maps/MainMenu.MainMenu_C:ExecuteUbergraph_MainMenu
[2019.02.07-15.23.37:976][  0]LogUObjectGlobals: Created PersistentFrame Addr=0x000000004477d3d0, Size=4, Default__MainMenu_BP_C Function /Game/Game/Blueprints/MainMenu_BP.MainMenu_BP_C:ExecuteUbergraph_MainMenu_BP
[2019.02.07-15.23.38:040][  0]LogUObjectGlobals: Destroyed PersistentFrame Addr=0x000000004477d3d0, Size=4
[2019.02.07-15.23.38:040][  0]LogUObjectGlobals: Created PersistentFrame Addr=0x000000004477d3d0, Size=4, Default__MainMenu_BP_C Function /Engine/Transient.REINST_MainMenu_BP_C_0:ExecuteUbergraph_MainMenu_BP
[2019.02.07-15.23.38:042][  0]LogUObjectGlobals: Created PersistentFrame Addr=0x000000004477d570, Size=4, Default__MainMenu_BP_C Function /Game/Game/Blueprints/MainMenu_BP.MainMenu_BP_C:ExecuteUbergraph_MainMenu_BP
[2019.02.07-15.23.38:044][  0]LogUObjectGlobals: Destroyed PersistentFrame Addr=0x00000000210bbc40, Size=24
[2019.02.07-15.23.38:044][  0]LogUObjectGlobals: Created PersistentFrame Addr=0x00000000210bbc40, Size=24, Default__MainMenu_C Function /Engine/Transient.REINST_MainMenu_C_2:ExecuteUbergraph_MainMenu
[2019.02.07-15.23.38:046][  0]LogUObjectGlobals: Created PersistentFrame Addr=0x00000000210baec0, Size=24, Default__MainMenu_C Function /Game/Game/Maps/MainMenu.MainMenu_C:ExecuteUbergraph_MainMenu
[2019.02.07-15.23.38:101][  0]LogAIModule: Creating AISystem for world MainMenu
[2019.02.07-15.23.38:143][  0]LogLoad: Game class is 'ROXGameMode_C'
[2019.02.07-15.23.38:144][  0]LogWorld: Bringing World /Game/Game/Maps/MainMenu.MainMenu up for play (max tick rate 0) at 2019.02.07-15.23.38
[2019.02.07-15.23.38:145][  0]LogWorld: Bringing up level for play took: 0.001484
[2019.02.07-15.23.38:145][  0]LogGameMode: FindPlayerStart: PATHS NOT DEFINED or NO PLAYERSTART with positive rating
[2019.02.07-15.23.38:189][  0]LogGameMode: Display: Match State Changed from EnteringMap to WaitingToStart
[2019.02.07-15.23.38:189][  0]LogGameState: Match State Changed from EnteringMap to WaitingToStart
[2019.02.07-15.23.38:189][  0]LogGameMode: Display: Match State Changed from WaitingToStart to InProgress
[2019.02.07-15.23.38:191][  0]LogGameState: Match State Changed from WaitingToStart to InProgress
[2019.02.07-15.23.38:191][  0]LogLoad: Took 0.563192 seconds to LoadMap(/Game/Game/Maps/MainMenu)
[2019.02.07-15.23.38:272][  0]LogRenderer: Reallocating scene render targets to support 1280x720 Format 10 NumSamples 1 (Frame:1).
[2019.02.07-15.23.38:272][  0]LogLoad: (Engine Initialization) Total time: 14.78 seconds
[2019.02.07-15.23.38:272][  0]LogLoad: (Engine Initialization) Total Blueprint compile time: 0.00 seconds
[2019.02.07-15.23.38:295][  0]LogContentStreaming: Texture pool size now 1000 MB
[2019.02.07-15.23.38:314][  1]PIE: Warning: Mobility of /Game/Game/Maps/MainMenu.MainMenu:PersistentLevel.Player_BP_2 : CollisionCylinder has to be 'Movable' if you'd like to move it with CharacterMovementComponent. 
[2019.02.07-15.23.41:094][  6]LogShaderCompilers: Display: Shaders left to compile 2195
[2019.02.07-15.23.41:094][  6]LogShaderCompilers: Display: Shaders left to compile 2185
[2019.02.07-15.23.41:094][  6]LogShaderCompilers: Display: Shaders left to compile 2175
[2019.02.07-15.23.41:094][  6]LogShaderCompilers: Display: Shaders left to compile 2165
[2019.02.07-15.23.41:094][  6]LogShaderCompilers: Display: Shaders left to compile 2155
[2019.02.07-15.23.41:986][  7]LogShaderCompilers: Display: Shaders left to compile 2145
[2019.02.07-15.23.42:112][  9]LogShaderCompilers: Display: Shaders left to compile 2135
[2019.02.07-15.23.42:112][  9]LogShaderCompilers: Display: Shaders left to compile 2125
[2019.02.07-15.23.43:116][ 12]LogShaderCompilers: Display: Shaders left to compile 2115
[2019.02.07-15.23.43:144][ 12]LogSlate: Window 'RiseOfXeru (64-bit, PCD3D_ES2) ' being destroyed
[2019.02.07-15.23.43:146][ 12]LogEngine: All Windows Closed
[2019.02.07-15.23.43:146][ 12]LogWindows: FPlatformMisc::RequestExit(0)
[2019.02.07-15.23.43:446][ 13]LogShaderCompilers: Display: Shaders left to compile 2105
[2019.02.07-15.23.44:077][ 13]LogShaderCompilers: Display: Shaders left to compile 2095
[2019.02.07-15.23.44:078][ 13]LogSlate: Slate User Destroyed.  User Index 0, Is Virtual User: 0
[2019.02.07-15.23.44:078][ 13]LogExit: Preparing to exit.
[2019.02.07-15.23.44:078][ 13]LogMoviePlayer: Shutting down movie player
[2019.02.07-15.23.45:069][ 13]LogShaderCompilers: Display: Shaders left to compile 2085
[2019.02.07-15.23.45:069][ 13]LogShaderCompilers: Display: Shaders left to compile 2075
[2019.02.07-15.23.45:327][ 13]LogUObjectGlobals: Destroyed PersistentFrame Addr=0x00000000210bbc40, Size=24
[2019.02.07-15.23.45:327][ 13]LogExit: Game engine shut down
[2019.02.07-15.23.45:357][ 13]LogUObjectGlobals: Destroyed PersistentFrame Addr=0x000000004477d3d0, Size=4
[2019.02.07-15.23.45:358][ 13]LogUObjectGlobals: Destroyed PersistentFrame Addr=0x000000004477d570, Size=4
[2019.02.07-15.23.45:358][ 13]LogUObjectGlobals: Destroyed PersistentFrame Addr=0x00000000210baec0, Size=24
[2019.02.07-15.23.45:438][ 13]LogShaderCompilers: Display: Shaders left to compile 2065
[2019.02.07-15.23.45:438][ 13]LogExit: Object subsystem successfully closed.
[2019.02.07-15.23.45:450][ 13]LogShaderCompilers: Display: Shaders left to compile 0
[2019.02.07-15.23.45:451][ 13]LogD3D11RHI: Shutdown
[2019.02.07-15.23.45:451][ 13]LogD3D11RHI: CleanupD3DDevice
[2019.02.07-15.23.45:506][ 13]LogD3D11RHI: ~FD3D11DynamicRHI
[2019.02.07-15.23.45:514][ 13]LogModuleManager: Shutting down and abandoning module SequenceRecorderSections (332)
[2019.02.07-15.23.45:514][ 13]LogModuleManager: Shutting down and abandoning module SequenceRecorder (330)
[2019.02.07-15.23.45:514][ 13]LogModuleManager: Shutting down and abandoning module AutomationController (328)
[2019.02.07-15.23.45:514][ 13]LogModuleManager: Shutting down and abandoning module AutomationWorker (326)
[2019.02.07-15.23.45:514][ 13]LogModuleManager: Shutting down and abandoning module AIModule (324)
[2019.02.07-15.23.45:514][ 13]LogModuleManager: Shutting down and abandoning module GameplayDebugger (323)
[2019.02.07-15.23.45:514][ 13]LogModuleManager: Shutting down and abandoning module AITestSuite (321)
[2019.02.07-15.23.45:514][ 13]LogModuleManager: Shutting down and abandoning module WmfMediaFactory (318)
[2019.02.07-15.23.45:514][ 13]LogModuleManager: Shutting down and abandoning module OpenExrWrapper (316)
[2019.02.07-15.23.45:514][ 13]LogModuleManager: Shutting down and abandoning module ImgMediaFactory (314)
[2019.02.07-15.23.45:514][ 13]LogModuleManager: Shutting down and abandoning module AvfMediaFactory (312)
[2019.02.07-15.23.45:514][ 13]LogModuleManager: Shutting down and abandoning module CharacterAI (310)
[2019.02.07-15.23.45:514][ 13]LogModuleManager: Shutting down and abandoning module SessionServices (308)
[2019.02.07-15.23.45:514][ 13]LogModuleManager: Shutting down and abandoning module MovieSceneCapture (306)
[2019.02.07-15.23.45:514][ 13]LogModuleManager: Shutting down and abandoning module MovieSceneTracks (304)
[2019.02.07-15.23.45:514][ 13]LogModuleManager: Shutting down and abandoning module MovieScene (302)
[2019.02.07-15.23.45:514][ 13]LogModuleManager: Shutting down and abandoning module GeometryCache (300)
[2019.02.07-15.23.45:514][ 13]LogModuleManager: Shutting down and abandoning module GeometryCacheEd (299)
[2019.02.07-15.23.45:514][ 13]LogModuleManager: Shutting down and abandoning module StreamingPauseRendering (296)
[2019.02.07-15.23.45:514][ 13]LogModuleManager: Shutting down and abandoning module PortalServices (294)
[2019.02.07-15.23.45:514][ 13]LogModuleManager: Shutting down and abandoning module PortalRpc (292)
[2019.02.07-15.23.45:514][ 13]LogModuleManager: Shutting down and abandoning module MessagingRpc (290)
[2019.02.07-15.23.45:514][ 13]LogModuleManager: Shutting down and abandoning module ProfilerService (288)
[2019.02.07-15.23.45:558][ 13]LogModuleManager: Shutting down and abandoning module TaskGraph (286)
[2019.02.07-15.23.45:558][ 13]LogModuleManager: Shutting down and abandoning module SteamVRController (284)
[2019.02.07-15.23.45:558][ 13]LogModuleManager: Shutting down and abandoning module ProceduralMeshComponent (282)
[2019.02.07-15.23.45:558][ 13]LogModuleManager: Shutting down and abandoning module OculusInput (280)
[2019.02.07-15.23.45:558][ 13]LogModuleManager: Shutting down and abandoning module MobilePatchingUtils (278)
[2019.02.07-15.23.45:558][ 13]LogModuleManager: Shutting down and abandoning module CustomMeshComponent (276)
[2019.02.07-15.23.45:558][ 13]LogModuleManager: Shutting down and abandoning module CableComponent (274)
[2019.02.07-15.23.45:558][ 13]LogModuleManager: Shutting down and abandoning module AudioCapture (272)
[2019.02.07-15.23.45:558][ 13]LogModuleManager: Shutting down and abandoning module ArchVisCharacter (270)
[2019.02.07-15.23.45:558][ 13]LogModuleManager: Shutting down and abandoning module AndroidPermission (268)
[2019.02.07-15.23.45:558][ 13]LogModuleManager: Shutting down and abandoning module NUTUnrealEngine4 (264)
[2019.02.07-15.23.45:558][ 13]LogModuleManager: Shutting down and abandoning module NetcodeUnitTest (262)
[2019.02.07-15.23.45:558][ 13]LogModuleManager: Shutting down and abandoning module MediaCompositing (260)
[2019.02.07-15.23.45:558][ 13]LogModuleManager: Shutting down and abandoning module LinearTimecode (258)
[2019.02.07-15.23.45:558][ 13]LogModuleManager: Shutting down and abandoning module ImgMedia (256)
[2019.02.07-15.23.45:560][ 13]LogModuleManager: Shutting down and abandoning module HTML5Networking (254)
[2019.02.07-15.23.45:560][ 13]LogModuleManager: Shutting down and abandoning module DatasmithContent (252)
[2019.02.07-15.23.45:560][ 13]LogModuleManager: Shutting down and abandoning module CryptoKeysOpenSSL (250)
[2019.02.07-15.23.45:560][ 13]LogModuleManager: Shutting down and abandoning module CryptoKeys (248)
[2019.02.07-15.23.45:560][ 13]LogModuleManager: Shutting down and abandoning module VisualStudioSourceCodeAccess (246)
[2019.02.07-15.23.45:560][ 13]LogModuleManager: Shutting down and abandoning module HotReload (245)
[2019.02.07-15.23.45:560][ 13]LogModuleManager: Shutting down and abandoning module DirectoryWatcher (244)
[2019.02.07-15.23.45:560][ 13]LogModuleManager: Shutting down and abandoning module VisualStudioCodeSourceCodeAccess (240)
[2019.02.07-15.23.45:560][ 13]LogModuleManager: Shutting down and abandoning module UObjectPlugin (238)
[2019.02.07-15.23.45:560][ 13]LogModuleManager: Shutting down and abandoning module SubversionSourceControl (236)
[2019.02.07-15.23.45:560][ 13]LogModuleManager: Shutting down and abandoning module PerforceSourceControl (234)
[2019.02.07-15.23.45:560][ 13]LogModuleManager: Shutting down and abandoning module SourceControl (233)
[2019.02.07-15.23.45:560][ 13]LogModuleManager: Shutting down and abandoning module CLionSourceCodeAccess (230)
[2019.02.07-15.23.45:560][ 13]LogModuleManager: Shutting down and abandoning module RuntimePhysXCooking (228)
[2019.02.07-15.23.45:560][ 13]LogModuleManager: Shutting down and abandoning module PhysXVehiclesEditor (226)
[2019.02.07-15.23.45:560][ 13]LogModuleManager: Shutting down and abandoning module PhysXVehicles (224)
[2019.02.07-15.23.45:560][ 13]LogModuleManager: Shutting down and abandoning module LocationServicesBPLibrary (222)
[2019.02.07-15.23.45:560][ 13]LogModuleManager: Shutting down and abandoning module ImmediatePhysicsEditor (220)
[2019.02.07-15.23.45:560][ 13]LogModuleManager: Shutting down and abandoning module ImmediatePhysics (218)
[2019.02.07-15.23.45:560][ 13]LogModuleManager: Shutting down and abandoning module ActorSequence (216)
[2019.02.07-15.23.45:560][ 13]LogModuleManager: Shutting down and abandoning module UdpMessaging (214)
[2019.02.07-15.23.45:660][ 13]LogModuleManager: Shutting down and abandoning module TcpMessaging (212)
[2019.02.07-15.23.46:046][ 13]LogModuleManager: Shutting down and abandoning module GameplayTagsEditor (210)
[2019.02.07-15.23.46:046][ 13]LogModuleManager: Shutting down and abandoning module FacialAnimation (208)
[2019.02.07-15.23.46:046][ 13]LogModuleManager: Shutting down and abandoning module DataValidation (206)
[2019.02.07-15.23.46:046][ 13]LogModuleManager: Shutting down and abandoning module AssetManagerEditor (204)
[2019.02.07-15.23.46:046][ 13]LogModuleManager: Shutting down and abandoning module TreeMap (203)
[2019.02.07-15.23.46:046][ 13]LogModuleManager: Shutting down and abandoning module LightPropagationVolumeRuntime (200)
[2019.02.07-15.23.46:046][ 13]LogModuleManager: Shutting down and abandoning module LiveLink (198)
[2019.02.07-15.23.46:976][ 13]LogModuleManager: Shutting down and abandoning module Paper2D (196)
[2019.02.07-15.23.46:976][ 13]LogModuleManager: Shutting down and abandoning module PIEPreviewDeviceProfileSelector (194)
[2019.02.07-15.23.46:976][ 13]LogModuleManager: Shutting down and abandoning module WindowsMoviePlayer (192)
[2019.02.07-15.23.46:976][ 13]LogModuleManager: Shutting down and abandoning module WmfMedia (190)
[2019.02.07-15.23.46:977][ 13]LogModuleManager: Shutting down and abandoning module Media (189)
[2019.02.07-15.23.46:982][ 13]LogModuleManager: Shutting down and abandoning module PacketHandler (186)
[2019.02.07-15.23.46:982][ 13]LogModuleManager: Shutting down and abandoning module ClothingSystemEditor (184)
[2019.02.07-15.23.46:982][ 13]LogModuleManager: Shutting down and abandoning module ClothingSystemRuntime (182)
[2019.02.07-15.23.46:982][ 13]LogModuleManager: Shutting down and abandoning module MediaAssets (180)
[2019.02.07-15.23.46:982][ 13]LogModuleManager: Shutting down and abandoning module Overlay (178)
[2019.02.07-15.23.46:982][ 13]LogModuleManager: Shutting down and abandoning module OverlayEditor (177)
[2019.02.07-15.23.46:982][ 13]LogModuleManager: Shutting down and abandoning module VREditor (174)
[2019.02.07-15.23.46:982][ 13]LogModuleManager: Shutting down and abandoning module StringTableEditor (172)
[2019.02.07-15.23.46:982][ 13]LogModuleManager: Shutting down and abandoning module GameplayTasksEditor (170)
[2019.02.07-15.23.46:982][ 13]LogModuleManager: Shutting down and abandoning module BehaviorTreeEditor (168)
[2019.02.07-15.23.46:982][ 13]LogModuleManager: Shutting down and abandoning module FunctionalTesting (166)
[2019.02.07-15.23.46:982][ 13]LogModuleManager: Shutting down and abandoning module CollisionAnalyzer (164)
[2019.02.07-15.23.46:982][ 13]LogModuleManager: Shutting down and abandoning module WorkspaceMenuStructure (163)
[2019.02.07-15.23.46:983][ 13]LogModuleManager: Shutting down and abandoning module UMG (160)
[2019.02.07-15.23.46:983][ 13]LogModuleManager: Shutting down and abandoning module UMGEditor (159)
[2019.02.07-15.23.46:983][ 13]LogModuleManager: Shutting down and abandoning module Sequencer (158)
[2019.02.07-15.23.46:983][ 13]LogModuleManager: Shutting down and abandoning module MessageLog (155)
[2019.02.07-15.23.46:983][ 13]LogModuleManager: Shutting down and abandoning module SlateReflector (150)
[2019.02.07-15.23.46:983][ 13]LogModuleManager: Shutting down and abandoning module Slate (148)
[2019.02.07-15.23.46:983][ 13]LogModuleManager: Shutting down and abandoning module EditorStyle (146)
[2019.02.07-15.23.46:985][ 13]LogModuleManager: Shutting down and abandoning module MRMesh (144)
[2019.02.07-15.23.46:985][ 13]LogModuleManager: Shutting down and abandoning module Messaging (142)
[2019.02.07-15.23.46:985][ 13]LogModuleManager: Shutting down and abandoning module SourceCodeAccess (140)
[2019.02.07-15.23.46:985][ 13]LogModuleManager: Shutting down and abandoning module HeadMountedDisplay (138)
[2019.02.07-15.23.46:985][ 13]LogModuleManager: Shutting down and abandoning module XAudio2 (136)
[2019.02.07-15.23.46:985][ 13]LogModuleManager: Shutting down and abandoning module Networking (134)
[2019.02.07-15.23.46:985][ 13]LogModuleManager: Shutting down and abandoning module Core (132)
[2019.02.07-15.23.46:985][ 13]LogModuleManager: Shutting down and abandoning module LevelSequence (130)
[2019.02.07-15.23.46:985][ 13]LogModuleManager: Shutting down and abandoning module KismetCompiler (128)
[2019.02.07-15.23.46:985][ 13]LogModuleManager: Shutting down and abandoning module MeshUtilities (126)
[2019.02.07-15.23.46:985][ 13]LogModuleManager: Shutting down and abandoning module MeshMergeUtilities (125)
[2019.02.07-15.23.46:985][ 13]LogModuleManager: Shutting down and abandoning module MeshReductionInterface (124)
[2019.02.07-15.23.46:986][ 13]LogModuleManager: Shutting down and abandoning module SimplygonSwarm (123)
[2019.02.07-15.23.46:986][ 13]LogModuleManager: Shutting down and abandoning module SimplygonMeshReduction (121)
[2019.02.07-15.23.46:986][ 13]LogModuleManager: Shutting down and abandoning module QuadricMeshReduction (119)
[2019.02.07-15.23.46:986][ 13]LogModuleManager: Shutting down and abandoning module MaterialBaking (115)
[2019.02.07-15.23.46:986][ 13]LogModuleManager: Shutting down and abandoning module DerivedDataCache (110)
[2019.02.07-15.23.47:104][ 13]LogDerivedDataCache: Shutdown
[2019.02.07-15.23.47:104][ 13]LogModuleManager: Shutting down and abandoning module XGEController (108)
[2019.02.07-15.23.47:104][ 13]LogModuleManager: Shutting down and abandoning module TargetPlatform (106)
[2019.02.07-15.23.47:104][ 13]LogModuleManager: Shutting down and abandoning module VulkanShaderFormat (105)
[2019.02.07-15.23.47:104][ 13]LogModuleManager: Shutting down and abandoning module ShaderFormatVectorVM (103)
[2019.02.07-15.23.47:104][ 13]LogModuleManager: Shutting down and abandoning module ShaderFormatOpenGL (101)
[2019.02.07-15.23.47:104][ 13]LogModuleManager: Shutting down and abandoning module ShaderFormatD3D (99)
[2019.02.07-15.23.47:104][ 13]LogModuleManager: Shutting down and abandoning module MetalShaderFormat (97)
[2019.02.07-15.23.47:104][ 13]LogModuleManager: Shutting down and abandoning module TextureFormatUncompressed (95)
[2019.02.07-15.23.47:105][ 13]LogModuleManager: Shutting down and abandoning module TextureFormatPVR (93)
[2019.02.07-15.23.47:105][ 13]LogModuleManager: Shutting down and abandoning module TextureFormatDXT (91)
[2019.02.07-15.23.47:105][ 13]LogModuleManager: Shutting down and abandoning module TextureFormatIntelISPCTexComp (89)
[2019.02.07-15.23.47:105][ 13]LogModuleManager: Shutting down and abandoning module TextureFormatASTC (87)
[2019.02.07-15.23.47:105][ 13]LogModuleManager: Shutting down and abandoning module ImageWrapper (86)
[2019.02.07-15.23.47:105][ 13]LogModuleManager: Shutting down and abandoning module TextureFormatAndroid (83)
[2019.02.07-15.23.47:105][ 13]LogModuleManager: Shutting down and abandoning module AudioFormatOpus (81)
[2019.02.07-15.23.47:105][ 13]LogModuleManager: Shutting down and abandoning module AudioFormatOgg (79)
[2019.02.07-15.23.47:105][ 13]LogModuleManager: Shutting down and abandoning module AudioFormatADPCM (77)
[2019.02.07-15.23.47:105][ 13]LogModuleManager: Shutting down and abandoning module WindowsTargetPlatform (75)
[2019.02.07-15.23.47:105][ 13]LogModuleManager: Shutting down and abandoning module WindowsServerTargetPlatform (73)
[2019.02.07-15.23.47:105][ 13]LogModuleManager: Shutting down and abandoning module WindowsNoEditorTargetPlatform (71)
[2019.02.07-15.23.47:105][ 13]LogModuleManager: Shutting down and abandoning module WindowsClientTargetPlatform (69)
[2019.02.07-15.23.47:105][ 13]LogModuleManager: Shutting down and abandoning module InputCore (66)
[2019.02.07-15.23.47:105][ 13]LogModuleManager: Shutting down and abandoning module Settings (64)
[2019.02.07-15.23.47:105][ 13]LogModuleManager: Shutting down and abandoning module PhysXCooking (62)
[2019.02.07-15.23.47:105][ 13]LogModuleManager: Shutting down and abandoning module SteamVR (60)
[2019.02.07-15.23.47:105][ 13]LogModuleManager: Shutting down and abandoning module OculusHMD (58)
[2019.02.07-15.23.47:105][ 13]LogModuleManager: Shutting down and abandoning module ExampleDeviceProfileSelector (56)
[2019.02.07-15.23.47:105][ 13]LogModuleManager: Shutting down and abandoning module AppleARKit (54)
[2019.02.07-15.23.47:105][ 13]LogModuleManager: Shutting down and abandoning module AugmentedReality (51)
[2019.02.07-15.23.47:105][ 13]LogModuleManager: Shutting down and abandoning module OnlineBlueprintSupport (48)
[2019.02.07-15.23.47:105][ 13]LogModuleManager: Shutting down and abandoning module OnlineSubsystem (44)
[2019.02.07-15.23.47:105][ 13]LogModuleManager: Shutting down and abandoning module XMPP (43)
[2019.02.07-15.23.47:105][ 13]LogModuleManager: Shutting down and abandoning module HTTP (41)
[2019.02.07-15.23.47:124][ 13]LogModuleManager: Shutting down and abandoning module SSL (40)
[2019.02.07-15.23.47:125][ 13]LogModuleManager: Shutting down and abandoning module AnimationModifiers (36)
[2019.02.07-15.23.47:125][ 13]LogModuleManager: Shutting down and abandoning module PropertyEditor (35)
[2019.02.07-15.23.47:125][ 13]LogModuleManager: Shutting down and abandoning module AudioEditor (32)
[2019.02.07-15.23.47:125][ 13]LogModuleManager: Shutting down and abandoning module TextureCompressor (30)
[2019.02.07-15.23.47:126][ 13]LogModuleManager: Shutting down and abandoning module ShaderCore (28)
[2019.02.07-15.23.47:126][ 13]LogModuleManager: Shutting down and abandoning module Landscape (26)
[2019.02.07-15.23.47:126][ 13]LogModuleManager: Shutting down and abandoning module SlateRHIRenderer (24)
[2019.02.07-15.23.47:126][ 13]LogModuleManager: Shutting down and abandoning module OpenGLDrv (22)
[2019.02.07-15.23.47:126][ 13]LogModuleManager: Shutting down and abandoning module D3D11RHI (20)
[2019.02.07-15.23.47:126][ 13]LogModuleManager: Shutting down and abandoning module AnimGraphRuntime (18)
[2019.02.07-15.23.47:126][ 13]LogModuleManager: Shutting down and abandoning module Renderer (16)
[2019.02.07-15.23.47:126][ 13]LogModuleManager: Shutting down and abandoning module Engine (14)
[2019.02.07-15.23.47:126][ 13]LogModuleManager: Shutting down and abandoning module CoreUObject (12)
[2019.02.07-15.23.47:126][ 13]LogModuleManager: Shutting down and abandoning module NetworkFile (10)
[2019.02.07-15.23.47:126][ 13]LogModuleManager: Shutting down and abandoning module CookedIterativeFile (8)
[2019.02.07-15.23.47:126][ 13]LogModuleManager: Shutting down and abandoning module StreamingFile (6)
[2019.02.07-15.23.47:126][ 13]LogModuleManager: Shutting down and abandoning module SandboxFile (4)
[2019.02.07-15.23.47:126][ 13]LogModuleManager: Shutting down and abandoning module PakFile (2)
[2019.02.07-15.23.47:129][ 13]LogExit: Exiting.
[2019.02.07-15.23.47:130][ 13]Log file closed, 02/07/19 15:23:47
