Log file open, 02/07/19 15:21:13
LogWindows: Failed to load 'aqProf.dll' (GetLastError=126)
LogWindows: File 'aqProf.dll' does not exist
LogWindows: Failed to load 'VtuneApi.dll' (GetLastError=126)
LogWindows: File 'VtuneApi.dll' does not exist
LogWindows: Failed to load 'VtuneApi32e.dll' (GetLastError=126)
LogWindows: File 'VtuneApi32e.dll' does not exist
LogInit: Display: Running engine for game: RiseOfXeru
LogPlatformFile: Not using cached read wrapper
LogInit: Display: RandInit(448532906) SRandInit(448532906).
LogInit: Read version file with build ID '3944462'
LogInit: Overriding engine version to CL 4033788, compatible CL 3944462
LogInit: Registered custom module enumerator with build ID '3944462'
LogTaskGraph: Started task graph with 5 named threads and 14 total threads with 3 sets of task threads.
LogStats: Stats thread started at 0.167725
LogD3D11RHI: Aftermath initialized
LogICUInternationalization: Display: ICU TimeZone Detection - Raw Offset: +0:00, Platform Override: ''
LogModuleManager: Display: Found up-to-date module file ../../../Engine/Plugins/2D/Paper2D/Binaries/Win64/UE4Editor-Paper2D.dll (API version 3944462).
LogModuleManager: Display: Found up-to-date module file ../../../Engine/Plugins/2D/Paper2D/Binaries/Win64/UE4Editor-Paper2DEditor.dll (API version 3944462).
LogModuleManager: Display: Found up-to-date module file ../../../Engine/Plugins/2D/Paper2D/Binaries/Win64/UE4Editor-PaperSpriteSheetImporter.dll (API version 3944462).
LogModuleManager: Display: Found up-to-date module file ../../../Engine/Plugins/2D/Paper2D/Binaries/Win64/UE4Editor-PaperTiledImporter.dll (API version 3944462).
LogModuleManager: Display: Found up-to-date module file ../../../Engine/Plugins/2D/Paper2D/Binaries/Win64/UE4Editor-SmartSnapping.dll (API version 3944462).
LogModuleManager: Display: Found up-to-date module file ../../../Engine/Plugins/Blendables/LightPropagationVolume/Binaries/Win64/UE4Editor-LightPropagationVolumeRuntime.dll (API version 3944462).
LogModuleManager: Display: Found up-to-date module file ../../../Engine/Plugins/Blendables/LightPropagationVolume/Binaries/Win64/UE4Editor-LightPropagationVolumeEditor.dll (API version 3944462).
LogModuleManager: Display: Found up-to-date module file ../../../Engine/Plugins/Developer/CLionSourceCodeAccess/Binaries/Win64/UE4Editor-CLionSourceCodeAccess.dll (API version 3944462).
LogModuleManager: Display: Found up-to-date module file ../../../Engine/Plugins/Developer/GitSourceControl/Binaries/Win64/UE4Editor-GitSourceControl.dll (API version 3944462).
LogModuleManager: Display: Found up-to-date module file ../../../Engine/Plugins/Developer/PerforceSourceControl/Binaries/Win64/UE4Editor-PerforceSourceControl.dll (API version 3944462).
LogModuleManager: Display: Found up-to-date module file ../../../Engine/Plugins/Developer/SubversionSourceControl/Binaries/Win64/UE4Editor-SubversionSourceControl.dll (API version 3944462).
LogModuleManager: Display: Found up-to-date module file ../../../Engine/Plugins/Developer/UObjectPlugin/Binaries/Win64/UE4Editor-UObjectPlugin.dll (API version 3944462).
LogModuleManager: Display: Found up-to-date module file ../../../Engine/Plugins/Developer/VisualStudioCodeSourceCodeAccess/Binaries/Win64/UE4Editor-VisualStudioCodeSourceCodeAccess.dll (API version 3944462).
LogModuleManager: Display: Found up-to-date module file ../../../Engine/Plugins/Developer/VisualStudioSourceCodeAccess/Binaries/Win64/UE4Editor-VisualStudioSourceCodeAccess.dll (API version 3944462).
LogModuleManager: Display: Found up-to-date module file ../../../Engine/Plugins/Editor/AssetManagerEditor/Binaries/Win64/UE4Editor-AssetManagerEditor.dll (API version 3944462).
LogModuleManager: Display: Found up-to-date module file ../../../Engine/Plugins/Editor/CryptoKeys/Binaries/Win64/UE4Editor-CryptoKeys.dll (API version 3944462).
LogModuleManager: Display: Found up-to-date module file ../../../Engine/Plugins/Editor/CryptoKeys/Binaries/Win64/UE4Editor-CryptoKeysOpenSSL.dll (API version 3944462).
LogModuleManager: Display: Found up-to-date module file ../../../Engine/Plugins/Editor/DataValidation/Binaries/Win64/UE4Editor-DataValidation.dll (API version 3944462).
LogModuleManager: Display: Found up-to-date module file ../../../Engine/Plugins/Editor/FacialAnimation/Binaries/Win64/UE4Editor-FacialAnimation.dll (API version 3944462).
LogModuleManager: Display: Found up-to-date module file ../../../Engine/Plugins/Editor/FacialAnimation/Binaries/Win64/UE4Editor-FacialAnimationEditor.dll (API version 3944462).
LogModuleManager: Display: Found up-to-date module file ../../../Engine/Plugins/Editor/GameplayTagsEditor/Binaries/Win64/UE4Editor-GameplayTagsEditor.dll (API version 3944462).
LogModuleManager: Display: Found up-to-date module file ../../../Engine/Plugins/Editor/MobileLauncherProfileWizard/Binaries/Win64/UE4Editor-MobileLauncherProfileWizard.dll (API version 3944462).
LogModuleManager: Display: Found up-to-date module file ../../../Engine/Plugins/Editor/PluginBrowser/Binaries/Win64/UE4Editor-PluginBrowser.dll (API version 3944462).
LogModuleManager: Display: Found up-to-date module file ../../../Engine/Plugins/Editor/SpeedTreeImporter/Binaries/Win64/UE4Editor-SpeedTreeImporter.dll (API version 3944462).
LogModuleManager: Display: Found up-to-date module file ../../../Engine/Plugins/Enterprise/DatasmithContent/Binaries/Win64/UE4Editor-DatasmithContent.dll (API version 3944462).
LogModuleManager: Display: Found up-to-date module file ../../../Engine/Plugins/Experimental/AlembicImporter/Binaries/Win64/UE4Editor-AlembicImporter.dll (API version 3944462).
LogModuleManager: Display: Found up-to-date module file ../../../Engine/Plugins/Experimental/AlembicImporter/Binaries/Win64/UE4Editor-AlembicLibrary.dll (API version 3944462).
LogModuleManager: Display: Found up-to-date module file ../../../Engine/Plugins/Experimental/CharacterAI/Binaries/Win64/UE4Editor-CharacterAI.dll (API version 3944462).
LogModuleManager: Display: Found up-to-date module file ../../../Engine/Plugins/Experimental/HTML5Networking/Binaries/Win64/UE4Editor-HTML5Networking.dll (API version 3944462).
LogModuleManager: Display: Found up-to-date module file ../../../Engine/Plugins/Media/AndroidMedia/Binaries/Win64/UE4Editor-AndroidMediaEditor.dll (API version 3944462).
LogModuleManager: Display: Found up-to-date module file ../../../Engine/Plugins/Media/AndroidMedia/Binaries/Win64/UE4Editor-AndroidMediaFactory.dll (API version 3944462).
LogModuleManager: Display: Found up-to-date module file ../../../Engine/Plugins/Media/AvfMedia/Binaries/Win64/UE4Editor-AvfMediaEditor.dll (API version 3944462).
LogModuleManager: Display: Found up-to-date module file ../../../Engine/Plugins/Media/AvfMedia/Binaries/Win64/UE4Editor-AvfMediaFactory.dll (API version 3944462).
LogModuleManager: Display: Found up-to-date module file ../../../Engine/Plugins/Media/AvfMedia/Binaries/Win64/UE4Editor-AvfMediaFactory.dll (API version 3944462).
LogModuleManager: Display: Found up-to-date module file ../../../Engine/Plugins/Media/ImgMedia/Binaries/Win64/UE4Editor-ImgMedia.dll (API version 3944462).
LogModuleManager: Display: Found up-to-date module file ../../../Engine/Plugins/Media/ImgMedia/Binaries/Win64/UE4Editor-ImgMediaEditor.dll (API version 3944462).
LogModuleManager: Display: Found up-to-date module file ../../../Engine/Plugins/Media/ImgMedia/Binaries/Win64/UE4Editor-ImgMediaFactory.dll (API version 3944462).
LogModuleManager: Display: Found up-to-date module file ../../../Engine/Plugins/Media/ImgMedia/Binaries/Win64/UE4Editor-ImgMediaFactory.dll (API version 3944462).
LogModuleManager: Display: Found up-to-date module file ../../../Engine/Plugins/Media/ImgMedia/Binaries/Win64/UE4Editor-OpenExrWrapper.dll (API version 3944462).
LogModuleManager: Display: Found up-to-date module file ../../../Engine/Plugins/Media/LinearTimecode/Binaries/Win64/UE4Editor-LinearTimecode.dll (API version 3944462).
LogModuleManager: Display: Found up-to-date module file ../../../Engine/Plugins/Media/MediaCompositing/Binaries/Win64/UE4Editor-MediaCompositing.dll (API version 3944462).
LogModuleManager: Display: Found up-to-date module file ../../../Engine/Plugins/Media/MediaCompositing/Binaries/Win64/UE4Editor-MediaCompositingEditor.dll (API version 3944462).
LogModuleManager: Display: Found up-to-date module file ../../../Engine/Plugins/Media/MediaPlayerEditor/Binaries/Win64/UE4Editor-MediaPlayerEditor.dll (API version 3944462).
LogModuleManager: Display: Found up-to-date module file ../../../Engine/Plugins/Media/WmfMedia/Binaries/Win64/UE4Editor-WmfMedia.dll (API version 3944462).
LogModuleManager: Display: Found up-to-date module file ../../../Engine/Plugins/Media/WmfMedia/Binaries/Win64/UE4Editor-WmfMediaEditor.dll (API version 3944462).
LogModuleManager: Display: Found up-to-date module file ../../../Engine/Plugins/Media/WmfMedia/Binaries/Win64/UE4Editor-WmfMediaFactory.dll (API version 3944462).
LogModuleManager: Display: Found up-to-date module file ../../../Engine/Plugins/Media/WmfMedia/Binaries/Win64/UE4Editor-WmfMediaFactory.dll (API version 3944462).
LogModuleManager: Display: Found up-to-date module file ../../../Engine/Plugins/Messaging/TcpMessaging/Binaries/Win64/UE4Editor-TcpMessaging.dll (API version 3944462).
LogModuleManager: Display: Found up-to-date module file ../../../Engine/Plugins/Messaging/UdpMessaging/Binaries/Win64/UE4Editor-UdpMessaging.dll (API version 3944462).
LogModuleManager: Display: Found up-to-date module file ../../../Engine/Plugins/MovieScene/ActorSequence/Binaries/Win64/UE4Editor-ActorSequence.dll (API version 3944462).
LogModuleManager: Display: Found up-to-date module file ../../../Engine/Plugins/MovieScene/LevelSequenceEditor/Binaries/Win64/UE4Editor-LevelSequenceEditor.dll (API version 3944462).
LogModuleManager: Display: Found up-to-date module file ../../../Engine/Plugins/MovieScene/MatineeToLevelSequence/Binaries/Win64/UE4Editor-MatineeToLevelSequence.dll (API version 3944462).
LogModuleManager: Display: Found up-to-date module file ../../../Engine/Plugins/NetcodeUnitTest/NetcodeUnitTest/Binaries/Win64/UE4Editor-NetcodeUnitTest.dll (API version 3944462).
LogModuleManager: Display: Found up-to-date module file ../../../Engine/Plugins/NetcodeUnitTest/NUTUnrealEngine4/Binaries/Win64/UE4Editor-NUTUnrealEngine4.dll (API version 3944462).
LogModuleManager: Display: Found up-to-date module file ../../../Engine/Plugins/Online/OnlineSubsystem/Binaries/Win64/UE4Editor-OnlineSubsystem.dll (API version 3944462).
LogModuleManager: Display: Found up-to-date module file ../../../Engine/Plugins/Runtime/AndroidPermission/Binaries/Win64/UE4Editor-AndroidPermission.dll (API version 3944462).
LogModuleManager: Display: Found up-to-date module file ../../../Engine/Plugins/Online/OnlineSubsystemNull/Binaries/Win64/UE4Editor-OnlineSubsystemNull.dll (API version 3944462).
LogModuleManager: Display: Found up-to-date module file ../../../Engine/Plugins/Online/OnlineSubsystemUtils/Binaries/Win64/UE4Editor-OnlineSubsystemUtils.dll (API version 3944462).
LogModuleManager: Display: Found up-to-date module file ../../../Engine/Plugins/Online/OnlineSubsystemUtils/Binaries/Win64/UE4Editor-OnlineBlueprintSupport.dll (API version 3944462).
LogModuleManager: Display: Found up-to-date module file ../../../Engine/Plugins/Runtime/AndroidDeviceProfileSelector/Binaries/Win64/UE4Editor-AndroidDeviceProfileSelector.dll (API version 3944462).
LogModuleManager: Display: Found up-to-date module file ../../../Engine/Plugins/Runtime/AppleARKit/Binaries/Win64/UE4Editor-AppleARKit.dll (API version 3944462).
LogModuleManager: Display: Found up-to-date module file ../../../Engine/Plugins/Runtime/ProceduralMeshComponent/Binaries/Win64/UE4Editor-ProceduralMeshComponent.dll (API version 3944462).
LogModuleManager: Display: Found up-to-date module file ../../../Engine/Plugins/Runtime/ProceduralMeshComponent/Binaries/Win64/UE4Editor-ProceduralMeshComponentEditor.dll (API version 3944462).
LogModuleManager: Display: Found up-to-date module file ../../../Engine/Plugins/Animation/LiveLink/Binaries/Win64/UE4Editor-LiveLink.dll (API version 3944462).
LogModuleManager: Display: Found up-to-date module file ../../../Engine/Plugins/Animation/LiveLink/Binaries/Win64/UE4Editor-LiveLinkEditor.dll (API version 3944462).
LogModuleManager: Display: Found up-to-date module file ../../../Engine/Plugins/Runtime/ArchVisCharacter/Binaries/Win64/UE4Editor-ArchVisCharacter.dll (API version 3944462).
LogModuleManager: Display: Found up-to-date module file ../../../Engine/Plugins/Runtime/AudioCapture/Binaries/Win64/UE4Editor-AudioCapture.dll (API version 3944462).
LogModuleManager: Display: Found up-to-date module file ../../../Engine/Plugins/Runtime/AudioCapture/Binaries/Win64/UE4Editor-AudioCaptureEditor.dll (API version 3944462).
LogModuleManager: Display: Found up-to-date module file ../../../Engine/Plugins/Runtime/CableComponent/Binaries/Win64/UE4Editor-CableComponent.dll (API version 3944462).
LogModuleManager: Display: Found up-to-date module file ../../../Engine/Plugins/Runtime/CustomMeshComponent/Binaries/Win64/UE4Editor-CustomMeshComponent.dll (API version 3944462).
LogModuleManager: Display: Found up-to-date module file ../../../Engine/Plugins/Runtime/ExampleDeviceProfileSelector/Binaries/Win64/UE4Editor-ExampleDeviceProfileSelector.dll (API version 3944462).
LogModuleManager: Display: Found up-to-date module file ../../../Engine/Plugins/Runtime/ImmediatePhysics/Binaries/Win64/UE4Editor-ImmediatePhysics.dll (API version 3944462).
LogModuleManager: Display: Found up-to-date module file ../../../Engine/Plugins/Runtime/ImmediatePhysics/Binaries/Win64/UE4Editor-ImmediatePhysicsEditor.dll (API version 3944462).
LogModuleManager: Display: Found up-to-date module file ../../../Engine/Plugins/Runtime/LocationServicesBPLibrary/Binaries/Win64/UE4Editor-LocationServicesBPLibrary.dll (API version 3944462).
LogModuleManager: Display: Found up-to-date module file ../../../Engine/Plugins/Runtime/MobilePatchingUtils/Binaries/Win64/UE4Editor-MobilePatchingUtils.dll (API version 3944462).
LogModuleManager: Display: Found up-to-date module file ../../../Engine/Plugins/Runtime/Oculus/OculusVR/Binaries/Win64/UE4Editor-OculusHMD.dll (API version 3944462).
LogModuleManager: Display: Found up-to-date module file ../../../Engine/Plugins/Runtime/Oculus/OculusVR/Binaries/Win64/UE4Editor-OculusInput.dll (API version 3944462).
LogModuleManager: Display: Found up-to-date module file ../../../Engine/Plugins/Runtime/Oculus/OculusVR/Binaries/Win64/UE4Editor-OculusEditor.dll (API version 3944462).
LogModuleManager: Display: Found up-to-date module file ../../../Engine/Plugins/Runtime/PhysXVehicles/Binaries/Win64/UE4Editor-PhysXVehicles.dll (API version 3944462).
LogModuleManager: Display: Found up-to-date module file ../../../Engine/Plugins/Runtime/PhysXVehicles/Binaries/Win64/UE4Editor-PhysXVehiclesEditor.dll (API version 3944462).
LogModuleManager: Display: Found up-to-date module file ../../../Engine/Plugins/Runtime/RuntimePhysXCooking/Binaries/Win64/UE4Editor-RuntimePhysXCooking.dll (API version 3944462).
LogModuleManager: Display: Found up-to-date module file ../../../Engine/Plugins/Runtime/Steam/SteamVR/Binaries/Win64/UE4Editor-SteamVR.dll (API version 3944462).
LogModuleManager: Display: Found up-to-date module file ../../../Engine/Plugins/Runtime/Steam/SteamVR/Binaries/Win64/UE4Editor-SteamVRController.dll (API version 3944462).
LogModuleManager: Display: Found up-to-date module file ../../../Engine/Plugins/Runtime/WindowsMoviePlayer/Binaries/Win64/UE4Editor-WindowsMoviePlayer.dll (API version 3944462).
LogPluginManager: Mounting plugin Paper2D
LogPluginManager: Mounting plugin LiveLink
LogPluginManager: Mounting plugin LightPropagationVolume
LogPluginManager: Mounting plugin CLionSourceCodeAccess
LogPluginManager: Mounting plugin CodeLiteSourceCodeAccess
LogPluginManager: Mounting plugin GitSourceControl
LogPluginManager: Mounting plugin KDevelopSourceCodeAccess
LogPluginManager: Mounting plugin NullSourceCodeAccess
LogPluginManager: Mounting plugin PerforceSourceControl
LogPluginManager: Mounting plugin SubversionSourceControl
LogPluginManager: Mounting plugin UObjectPlugin
LogPluginManager: Mounting plugin VisualStudioCodeSourceCodeAccess
LogPluginManager: Mounting plugin VisualStudioSourceCodeAccess
LogPluginManager: Mounting plugin XCodeSourceCodeAccess
LogPluginManager: Mounting plugin AssetManagerEditor
LogPluginManager: Mounting plugin CryptoKeys
LogPluginManager: Mounting plugin DataValidation
LogPluginManager: Mounting plugin FacialAnimation
LogPluginManager: Mounting plugin GameplayTagsEditor
LogPluginManager: Mounting plugin MobileLauncherProfileWizard
LogPluginManager: Mounting plugin PluginBrowser
LogPluginManager: Mounting plugin SpeedTreeImporter
LogPluginManager: Mounting plugin DatasmithContent
LogPluginManager: Mounting plugin AlembicImporter
LogPluginManager: Mounting plugin CharacterAI
LogPluginManager: Mounting plugin HTML5Networking
LogPluginManager: Mounting plugin AndroidMedia
LogPluginManager: Mounting plugin AvfMedia
LogPluginManager: Mounting plugin ImgMedia
LogPluginManager: Mounting plugin LinearTimecode
LogPluginManager: Mounting plugin MediaCompositing
LogPluginManager: Mounting plugin MediaPlayerEditor
LogPluginManager: Mounting plugin WmfMedia
LogPluginManager: Mounting plugin TcpMessaging
LogPluginManager: Mounting plugin UdpMessaging
LogPluginManager: Mounting plugin ActorSequence
LogPluginManager: Mounting plugin LevelSequenceEditor
LogPluginManager: Mounting plugin MatineeToLevelSequence
LogPluginManager: Mounting plugin NetcodeUnitTest
LogPluginManager: Mounting plugin NUTUnrealEngine4
LogPluginManager: Mounting plugin OnlineSubsystemGooglePlay
LogPluginManager: Mounting plugin OnlineSubsystemIOS
LogPluginManager: Mounting plugin OnlineSubsystem
LogPluginManager: Mounting plugin OnlineSubsystemNull
LogPluginManager: Mounting plugin OnlineSubsystemUtils
LogPluginManager: Mounting plugin AndroidDeviceProfileSelector
LogPluginManager: Mounting plugin AndroidMoviePlayer
LogPluginManager: Mounting plugin AndroidPermission
LogPluginManager: Mounting plugin AppleARKit
LogPluginManager: Mounting plugin AppleMoviePlayer
LogPluginManager: Mounting plugin ArchVisCharacter
LogPluginManager: Mounting plugin AudioCapture
LogPluginManager: Mounting plugin CableComponent
LogPluginManager: Mounting plugin CustomMeshComponent
LogPluginManager: Mounting plugin ExampleDeviceProfileSelector
LogPluginManager: Mounting plugin GoogleCloudMessaging
LogPluginManager: Mounting plugin ImmediatePhysics
LogPluginManager: Mounting plugin IOSDeviceProfileSelector
LogPluginManager: Mounting plugin LinuxDeviceProfileSelector
LogPluginManager: Mounting plugin LocationServicesBPLibrary
LogPluginManager: Mounting plugin MobilePatchingUtils
LogPluginManager: Mounting plugin OculusVR
LogPluginManager: Plugin shader directory ../../../Engine/Plugins/Runtime/Oculus/OculusVR/Shaders found
LogPluginManager: Mapping shader source directory ../../../Engine/Plugins/Runtime/Oculus/OculusVR/Shaders to virtual directory /Plugin/OculusVR
LogPluginManager: Mounting plugin PhysXVehicles
LogPluginManager: Mounting plugin ProceduralMeshComponent
LogPluginManager: Mounting plugin RuntimePhysXCooking
LogPluginManager: Mounting plugin SteamVR
LogPluginManager: Mounting plugin WindowsMoviePlayer
LogStreaming: Display: Took  0.752s to configure plugins.
LogInit: Using libcurl 7.47.1
LogInit:  - built for x86_64-pc-win32
LogInit:  - supports SSL with OpenSSL/1.0.2g
LogInit:  - supports HTTP deflate (compression) using libz 1.2.8
LogInit:  - other features:
LogInit:      CURL_VERSION_SSL
LogInit:      CURL_VERSION_LIBZ
LogInit:      CURL_VERSION_IPV6
LogInit:      CURL_VERSION_ASYNCHDNS
LogInit:      CURL_VERSION_LARGEFILE
LogInit:      CURL_VERSION_IDN
LogInit:  CurlRequestOptions (configurable via config and command line):
LogInit:  - bVerifyPeer = false  - Libcurl will NOT verify peer certificate
LogInit:  - bUseHttpProxy = false  - Libcurl will NOT use HTTP proxy
LogInit:  - bDontReuseConnections = false  - Libcurl will reuse connections
LogInit:  - CertBundlePath = nullptr  - Libcurl will use whatever was configured at build time.
LogInit:  - MaxHostConnections = 16  - Libcurl will limit the number of connections to a host
LogInit:  - LocalHostAddr = Default
LogInit: WinSock: version 1.1 (2.2), MaxSocks=32767, MaxUdp=65467
LogInit: WinSock: I am SamuelReid-PC (100.88.37.9:0)
LogInit: Build: ++UE4+Release-4.19-CL-4033788
LogInit: Engine Version: 4.19.2-4033788+++UE4+Release-4.19
LogInit: Compatible Engine Version: 4.19.0-3944462+++UE4+Release-4.19
LogInit: Net CL: 3944462
LogDevObjectVersion: Number of dev versions registered: 18
LogDevObjectVersion:   Dev-Blueprints (B0D832E4-1F89-4F0D-ACCF-7EB736FD4AA2): 10
LogDevObjectVersion:   Dev-Build (E1C64328-A22C-4D53-A36C-8E866417BD8C): 0
LogDevObjectVersion:   Dev-Core (375EC13C-06E4-48FB-B500-84F0262A717E): 2
LogDevObjectVersion:   Dev-Editor (E4B068ED-F494-42E9-A231-DA0B2E46BB41): 23
LogDevObjectVersion:   Dev-Framework (CFFC743F-43B0-4480-9391-14DF171D2073): 33
LogDevObjectVersion:   Dev-Mobile (B02B49B5-BB20-44E9-A304-32B752E40360): 2
LogDevObjectVersion:   Dev-Networking (A4E4105C-59A1-49B5-A7C5-40C4547EDFEE): 0
LogDevObjectVersion:   Dev-Online (39C831C9-5AE6-47DC-9A44-9C173E1C8E7C): 0
LogDevObjectVersion:   Dev-Physics (78F01B33-EBEA-4F98-B9B4-84EACCB95AA2): 0
LogDevObjectVersion:   Dev-Platform (6631380F-2D4D-43E0-8009-CF276956A95A): 0
LogDevObjectVersion:   Dev-Rendering (12F88B9F-8875-4AFC-A67C-D90C383ABD29): 25
LogDevObjectVersion:   Dev-Sequencer (7B5AE74C-D270-4C10-A958-57980B212A5A): 6
LogDevObjectVersion:   Dev-VR (D7296918-1DD6-4BDD-9DE2-64A83CC13884): 1
LogDevObjectVersion:   Dev-LoadTimes (C2A15278-BFE7-4AFE-6C17-90FF531DF755): 1
LogDevObjectVersion:   Private-Geometry (6EACA3D4-40EC-4CC1-B786-8BED09428FC5): 2
LogDevObjectVersion:   Dev-AnimPhys (29E575DD-E0A3-4627-9D10-D276232CDCEA): 16
LogDevObjectVersion:   Dev-ReflectionCapture (6B266CEC-1EC7-4B8F-A30B-E4D90942FC07): 1
LogDevObjectVersion:   Dev-Automation (0DF73D61-A23F-47EA-B727-89E90C41499A): 1
LogInit: Compiled (64-bit): Apr 27 2018 02:06:57
LogInit: Compiled with Visual C++: 19.00.24215.01
LogInit: Build Configuration: Development
LogInit: Branch Name: ++UE4+Release-4.19
LogInit: Command Line:  /Game/Game/Maps/MainMenu -game -PIEVIACONSOLE -ResX=1280 -ResY=720  -Multiprocess -messaging -SessionName="Play in Standalone Game" -featureleveles2 -faketouches -windowed 
LogInit: Base Directory: C:/Program Files/Epic Games/UE_4.19/Engine/Binaries/Win64/
LogInit: Installed Engine Build: 1
LogStreaming: Display: Took  0.000s to delete old logs.
LogInit: Presizing for max 8388607 objects, including 0 objects not considered by GC, pre-allocating 0 bytes for permanent pool.
LogInit: Object subsystem initialized
[2019.02.07-15.21.14:330][  0]LogInit: Selected Device Profile: [Windows]
[2019.02.07-15.21.14:330][  0]LogInit: Applying CVar settings loaded from the selected device profile: [Windows]
[2019.02.07-15.21.14:334][  0]LogInit: Computer: SAMUELREID-PC
[2019.02.07-15.21.14:334][  0]LogInit: User: Administrator
[2019.02.07-15.21.14:334][  0]LogInit: CPU Page size=4096, Cores=4
[2019.02.07-15.21.14:334][  0]LogInit: High frequency timer resolution =3.323613 MHz
[2019.02.07-15.21.14:335][  0]LogMemory: Memory total: Physical=8.0GB (8GB approx)
[2019.02.07-15.21.14:335][  0]LogMemory: Platform Memory Stats for Windows
[2019.02.07-15.21.14:335][  0]LogMemory: Process Physical Memory: 274.74 MB used, 274.74 MB peak
[2019.02.07-15.21.14:335][  0]LogMemory: Process Virtual Memory: 266.33 MB used, 266.33 MB peak
[2019.02.07-15.21.14:335][  0]LogMemory: Physical Memory: 5120.63 MB used,  3031.46 MB free, 8152.09 MB total
[2019.02.07-15.21.14:335][  0]LogMemory: Virtual Memory: 635.82 MB used,  3031.46 MB free, 8388608.00 MB total
[2019.02.07-15.21.14:356][  0]LogInit: Using OS detected language (en-GB).
[2019.02.07-15.21.14:356][  0]LogInit: Using OS detected locale (en-GB).
[2019.02.07-15.21.14:356][  0]LogTextLocalizationManager: No localization for 'en-GB' exists, so 'en' will be used for the language.
[2019.02.07-15.21.14:356][  0]LogTextLocalizationManager: No localization for 'en-GB' exists, so 'en' will be used for the locale.
[2019.02.07-15.21.14:806][  0]LogStreaming: Display: Took  0.450s to EndInitTextLocalization.
[2019.02.07-15.21.14:821][  0]LogSlate: New Slate User Created.  User Index 0, Is Virtual User: 0
[2019.02.07-15.21.14:821][  0]LogSlate: Slate User Registered.  User Index 0, Is Virtual User: 0
[2019.02.07-15.21.14:824][  0]LogD3D11RHI: D3D11 adapters:
[2019.02.07-15.21.14:849][  0]LogD3D11RHI:    0. 'NVIDIA GeForce GTX 660 Ti' (Feature Level 11_0)
[2019.02.07-15.21.14:850][  0]LogD3D11RHI:       1970/0/3820 MB DedicatedVideo/DedicatedSystem/SharedSystem, Outputs:1, VendorId:0x10de
[2019.02.07-15.21.14:850][  0]LogD3D11RHI: Chosen D3D11 Adapter: 0
[2019.02.07-15.21.14:854][  0]LogD3D11RHI: Creating new Direct3DDevice
[2019.02.07-15.21.14:854][  0]LogD3D11RHI:     GPU DeviceId: 0x1183 (for the marketing name, search the web for "GPU Device Id")
[2019.02.07-15.21.14:854][  0]LogWindows: EnumDisplayDevices:
[2019.02.07-15.21.14:854][  0]LogWindows:    0. 'NVIDIA GeForce GTX 660 Ti' (P:1 D:1)
[2019.02.07-15.21.14:854][  0]LogWindows:    1. 'NVIDIA GeForce GTX 660 Ti' (P:0 D:0)
[2019.02.07-15.21.14:854][  0]LogWindows:    2. 'NVIDIA GeForce GTX 660 Ti' (P:0 D:0)
[2019.02.07-15.21.14:854][  0]LogWindows:    3. 'NVIDIA GeForce GTX 660 Ti' (P:0 D:0)
[2019.02.07-15.21.14:854][  0]LogWindows:    4. 'RDPDD Chained DD' (P:0 D:0)
[2019.02.07-15.21.14:854][  0]LogWindows:    5. 'RDP Encoder Mirror Driver' (P:0 D:0)
[2019.02.07-15.21.14:854][  0]LogWindows:    6. 'RDP Reflector Display Driver' (P:0 D:0)
[2019.02.07-15.21.14:854][  0]LogWindows: DebugString: GetVideoDriverDetailsInvalid PrimaryIsNotTheChoosenAdapter GetVideoDriverDetailsInvalid PrimaryIsNotTheChoosenAdapter GetVideoDriverDetailsInvalid PrimaryIsNotTheChoosenAdapter FoundDriverCount:4 
[2019.02.07-15.21.14:855][  0]LogD3D11RHI:     Adapter Name: NVIDIA GeForce GTX 660 Ti
[2019.02.07-15.21.14:855][  0]LogD3D11RHI:   Driver Version: 398.82 (internal:24.21.13.9882, unified:398.82)
[2019.02.07-15.21.14:855][  0]LogD3D11RHI:      Driver Date: 7-30-2018
[2019.02.07-15.21.14:855][  0]LogRHI: Texture pool is 1379 MB (70% of 1970 MB)
[2019.02.07-15.21.14:869][  0]LogD3D11RHI: [Aftermath] Aftermath enabled and primed
[2019.02.07-15.21.14:869][  0]LogD3D11RHI: [Aftermath] Aftermath enabled and primed
[2019.02.07-15.21.14:869][  0]LogD3D11RHI: Async texture creation enabled
[2019.02.07-15.21.14:888][  0]LogD3D11RHI: GPU Timing Frequency: 1000.000000 (Debug: 2 2)
[2019.02.07-15.21.14:889][  0]LogShaderCompilers: Guid format shader working directory is 15 characters bigger than the processId version (D:/GitHub/Rise-of-Xeru/RiseOfXeruUnreal/Intermediate/Shaders/WorkingDirectory/5092/).
[2019.02.07-15.21.14:889][  0]LogShaderCompilers: Cleaned the shader compiler working directory 'C:/Users/Administrator/AppData/Local/Temp/UnrealShaderWorkingDir/B99A80DD4652359979E3A2BC394E0176/'.
[2019.02.07-15.21.15:047][  0]LogTemp: Display: Loaded TP WindowsClientTargetPlatform
[2019.02.07-15.21.15:061][  0]LogTemp: Display: Loaded TP WindowsNoEditorTargetPlatform
[2019.02.07-15.21.15:076][  0]LogTemp: Display: Loaded TP WindowsServerTargetPlatform
[2019.02.07-15.21.15:083][  0]LogTemp: Display: Loaded TP WindowsTargetPlatform
[2019.02.07-15.21.15:083][  0]LogTargetPlatformManager: Display: Building Assets For Windows
[2019.02.07-15.21.15:162][  0]LogXGEController: Cannot use XGE Controller as Incredibuild is not installed on this machine.
[2019.02.07-15.21.15:163][  0]LogShaderCompilers: Cannot use XGE Shader Compiler as Incredibuild is not installed on this machine.
[2019.02.07-15.21.15:163][  0]LogShaderCompilers: Display: Using Local Shader Compiler.
[2019.02.07-15.21.15:794][  0]LogDerivedDataCache: Display: Max Cache Size: 512 MB
[2019.02.07-15.21.15:870][  0]LogDerivedDataCache: Loaded boot cache 0.08s 74MB C:/Users/Administrator/AppData/Local/UnrealEngine/4.19/DerivedDataCache/Boot.ddc.
[2019.02.07-15.21.15:870][  0]LogDerivedDataCache: Display: Loaded Boot cache: C:/Users/Administrator/AppData/Local/UnrealEngine/4.19/DerivedDataCache/Boot.ddc
[2019.02.07-15.21.15:870][  0]LogDerivedDataCache: FDerivedDataBackendGraph:  Pak pak cache file D:/GitHub/Rise-of-Xeru/RiseOfXeruUnreal/DerivedDataCache/DDC.ddp not found, will not use a pak cache.
[2019.02.07-15.21.15:870][  0]LogDerivedDataCache: Unable to find inner node Pak for hierarchical cache Hierarchy.
[2019.02.07-15.21.15:870][  0]LogDerivedDataCache: FDerivedDataBackendGraph:  CompressedPak pak cache file D:/GitHub/Rise-of-Xeru/RiseOfXeruUnreal/DerivedDataCache/Compressed.ddp not found, will not use a pak cache.
[2019.02.07-15.21.15:870][  0]LogDerivedDataCache: Unable to find inner node CompressedPak for hierarchical cache Hierarchy.
[2019.02.07-15.21.15:888][  0]LogDerivedDataCache: Display: Pak cache opened for reading ../../../Engine/DerivedDataCache/Compressed.ddp.
[2019.02.07-15.21.15:899][  0]LogDerivedDataCache: Using Local data cache path C:/Users/Administrator/AppData/Local/UnrealEngine/Common/DerivedDataCache: Writable
[2019.02.07-15.21.15:899][  0]LogDerivedDataCache: Shared data cache path not found in *engine.ini, will not use an Shared cache.
[2019.02.07-15.21.15:899][  0]LogDerivedDataCache: Unable to find inner node Shared for hierarchical cache Hierarchy.
[2019.02.07-15.21.15:909][  0]LogMaterial: Verifying Global Shaders for PCD3D_ES2
[2019.02.07-15.21.15:909][  0]LogSlate: Using Freetype 2.6.0
[2019.02.07-15.21.15:910][  0]LogSlate: SlateFontCache - WITH_FREETYPE: 1, WITH_HARFBUZZ: 1
[2019.02.07-15.21.15:910][  0]LogSlate: SlateFontCache - WITH_FREETYPE: 1, WITH_HARFBUZZ: 1
[2019.02.07-15.21.15:992][  0]LogAssetRegistry: FAssetRegistry took 0.0046 seconds to start up
[2019.02.07-15.21.16:247][  0]LogPackageLocalizationCache: Processed 9 localized package path(s) for 1 prioritized culture(s) in 0.010381 seconds
[2019.02.07-15.21.16:344][  0]LogInit: Selected Device Profile: [Windows]
[2019.02.07-15.21.16:481][  0]LogSimplygon: Simplygon DLL not present - disabling.
[2019.02.07-15.21.16:483][  0]LogMeshReduction: Using SimplygonSwarm for distributed automatic mesh merging
[2019.02.07-15.21.16:483][  0]LogMeshReduction: Using QuadricMeshReduction for automatic static mesh reduction
[2019.02.07-15.21.16:483][  0]LogMeshReduction: No automatic skeletal mesh reduction module available
[2019.02.07-15.21.16:483][  0]LogMeshReduction: No automatic mesh merging module available
[2019.02.07-15.21.16:483][  0]LogMeshMerging: No automatic mesh merging module available
[2019.02.07-15.21.16:506][  0]LogNetVersion: RiseOfXeru , NetCL: 3944462, EngineNetVer: 2, GameNetVer: 0 (Checksum: 3116531201)
[2019.02.07-15.21.17:035][  0]LogMaterial: Missing cached shader map for material ArrowMaterial, compiling. 
[2019.02.07-15.21.17:089][  0]LogMaterial: Missing cached shader map for material LaserPointerMaterial, compiling. 
[2019.02.07-15.21.17:096][  0]LogShaderCompilers: Display: Shaders left to compile 38
[2019.02.07-15.21.17:096][  0]LogShaderCompilers: Display: Shaders left to compile 28
[2019.02.07-15.21.17:096][  0]LogShaderCompilers: Display: Shaders left to compile 18
[2019.02.07-15.21.17:096][  0]LogMaterial: Missing cached shader map for material VivePreControllerMaterial, compiling. 
[2019.02.07-15.21.17:112][  0]LogMaterial: Missing cached shader map for material OculusControllerMaterial, compiling. 
[2019.02.07-15.21.17:128][  0]LogMaterial: Missing cached shader map for material TeleportDirectionMaterial, compiling. 
[2019.02.07-15.21.17:178][  0]LogMaterial: Missing cached shader map for material GenericHMDMaterial, compiling. 
[2019.02.07-15.21.17:192][  0]LogMaterial: Missing cached shader map for material FlattenHeightMat, compiling. 
[2019.02.07-15.21.17:207][  0]LogMaterial: Missing cached shader map for material VRTextMaterial, compiling. 
[2019.02.07-15.21.17:214][  0]LogMaterial: Missing cached shader map for material GridPostProcess, compiling. 
[2019.02.07-15.21.17:223][  0]LogMaterial: Missing cached shader map for material LaserPointerMaterial, compiling. 
[2019.02.07-15.21.17:230][  0]LogMaterial: Missing cached shader map for material GridMaterial, compiling. 
[2019.02.07-15.21.17:241][  0]LogMaterial: Missing cached shader map for material LineMaterial, compiling. 
[2019.02.07-15.21.17:248][  0]LogMaterial: Missing cached shader map for material VRTextMaterial, compiling. 
[2019.02.07-15.21.17:316][  0]LogMoviePlayer: Initializing movie player
[2019.02.07-15.21.17:423][  0]LogMaterial: Missing cached shader map for material DefaultSpriteMaterial, compiling. 
[2019.02.07-15.21.17:430][  0]LogMaterial: Missing cached shader map for material DefaultSpriteMaterial, compiling. 
[2019.02.07-15.21.17:538][  0]LogTcpMessaging: Initializing TcpMessaging bridge
[2019.02.07-15.21.17:564][  0]LogUdpMessaging: Initializing bridge on interface 0.0.0.0:0 to multicast group 230.0.0.1:6666.
[2019.02.07-15.21.17:701][  0]LogMaterial: Missing cached shader map for material DefaultMaterial, compiling. 
[2019.02.07-15.21.17:820][  0]SourceControl: Source control is disabled
[2019.02.07-15.21.17:820][  0]SourceControl: Source control is disabled
[2019.02.07-15.21.17:832][  0]SourceControl: Source control is disabled
[2019.02.07-15.21.19:240][  0]LogShaderCompilers: Display: Shaders left to compile 426
[2019.02.07-15.21.19:240][  0]LogMaterial: Missing cached shader map for material DefaultMediaPlaneMaterial, compiling. 
[2019.02.07-15.21.19:333][  0]LogAndroidPermission: UAndroidPermissionCallbackProxy::GetInstance
[2019.02.07-15.21.22:123][  0]LogShaderCompilers: Display: Shaders left to compile 418
[2019.02.07-15.21.22:123][  0]LogShaderCompilers: Display: Shaders left to compile 408
[2019.02.07-15.21.22:123][  0]LogShaderCompilers: Display: Shaders left to compile 398
[2019.02.07-15.21.22:123][  0]LogShaderCompilers: Display: Shaders left to compile 388
[2019.02.07-15.21.22:123][  0]LogShaderCompilers: Display: Shaders left to compile 378
[2019.02.07-15.21.22:123][  0]LogOcInput: OculusInput pre-init called
[2019.02.07-15.21.22:154][  0]LogUObjectArray: 40124 objects as part of root set at end of initial load.
[2019.02.07-15.21.22:154][  0]LogUObjectAllocator: 8364200 out of 0 bytes used by permanent object pool.
[2019.02.07-15.21.22:154][  0]LogUObjectArray: CloseDisregardForGC: 0/0 objects in disregard for GC pool
[2019.02.07-15.21.22:199][  0]LogMaterial: Missing cached shader map for material HighResScreenshot, compiling. 
[2019.02.07-15.21.22:224][  0]LogMaterial: Missing cached shader map for material HighResScreenshotMask, compiling. 
[2019.02.07-15.21.22:250][  0]LogMaterial: Missing cached shader map for material HighResScreenshotCaptureRegion, compiling. 
[2019.02.07-15.21.22:369][  0]LogEngine: Initializing Engine...
[2019.02.07-15.21.22:370][  0]LogHMD: Failed to initialize OpenVR with code 110
[2019.02.07-15.21.22:494][  0]LogShaderCompilers: Display: Shaders left to compile 392
[2019.02.07-15.21.22:494][  0]LogStats: UGameplayTagsManager::ConstructGameplayTagTree: Construct from data asset -  0.000 s
[2019.02.07-15.21.22:494][  0]LogStats: UGameplayTagsManager::ConstructGameplayTagTree: GameplayTagTreeChangedEvent.Broadcast -  0.000 s
[2019.02.07-15.21.22:501][  0]LogMaterial: Missing cached shader map for material WireframeMaterial, compiling. Is special engine material.
[2019.02.07-15.21.22:546][  0]LogMaterial: Missing cached shader map for material LevelColorationLitMaterial, compiling. Is special engine material.
[2019.02.07-15.21.22:755][  0]LogMaterial: Missing cached shader map for material LevelColorationUnlitMaterial, compiling. Is special engine material.
[2019.02.07-15.21.22:793][  0]LogMaterial: Missing cached shader map for material MAT_LevelColorationLitLightmapUV, compiling. Is special engine material.
[2019.02.07-15.21.23:052][  0]LogShaderCompilers: Display: Shaders left to compile 1572
[2019.02.07-15.21.23:052][  0]LogMaterial: Missing cached shader map for material ShadedLevelColorationLitMaterial, compiling. Is special engine material.
[2019.02.07-15.21.23:237][  0]LogMaterial: Missing cached shader map for material ShadedLevelColorationUnlitMateri, compiling. Is special engine material.
[2019.02.07-15.21.23:267][  0]LogMaterial: Missing cached shader map for material VertexColorMaterial, compiling. 
[2019.02.07-15.21.23:313][  0]LogMaterial: Missing cached shader map for material VertexColorViewMode_ColorOnly, compiling. 
[2019.02.07-15.21.23:329][  0]LogMaterial: Missing cached shader map for material VertexColorViewMode_AlphaAsColor, compiling. 
[2019.02.07-15.21.23:348][  0]LogMaterial: Missing cached shader map for material VertexColorViewMode_RedOnly, compiling. 
[2019.02.07-15.21.23:365][  0]LogMaterial: Missing cached shader map for material VertexColorViewMode_GreenOnly, compiling. 
[2019.02.07-15.21.23:379][  0]LogMaterial: Missing cached shader map for material VertexColorViewMode_BlueOnly, compiling. 
[2019.02.07-15.21.23:389][  0]LogMaterial: Missing cached shader map for material RemoveSurfaceMaterial, compiling. 
[2019.02.07-15.21.23:400][  0]LogMaterial: Missing cached shader map for material DebugMeshMaterial, compiling. 
[2019.02.07-15.21.23:423][  0]LogMaterial: Missing cached shader map for material M_InvalidLightmapSettings, compiling. 
[2019.02.07-15.21.23:472][  0]LogMaterial: Missing cached shader map for material GizmoMaterial, compiling. 
[2019.02.07-15.21.23:494][  0]LogMaterial: Missing cached shader map for material PhAT_JointLimitMaterial, compiling. 
[2019.02.07-15.21.24:604][  0]LogShaderCompilers: Display: Shaders left to compile 2392
[2019.02.07-15.21.24:604][  0]LogShaderCompilers: Display: Shaders left to compile 2382
[2019.02.07-15.21.24:604][  0]LogInit: XAudio2 using 'Speakers (VIA High Definition Audio)' : 2 channels at 48 kHz using 32 bits per sample (channel mask 0x3)
[2019.02.07-15.21.24:633][  0]LogInit: FAudioDevice initialized.
[2019.02.07-15.21.25:007][  0]LogShaderCompilers: Display: Shaders left to compile 2372
[2019.02.07-15.21.25:007][  0]LogInit: Texture streaming: Enabled
[2019.02.07-15.21.25:029][  0]LogMaterial: Missing cached shader map for material BaseColor, compiling. 
[2019.02.07-15.21.25:045][  0]LogMaterial: Missing cached shader map for material CustomDepth, compiling. 
[2019.02.07-15.21.25:151][  0]LogMaterial: Missing cached shader map for material CustomStencil, compiling. 
[2019.02.07-15.21.25:170][  0]LogMaterial: Missing cached shader map for material FinalImage, compiling. 
[2019.02.07-15.21.25:184][  0]LogMaterial: Missing cached shader map for material LightingModel, compiling. 
[2019.02.07-15.21.25:197][  0]LogMaterial: Missing cached shader map for material MaterialAO, compiling. 
[2019.02.07-15.21.25:208][  0]LogMaterial: Missing cached shader map for material Metallic, compiling. 
[2019.02.07-15.21.25:220][  0]LogMaterial: Missing cached shader map for material Opacity, compiling. 
[2019.02.07-15.21.25:235][  0]LogMaterial: Missing cached shader map for material Roughness, compiling. 
[2019.02.07-15.21.25:245][  0]LogMaterial: Missing cached shader map for material SceneColor, compiling. 
[2019.02.07-15.21.25:256][  0]LogMaterial: Missing cached shader map for material SceneDepth, compiling. 
[2019.02.07-15.21.25:268][  0]LogMaterial: Missing cached shader map for material SeparateTranslucencyRGB, compiling. 
[2019.02.07-15.21.25:281][  0]LogMaterial: Missing cached shader map for material SeparateTranslucencyA, compiling. 
[2019.02.07-15.21.25:293][  0]LogMaterial: Missing cached shader map for material Specular, compiling. 
[2019.02.07-15.21.25:309][  0]LogMaterial: Missing cached shader map for material SubsurfaceColor, compiling. 
[2019.02.07-15.21.25:324][  0]LogMaterial: Missing cached shader map for material WorldNormal, compiling. 
[2019.02.07-15.21.25:337][  0]LogMaterial: Missing cached shader map for material AmbientOcclusion, compiling. 
[2019.02.07-15.21.25:358][  0]LogMaterial: Missing cached shader map for material CustomDepthWorldUnits, compiling. 
[2019.02.07-15.21.25:377][  0]LogMaterial: Missing cached shader map for material SceneDepthWorldUnits, compiling. 
[2019.02.07-15.21.25:394][  0]LogMaterial: Missing cached shader map for material PreTonemapHDRColor, compiling. 
[2019.02.07-15.21.25:415][  0]LogMaterial: Missing cached shader map for material PostTonemapHDRColor, compiling. 
[2019.02.07-15.21.25:449][  0]LogInit: Display: Game Engine Initialized.
[2019.02.07-15.21.25:449][  0]LogGameplayTags: Display: UGameplayTagsManager::DoneAddingNativeTags. DelegateIsBound: 0
[2019.02.07-15.21.25:449][  0]LogStats: UGameplayTagsManager::ConstructGameplayTagTree: Construct from data asset -  0.000 s
[2019.02.07-15.21.25:449][  0]LogStats: UGameplayTagsManager::ConstructGameplayTagTree: GameplayTagTreeChangedEvent.Broadcast -  0.000 s
[2019.02.07-15.21.25:531][  0]LogInit: Display: Starting Game.
[2019.02.07-15.21.25:533][  0]LogNet: Browse: /Game/Game/Maps/MainMenu?Name=Player
[2019.02.07-15.21.25:534][  0]LogLoad: LoadMap: /Game/Game/Maps/MainMenu?Name=Player
[2019.02.07-15.21.25:611][  0]LogUObjectGlobals: Created PersistentFrame Addr=0x000000003d963c40, Size=24, Default__MainMenu_C Function /Game/Game/Maps/MainMenu.MainMenu_C:ExecuteUbergraph_MainMenu
[2019.02.07-15.21.25:621][  0]LogUObjectGlobals: Created PersistentFrame Addr=0x000000003db45540, Size=4, Default__MainMenu_BP_C Function /Game/Game/Blueprints/MainMenu_BP.MainMenu_BP_C:ExecuteUbergraph_MainMenu_BP
[2019.02.07-15.21.25:642][  0]LogUObjectGlobals: Destroyed PersistentFrame Addr=0x000000003db45540, Size=4
[2019.02.07-15.21.25:642][  0]LogUObjectGlobals: Created PersistentFrame Addr=0x000000003db45540, Size=4, Default__MainMenu_BP_C Function /Engine/Transient.REINST_MainMenu_BP_C_0:ExecuteUbergraph_MainMenu_BP
[2019.02.07-15.21.25:644][  0]LogUObjectGlobals: Created PersistentFrame Addr=0x000000003db456e0, Size=4, Default__MainMenu_BP_C Function /Game/Game/Blueprints/MainMenu_BP.MainMenu_BP_C:ExecuteUbergraph_MainMenu_BP
[2019.02.07-15.21.25:646][  0]LogUObjectGlobals: Destroyed PersistentFrame Addr=0x000000003d963c40, Size=24
[2019.02.07-15.21.25:646][  0]LogUObjectGlobals: Created PersistentFrame Addr=0x000000003d963c40, Size=24, Default__MainMenu_C Function /Engine/Transient.REINST_MainMenu_C_2:ExecuteUbergraph_MainMenu
[2019.02.07-15.21.25:648][  0]LogUObjectGlobals: Created PersistentFrame Addr=0x000000003d962ec0, Size=24, Default__MainMenu_C Function /Game/Game/Maps/MainMenu.MainMenu_C:ExecuteUbergraph_MainMenu
[2019.02.07-15.21.25:688][  0]LogAIModule: Creating AISystem for world MainMenu
[2019.02.07-15.21.25:799][  0]LogLoad: Game class is 'ROXGameMode_C'
[2019.02.07-15.21.25:836][  0]LogWorld: Bringing World /Game/Game/Maps/MainMenu.MainMenu up for play (max tick rate 0) at 2019.02.07-15.21.25
[2019.02.07-15.21.25:838][  0]LogWorld: Bringing up level for play took: 0.002576
[2019.02.07-15.21.25:839][  0]LogGameMode: FindPlayerStart: PATHS NOT DEFINED or NO PLAYERSTART with positive rating
[2019.02.07-15.21.25:884][  0]LogGameMode: Display: Match State Changed from EnteringMap to WaitingToStart
[2019.02.07-15.21.25:884][  0]LogGameState: Match State Changed from EnteringMap to WaitingToStart
[2019.02.07-15.21.25:884][  0]LogGameMode: Display: Match State Changed from WaitingToStart to InProgress
[2019.02.07-15.21.25:890][  0]LogGameState: Match State Changed from WaitingToStart to InProgress
[2019.02.07-15.21.25:890][  0]LogLoad: Took 0.356572 seconds to LoadMap(/Game/Game/Maps/MainMenu)
[2019.02.07-15.21.26:005][  0]LogRenderer: Reallocating scene render targets to support 1280x720 Format 10 NumSamples 1 (Frame:1).
[2019.02.07-15.21.26:005][  0]LogShaderCompilers: Display: Shaders left to compile 2491
[2019.02.07-15.21.26:005][  0]LogLoad: (Engine Initialization) Total time: 13.30 seconds
[2019.02.07-15.21.26:005][  0]LogLoad: (Engine Initialization) Total Blueprint compile time: 0.00 seconds
[2019.02.07-15.21.26:196][  0]LogSlate: FSceneViewport::OnFocusLost() reason 0
[2019.02.07-15.21.26:202][  0]LogContentStreaming: Texture pool size now 1000 MB
[2019.02.07-15.21.26:228][  1]LogShaderCompilers: Display: Shaders left to compile 2481
[2019.02.07-15.21.27:282][  1]LogShaderCompilers: Display: Shaders left to compile 2471
[2019.02.07-15.21.27:454][  1]LogShaderCompilers: Display: Shaders left to compile 2461
[2019.02.07-15.21.27:471][  1]PIE: Warning: Mobility of /Game/Game/Maps/MainMenu.MainMenu:PersistentLevel.Player_BP_2 : CollisionCylinder has to be 'Movable' if you'd like to move it with CharacterMovementComponent. 
[2019.02.07-15.21.27:910][  3]LogShaderCompilers: Display: Shaders left to compile 2451
[2019.02.07-15.21.29:027][  6]LogShaderCompilers: Display: Shaders left to compile 2441
[2019.02.07-15.21.29:041][  7]LogShaderCompilers: Display: Shaders left to compile 2431
[2019.02.07-15.21.29:837][  8]LogShaderCompilers: Display: Shaders left to compile 2421
[2019.02.07-15.21.30:115][  9]LogShaderCompilers: Display: Shaders left to compile 2411
[2019.02.07-15.21.30:131][ 10]LogShaderCompilers: Display: Shaders left to compile 2401
[2019.02.07-15.21.31:011][ 12]LogShaderCompilers: Display: Shaders left to compile 2391
[2019.02.07-15.21.31:124][ 15]LogShaderCompilers: Display: Shaders left to compile 2381
[2019.02.07-15.21.31:215][ 16]LogShaderCompilers: Display: Shaders left to compile 2371
[2019.02.07-15.21.32:152][ 17]LogShaderCompilers: Display: Shaders left to compile 2361
[2019.02.07-15.21.32:279][ 19]LogShaderCompilers: Display: Shaders left to compile 2351
[2019.02.07-15.21.33:953][ 22]LogShaderCompilers: Display: Shaders left to compile 2341
[2019.02.07-15.21.33:997][ 23]LogShaderCompilers: Display: Shaders left to compile 2331
[2019.02.07-15.21.34:271][ 25]LogShaderCompilers: Display: Shaders left to compile 2321
[2019.02.07-15.21.34:851][ 26]LogSlate: FSceneViewport::OnFocusLost() reason 0
[2019.02.07-15.21.35:777][ 27]LogShaderCompilers: Display: Shaders left to compile 2311
[2019.02.07-15.21.35:777][ 27]LogShaderCompilers: Display: Shaders left to compile 2301
[2019.02.07-15.21.37:006][ 28]LogShaderCompilers: Display: Shaders left to compile 2291
[2019.02.07-15.21.37:032][ 28]LogShaderCompilers: Display: Shaders left to compile 2281
[2019.02.07-15.21.37:411][ 28]LogSlate: Window 'RiseOfXeru (64-bit, PCD3D_ES2) ' being destroyed
[2019.02.07-15.21.37:413][ 28]LogEngine: All Windows Closed
[2019.02.07-15.21.37:413][ 28]LogWindows: FPlatformMisc::RequestExit(0)
[2019.02.07-15.21.37:474][ 29]LogShaderCompilers: Display: Shaders left to compile 2271
[2019.02.07-15.21.37:543][ 29]LogSlate: Slate User Destroyed.  User Index 0, Is Virtual User: 0
[2019.02.07-15.21.37:543][ 29]LogExit: Preparing to exit.
[2019.02.07-15.21.37:543][ 29]LogMoviePlayer: Shutting down movie player
[2019.02.07-15.21.38:568][ 29]LogShaderCompilers: Display: Shaders left to compile 2261
[2019.02.07-15.21.38:591][ 29]LogUObjectGlobals: Destroyed PersistentFrame Addr=0x000000003d963c40, Size=24
[2019.02.07-15.21.38:591][ 29]LogExit: Game engine shut down
[2019.02.07-15.21.38:595][ 29]LogUObjectGlobals: Destroyed PersistentFrame Addr=0x000000003db45540, Size=4
[2019.02.07-15.21.38:595][ 29]LogUObjectGlobals: Destroyed PersistentFrame Addr=0x000000003db456e0, Size=4
[2019.02.07-15.21.38:595][ 29]LogUObjectGlobals: Destroyed PersistentFrame Addr=0x000000003d962ec0, Size=24
[2019.02.07-15.21.38:645][ 29]LogExit: Object subsystem successfully closed.
[2019.02.07-15.21.38:653][ 29]LogShaderCompilers: Display: Shaders left to compile 0
[2019.02.07-15.21.38:654][ 29]LogD3D11RHI: Shutdown
[2019.02.07-15.21.38:654][ 29]LogD3D11RHI: CleanupD3DDevice
[2019.02.07-15.21.38:828][ 29]LogD3D11RHI: ~FD3D11DynamicRHI
[2019.02.07-15.21.38:836][ 29]LogModuleManager: Shutting down and abandoning module SequenceRecorderSections (332)
[2019.02.07-15.21.38:836][ 29]LogModuleManager: Shutting down and abandoning module SequenceRecorder (330)
[2019.02.07-15.21.38:836][ 29]LogModuleManager: Shutting down and abandoning module AutomationController (328)
[2019.02.07-15.21.38:837][ 29]LogModuleManager: Shutting down and abandoning module AutomationWorker (326)
[2019.02.07-15.21.38:837][ 29]LogModuleManager: Shutting down and abandoning module AIModule (324)
[2019.02.07-15.21.38:837][ 29]LogModuleManager: Shutting down and abandoning module GameplayDebugger (323)
[2019.02.07-15.21.38:837][ 29]LogModuleManager: Shutting down and abandoning module AITestSuite (321)
[2019.02.07-15.21.38:837][ 29]LogModuleManager: Shutting down and abandoning module WmfMediaFactory (318)
[2019.02.07-15.21.38:837][ 29]LogModuleManager: Shutting down and abandoning module OpenExrWrapper (316)
[2019.02.07-15.21.38:837][ 29]LogModuleManager: Shutting down and abandoning module ImgMediaFactory (314)
[2019.02.07-15.21.38:837][ 29]LogModuleManager: Shutting down and abandoning module AvfMediaFactory (312)
[2019.02.07-15.21.38:837][ 29]LogModuleManager: Shutting down and abandoning module CharacterAI (310)
[2019.02.07-15.21.38:837][ 29]LogModuleManager: Shutting down and abandoning module SessionServices (308)
[2019.02.07-15.21.38:837][ 29]LogModuleManager: Shutting down and abandoning module MovieSceneCapture (306)
[2019.02.07-15.21.38:837][ 29]LogModuleManager: Shutting down and abandoning module MovieSceneTracks (304)
[2019.02.07-15.21.38:837][ 29]LogModuleManager: Shutting down and abandoning module MovieScene (302)
[2019.02.07-15.21.38:837][ 29]LogModuleManager: Shutting down and abandoning module GeometryCache (300)
[2019.02.07-15.21.38:837][ 29]LogModuleManager: Shutting down and abandoning module GeometryCacheEd (299)
[2019.02.07-15.21.38:837][ 29]LogModuleManager: Shutting down and abandoning module StreamingPauseRendering (296)
[2019.02.07-15.21.38:837][ 29]LogModuleManager: Shutting down and abandoning module PortalServices (294)
[2019.02.07-15.21.38:837][ 29]LogModuleManager: Shutting down and abandoning module PortalRpc (292)
[2019.02.07-15.21.38:837][ 29]LogModuleManager: Shutting down and abandoning module MessagingRpc (290)
[2019.02.07-15.21.38:837][ 29]LogModuleManager: Shutting down and abandoning module ProfilerService (288)
[2019.02.07-15.21.39:042][ 29]LogModuleManager: Shutting down and abandoning module TaskGraph (286)
[2019.02.07-15.21.39:042][ 29]LogModuleManager: Shutting down and abandoning module SteamVRController (284)
[2019.02.07-15.21.39:042][ 29]LogModuleManager: Shutting down and abandoning module ProceduralMeshComponent (282)
[2019.02.07-15.21.39:042][ 29]LogModuleManager: Shutting down and abandoning module OculusInput (280)
[2019.02.07-15.21.39:042][ 29]LogModuleManager: Shutting down and abandoning module MobilePatchingUtils (278)
[2019.02.07-15.21.39:042][ 29]LogModuleManager: Shutting down and abandoning module CustomMeshComponent (276)
[2019.02.07-15.21.39:042][ 29]LogModuleManager: Shutting down and abandoning module CableComponent (274)
[2019.02.07-15.21.39:042][ 29]LogModuleManager: Shutting down and abandoning module AudioCapture (272)
[2019.02.07-15.21.39:042][ 29]LogModuleManager: Shutting down and abandoning module ArchVisCharacter (270)
[2019.02.07-15.21.39:042][ 29]LogModuleManager: Shutting down and abandoning module AndroidPermission (268)
[2019.02.07-15.21.39:042][ 29]LogModuleManager: Shutting down and abandoning module NUTUnrealEngine4 (264)
[2019.02.07-15.21.39:042][ 29]LogModuleManager: Shutting down and abandoning module NetcodeUnitTest (262)
[2019.02.07-15.21.39:042][ 29]LogModuleManager: Shutting down and abandoning module MediaCompositing (260)
[2019.02.07-15.21.39:042][ 29]LogModuleManager: Shutting down and abandoning module LinearTimecode (258)
[2019.02.07-15.21.39:042][ 29]LogModuleManager: Shutting down and abandoning module ImgMedia (256)
[2019.02.07-15.21.39:044][ 29]LogModuleManager: Shutting down and abandoning module HTML5Networking (254)
[2019.02.07-15.21.39:044][ 29]LogModuleManager: Shutting down and abandoning module DatasmithContent (252)
[2019.02.07-15.21.39:044][ 29]LogModuleManager: Shutting down and abandoning module CryptoKeysOpenSSL (250)
[2019.02.07-15.21.39:044][ 29]LogModuleManager: Shutting down and abandoning module CryptoKeys (248)
[2019.02.07-15.21.39:044][ 29]LogModuleManager: Shutting down and abandoning module VisualStudioSourceCodeAccess (246)
[2019.02.07-15.21.39:044][ 29]LogModuleManager: Shutting down and abandoning module HotReload (245)
[2019.02.07-15.21.39:044][ 29]LogModuleManager: Shutting down and abandoning module DirectoryWatcher (244)
[2019.02.07-15.21.39:044][ 29]LogModuleManager: Shutting down and abandoning module VisualStudioCodeSourceCodeAccess (240)
[2019.02.07-15.21.39:044][ 29]LogModuleManager: Shutting down and abandoning module UObjectPlugin (238)
[2019.02.07-15.21.39:044][ 29]LogModuleManager: Shutting down and abandoning module SubversionSourceControl (236)
[2019.02.07-15.21.39:044][ 29]LogModuleManager: Shutting down and abandoning module PerforceSourceControl (234)
[2019.02.07-15.21.39:044][ 29]LogModuleManager: Shutting down and abandoning module SourceControl (233)
[2019.02.07-15.21.39:044][ 29]LogModuleManager: Shutting down and abandoning module CLionSourceCodeAccess (230)
[2019.02.07-15.21.39:044][ 29]LogModuleManager: Shutting down and abandoning module RuntimePhysXCooking (228)
[2019.02.07-15.21.39:044][ 29]LogModuleManager: Shutting down and abandoning module PhysXVehiclesEditor (226)
[2019.02.07-15.21.39:044][ 29]LogModuleManager: Shutting down and abandoning module PhysXVehicles (224)
[2019.02.07-15.21.39:044][ 29]LogModuleManager: Shutting down and abandoning module LocationServicesBPLibrary (222)
[2019.02.07-15.21.39:044][ 29]LogModuleManager: Shutting down and abandoning module ImmediatePhysicsEditor (220)
[2019.02.07-15.21.39:044][ 29]LogModuleManager: Shutting down and abandoning module ImmediatePhysics (218)
[2019.02.07-15.21.39:044][ 29]LogModuleManager: Shutting down and abandoning module ActorSequence (216)
[2019.02.07-15.21.39:044][ 29]LogModuleManager: Shutting down and abandoning module UdpMessaging (214)
[2019.02.07-15.21.39:144][ 29]LogModuleManager: Shutting down and abandoning module TcpMessaging (212)
[2019.02.07-15.21.39:558][ 29]LogModuleManager: Shutting down and abandoning module GameplayTagsEditor (210)
[2019.02.07-15.21.39:558][ 29]LogModuleManager: Shutting down and abandoning module FacialAnimation (208)
[2019.02.07-15.21.39:558][ 29]LogModuleManager: Shutting down and abandoning module DataValidation (206)
[2019.02.07-15.21.39:558][ 29]LogModuleManager: Shutting down and abandoning module AssetManagerEditor (204)
[2019.02.07-15.21.39:558][ 29]LogModuleManager: Shutting down and abandoning module TreeMap (203)
[2019.02.07-15.21.39:558][ 29]LogModuleManager: Shutting down and abandoning module LightPropagationVolumeRuntime (200)
[2019.02.07-15.21.39:558][ 29]LogModuleManager: Shutting down and abandoning module LiveLink (198)
[2019.02.07-15.21.40:450][ 29]LogModuleManager: Shutting down and abandoning module Paper2D (196)
[2019.02.07-15.21.40:450][ 29]LogModuleManager: Shutting down and abandoning module PIEPreviewDeviceProfileSelector (194)
[2019.02.07-15.21.40:450][ 29]LogModuleManager: Shutting down and abandoning module WindowsMoviePlayer (192)
[2019.02.07-15.21.40:450][ 29]LogModuleManager: Shutting down and abandoning module WmfMedia (190)
[2019.02.07-15.21.40:450][ 29]LogModuleManager: Shutting down and abandoning module Media (189)
[2019.02.07-15.21.40:456][ 29]LogModuleManager: Shutting down and abandoning module PacketHandler (186)
[2019.02.07-15.21.40:456][ 29]LogModuleManager: Shutting down and abandoning module ClothingSystemEditor (184)
[2019.02.07-15.21.40:456][ 29]LogModuleManager: Shutting down and abandoning module ClothingSystemRuntime (182)
[2019.02.07-15.21.40:456][ 29]LogModuleManager: Shutting down and abandoning module MediaAssets (180)
[2019.02.07-15.21.40:456][ 29]LogModuleManager: Shutting down and abandoning module Overlay (178)
[2019.02.07-15.21.40:456][ 29]LogModuleManager: Shutting down and abandoning module OverlayEditor (177)
[2019.02.07-15.21.40:456][ 29]LogModuleManager: Shutting down and abandoning module VREditor (174)
[2019.02.07-15.21.40:456][ 29]LogModuleManager: Shutting down and abandoning module StringTableEditor (172)
[2019.02.07-15.21.40:456][ 29]LogModuleManager: Shutting down and abandoning module GameplayTasksEditor (170)
[2019.02.07-15.21.40:456][ 29]LogModuleManager: Shutting down and abandoning module BehaviorTreeEditor (168)
[2019.02.07-15.21.40:456][ 29]LogModuleManager: Shutting down and abandoning module FunctionalTesting (166)
[2019.02.07-15.21.40:456][ 29]LogModuleManager: Shutting down and abandoning module CollisionAnalyzer (164)
[2019.02.07-15.21.40:456][ 29]LogModuleManager: Shutting down and abandoning module WorkspaceMenuStructure (163)
[2019.02.07-15.21.40:456][ 29]LogModuleManager: Shutting down and abandoning module UMG (160)
[2019.02.07-15.21.40:456][ 29]LogModuleManager: Shutting down and abandoning module UMGEditor (159)
[2019.02.07-15.21.40:456][ 29]LogModuleManager: Shutting down and abandoning module Sequencer (158)
[2019.02.07-15.21.40:456][ 29]LogModuleManager: Shutting down and abandoning module MessageLog (155)
[2019.02.07-15.21.40:456][ 29]LogModuleManager: Shutting down and abandoning module SlateReflector (150)
[2019.02.07-15.21.40:456][ 29]LogModuleManager: Shutting down and abandoning module Slate (148)
[2019.02.07-15.21.40:457][ 29]LogModuleManager: Shutting down and abandoning module EditorStyle (146)
[2019.02.07-15.21.40:458][ 29]LogModuleManager: Shutting down and abandoning module MRMesh (144)
[2019.02.07-15.21.40:458][ 29]LogModuleManager: Shutting down and abandoning module Messaging (142)
[2019.02.07-15.21.40:458][ 29]LogModuleManager: Shutting down and abandoning module SourceCodeAccess (140)
[2019.02.07-15.21.40:458][ 29]LogModuleManager: Shutting down and abandoning module HeadMountedDisplay (138)
[2019.02.07-15.21.40:458][ 29]LogModuleManager: Shutting down and abandoning module XAudio2 (136)
[2019.02.07-15.21.40:458][ 29]LogModuleManager: Shutting down and abandoning module Networking (134)
[2019.02.07-15.21.40:458][ 29]LogModuleManager: Shutting down and abandoning module Core (132)
[2019.02.07-15.21.40:458][ 29]LogModuleManager: Shutting down and abandoning module LevelSequence (130)
[2019.02.07-15.21.40:458][ 29]LogModuleManager: Shutting down and abandoning module KismetCompiler (128)
[2019.02.07-15.21.40:458][ 29]LogModuleManager: Shutting down and abandoning module MeshUtilities (126)
[2019.02.07-15.21.40:458][ 29]LogModuleManager: Shutting down and abandoning module MeshMergeUtilities (125)
[2019.02.07-15.21.40:458][ 29]LogModuleManager: Shutting down and abandoning module MeshReductionInterface (124)
[2019.02.07-15.21.40:458][ 29]LogModuleManager: Shutting down and abandoning module SimplygonSwarm (123)
[2019.02.07-15.21.40:458][ 29]LogModuleManager: Shutting down and abandoning module SimplygonMeshReduction (121)
[2019.02.07-15.21.40:458][ 29]LogModuleManager: Shutting down and abandoning module QuadricMeshReduction (119)
[2019.02.07-15.21.40:458][ 29]LogModuleManager: Shutting down and abandoning module MaterialBaking (115)
[2019.02.07-15.21.40:458][ 29]LogModuleManager: Shutting down and abandoning module DerivedDataCache (110)
[2019.02.07-15.21.40:474][ 29]LogDerivedDataCache: Shutdown
[2019.02.07-15.21.40:474][ 29]LogModuleManager: Shutting down and abandoning module XGEController (108)
[2019.02.07-15.21.40:474][ 29]LogModuleManager: Shutting down and abandoning module TargetPlatform (106)
[2019.02.07-15.21.40:474][ 29]LogModuleManager: Shutting down and abandoning module VulkanShaderFormat (105)
[2019.02.07-15.21.40:474][ 29]LogModuleManager: Shutting down and abandoning module ShaderFormatVectorVM (103)
[2019.02.07-15.21.40:474][ 29]LogModuleManager: Shutting down and abandoning module ShaderFormatOpenGL (101)
[2019.02.07-15.21.40:474][ 29]LogModuleManager: Shutting down and abandoning module ShaderFormatD3D (99)
[2019.02.07-15.21.40:474][ 29]LogModuleManager: Shutting down and abandoning module MetalShaderFormat (97)
[2019.02.07-15.21.40:474][ 29]LogModuleManager: Shutting down and abandoning module TextureFormatUncompressed (95)
[2019.02.07-15.21.40:474][ 29]LogModuleManager: Shutting down and abandoning module TextureFormatPVR (93)
[2019.02.07-15.21.40:474][ 29]LogModuleManager: Shutting down and abandoning module TextureFormatDXT (91)
[2019.02.07-15.21.40:474][ 29]LogModuleManager: Shutting down and abandoning module TextureFormatIntelISPCTexComp (89)
[2019.02.07-15.21.40:475][ 29]LogModuleManager: Shutting down and abandoning module TextureFormatASTC (87)
[2019.02.07-15.21.40:475][ 29]LogModuleManager: Shutting down and abandoning module ImageWrapper (86)
[2019.02.07-15.21.40:475][ 29]LogModuleManager: Shutting down and abandoning module TextureFormatAndroid (83)
[2019.02.07-15.21.40:475][ 29]LogModuleManager: Shutting down and abandoning module AudioFormatOpus (81)
[2019.02.07-15.21.40:475][ 29]LogModuleManager: Shutting down and abandoning module AudioFormatOgg (79)
[2019.02.07-15.21.40:475][ 29]LogModuleManager: Shutting down and abandoning module AudioFormatADPCM (77)
[2019.02.07-15.21.40:475][ 29]LogModuleManager: Shutting down and abandoning module WindowsTargetPlatform (75)
[2019.02.07-15.21.40:475][ 29]LogModuleManager: Shutting down and abandoning module WindowsServerTargetPlatform (73)
[2019.02.07-15.21.40:475][ 29]LogModuleManager: Shutting down and abandoning module WindowsNoEditorTargetPlatform (71)
[2019.02.07-15.21.40:475][ 29]LogModuleManager: Shutting down and abandoning module WindowsClientTargetPlatform (69)
[2019.02.07-15.21.40:475][ 29]LogModuleManager: Shutting down and abandoning module InputCore (66)
[2019.02.07-15.21.40:475][ 29]LogModuleManager: Shutting down and abandoning module Settings (64)
[2019.02.07-15.21.40:475][ 29]LogModuleManager: Shutting down and abandoning module PhysXCooking (62)
[2019.02.07-15.21.40:475][ 29]LogModuleManager: Shutting down and abandoning module SteamVR (60)
[2019.02.07-15.21.40:475][ 29]LogModuleManager: Shutting down and abandoning module OculusHMD (58)
[2019.02.07-15.21.40:475][ 29]LogModuleManager: Shutting down and abandoning module ExampleDeviceProfileSelector (56)
[2019.02.07-15.21.40:475][ 29]LogModuleManager: Shutting down and abandoning module AppleARKit (54)
[2019.02.07-15.21.40:475][ 29]LogModuleManager: Shutting down and abandoning module AugmentedReality (51)
[2019.02.07-15.21.40:475][ 29]LogModuleManager: Shutting down and abandoning module OnlineBlueprintSupport (48)
[2019.02.07-15.21.40:475][ 29]LogModuleManager: Shutting down and abandoning module OnlineSubsystem (44)
[2019.02.07-15.21.40:475][ 29]LogModuleManager: Shutting down and abandoning module XMPP (43)
[2019.02.07-15.21.40:475][ 29]LogModuleManager: Shutting down and abandoning module HTTP (41)
[2019.02.07-15.21.40:485][ 29]LogModuleManager: Shutting down and abandoning module SSL (40)
[2019.02.07-15.21.40:487][ 29]LogModuleManager: Shutting down and abandoning module AnimationModifiers (36)
[2019.02.07-15.21.40:487][ 29]LogModuleManager: Shutting down and abandoning module PropertyEditor (35)
[2019.02.07-15.21.40:487][ 29]LogModuleManager: Shutting down and abandoning module AudioEditor (32)
[2019.02.07-15.21.40:487][ 29]LogModuleManager: Shutting down and abandoning module TextureCompressor (30)
[2019.02.07-15.21.40:487][ 29]LogModuleManager: Shutting down and abandoning module ShaderCore (28)
[2019.02.07-15.21.40:487][ 29]LogModuleManager: Shutting down and abandoning module Landscape (26)
[2019.02.07-15.21.40:487][ 29]LogModuleManager: Shutting down and abandoning module SlateRHIRenderer (24)
[2019.02.07-15.21.40:487][ 29]LogModuleManager: Shutting down and abandoning module OpenGLDrv (22)
[2019.02.07-15.21.40:487][ 29]LogModuleManager: Shutting down and abandoning module D3D11RHI (20)
[2019.02.07-15.21.40:487][ 29]LogModuleManager: Shutting down and abandoning module AnimGraphRuntime (18)
[2019.02.07-15.21.40:487][ 29]LogModuleManager: Shutting down and abandoning module Renderer (16)
[2019.02.07-15.21.40:487][ 29]LogModuleManager: Shutting down and abandoning module Engine (14)
[2019.02.07-15.21.40:487][ 29]LogModuleManager: Shutting down and abandoning module CoreUObject (12)
[2019.02.07-15.21.40:487][ 29]LogModuleManager: Shutting down and abandoning module NetworkFile (10)
[2019.02.07-15.21.40:487][ 29]LogModuleManager: Shutting down and abandoning module CookedIterativeFile (8)
[2019.02.07-15.21.40:487][ 29]LogModuleManager: Shutting down and abandoning module StreamingFile (6)
[2019.02.07-15.21.40:487][ 29]LogModuleManager: Shutting down and abandoning module SandboxFile (4)
[2019.02.07-15.21.40:487][ 29]LogModuleManager: Shutting down and abandoning module PakFile (2)
[2019.02.07-15.21.40:490][ 29]LogExit: Exiting.
[2019.02.07-15.21.40:491][ 29]Log file closed, 02/07/19 15:21:40
