Log file open, 02/21/19 09:11:07
LogWindows: Failed to load 'aqProf.dll' (GetLastError=126)
LogWindows: File 'aqProf.dll' does not exist
LogWindows: Failed to load 'VtuneApi.dll' (GetLastError=126)
LogWindows: File 'VtuneApi.dll' does not exist
LogWindows: Failed to load 'VtuneApi32e.dll' (GetLastError=126)
LogWindows: File 'VtuneApi32e.dll' does not exist
LogInit: Display: Running engine for game: RiseOfXeru
LogPlatformFile: Not using cached read wrapper
LogInit: Display: RandInit(1354087924) SRandInit(1354087924).
LogInit: Read version file with build ID '3944462'
LogInit: Overriding engine version to CL 4033788, compatible CL 3944462
LogInit: Registered custom module enumerator with build ID '3944462'
LogTaskGraph: Started task graph with 5 named threads and 23 total threads with 3 sets of task threads.
LogStats: Stats thread started at 0.303442
LogD3D11RHI: Aftermath initialized
LogICUInternationalization: Display: ICU TimeZone Detection - Raw Offset: +0:00, Platform Override: ''
LogModuleManager: Display: Found up-to-date module file ../../../Engine/Plugins/2D/Paper2D/Binaries/Win64/UE4Editor-Paper2D.dll (API version 3944462).
LogModuleManager: Display: Found up-to-date module file ../../../Engine/Plugins/2D/Paper2D/Binaries/Win64/UE4Editor-Paper2DEditor.dll (API version 3944462).
LogModuleManager: Display: Found up-to-date module file ../../../Engine/Plugins/2D/Paper2D/Binaries/Win64/UE4Editor-PaperSpriteSheetImporter.dll (API version 3944462).
LogModuleManager: Display: Found up-to-date module file ../../../Engine/Plugins/2D/Paper2D/Binaries/Win64/UE4Editor-PaperTiledImporter.dll (API version 3944462).
LogModuleManager: Display: Found up-to-date module file ../../../Engine/Plugins/2D/Paper2D/Binaries/Win64/UE4Editor-SmartSnapping.dll (API version 3944462).
LogModuleManager: Display: Found up-to-date module file ../../../Engine/Plugins/Blendables/LightPropagationVolume/Binaries/Win64/UE4Editor-LightPropagationVolumeRuntime.dll (API version 3944462).
LogModuleManager: Display: Found up-to-date module file ../../../Engine/Plugins/Blendables/LightPropagationVolume/Binaries/Win64/UE4Editor-LightPropagationVolumeEditor.dll (API version 3944462).
LogModuleManager: Display: Found up-to-date module file ../../../Engine/Plugins/Developer/CLionSourceCodeAccess/Binaries/Win64/UE4Editor-CLionSourceCodeAccess.dll (API version 3944462).
LogModuleManager: Display: Found up-to-date module file ../../../Engine/Plugins/Developer/GitSourceControl/Binaries/Win64/UE4Editor-GitSourceControl.dll (API version 3944462).
LogModuleManager: Display: Found up-to-date module file ../../../Engine/Plugins/Developer/PerforceSourceControl/Binaries/Win64/UE4Editor-PerforceSourceControl.dll (API version 3944462).
LogModuleManager: Display: Found up-to-date module file ../../../Engine/Plugins/Developer/SubversionSourceControl/Binaries/Win64/UE4Editor-SubversionSourceControl.dll (API version 3944462).
LogModuleManager: Display: Found up-to-date module file ../../../Engine/Plugins/Developer/UObjectPlugin/Binaries/Win64/UE4Editor-UObjectPlugin.dll (API version 3944462).
LogModuleManager: Display: Found up-to-date module file ../../../Engine/Plugins/Developer/VisualStudioCodeSourceCodeAccess/Binaries/Win64/UE4Editor-VisualStudioCodeSourceCodeAccess.dll (API version 3944462).
LogModuleManager: Display: Found up-to-date module file ../../../Engine/Plugins/Developer/VisualStudioSourceCodeAccess/Binaries/Win64/UE4Editor-VisualStudioSourceCodeAccess.dll (API version 3944462).
LogModuleManager: Display: Found up-to-date module file ../../../Engine/Plugins/Editor/AssetManagerEditor/Binaries/Win64/UE4Editor-AssetManagerEditor.dll (API version 3944462).
LogModuleManager: Display: Found up-to-date module file ../../../Engine/Plugins/Editor/CryptoKeys/Binaries/Win64/UE4Editor-CryptoKeys.dll (API version 3944462).
LogModuleManager: Display: Found up-to-date module file ../../../Engine/Plugins/Editor/CryptoKeys/Binaries/Win64/UE4Editor-CryptoKeysOpenSSL.dll (API version 3944462).
LogModuleManager: Display: Found up-to-date module file ../../../Engine/Plugins/Editor/DataValidation/Binaries/Win64/UE4Editor-DataValidation.dll (API version 3944462).
LogModuleManager: Display: Found up-to-date module file ../../../Engine/Plugins/Editor/FacialAnimation/Binaries/Win64/UE4Editor-FacialAnimation.dll (API version 3944462).
LogModuleManager: Display: Found up-to-date module file ../../../Engine/Plugins/Editor/FacialAnimation/Binaries/Win64/UE4Editor-FacialAnimationEditor.dll (API version 3944462).
LogModuleManager: Display: Found up-to-date module file ../../../Engine/Plugins/Editor/GameplayTagsEditor/Binaries/Win64/UE4Editor-GameplayTagsEditor.dll (API version 3944462).
LogModuleManager: Display: Found up-to-date module file ../../../Engine/Plugins/Editor/MobileLauncherProfileWizard/Binaries/Win64/UE4Editor-MobileLauncherProfileWizard.dll (API version 3944462).
LogModuleManager: Display: Found up-to-date module file ../../../Engine/Plugins/Editor/PluginBrowser/Binaries/Win64/UE4Editor-PluginBrowser.dll (API version 3944462).
LogModuleManager: Display: Found up-to-date module file ../../../Engine/Plugins/Editor/SpeedTreeImporter/Binaries/Win64/UE4Editor-SpeedTreeImporter.dll (API version 3944462).
LogModuleManager: Display: Found up-to-date module file ../../../Engine/Plugins/Enterprise/DatasmithContent/Binaries/Win64/UE4Editor-DatasmithContent.dll (API version 3944462).
LogModuleManager: Display: Found up-to-date module file ../../../Engine/Plugins/Experimental/AlembicImporter/Binaries/Win64/UE4Editor-AlembicImporter.dll (API version 3944462).
LogModuleManager: Display: Found up-to-date module file ../../../Engine/Plugins/Experimental/AlembicImporter/Binaries/Win64/UE4Editor-AlembicLibrary.dll (API version 3944462).
LogModuleManager: Display: Found up-to-date module file ../../../Engine/Plugins/Experimental/CharacterAI/Binaries/Win64/UE4Editor-CharacterAI.dll (API version 3944462).
LogModuleManager: Display: Found up-to-date module file ../../../Engine/Plugins/Experimental/HTML5Networking/Binaries/Win64/UE4Editor-HTML5Networking.dll (API version 3944462).
LogModuleManager: Display: Found up-to-date module file ../../../Engine/Plugins/Media/AndroidMedia/Binaries/Win64/UE4Editor-AndroidMediaEditor.dll (API version 3944462).
LogModuleManager: Display: Found up-to-date module file ../../../Engine/Plugins/Media/AndroidMedia/Binaries/Win64/UE4Editor-AndroidMediaFactory.dll (API version 3944462).
LogModuleManager: Display: Found up-to-date module file ../../../Engine/Plugins/Media/AvfMedia/Binaries/Win64/UE4Editor-AvfMediaEditor.dll (API version 3944462).
LogModuleManager: Display: Found up-to-date module file ../../../Engine/Plugins/Media/AvfMedia/Binaries/Win64/UE4Editor-AvfMediaFactory.dll (API version 3944462).
LogModuleManager: Display: Found up-to-date module file ../../../Engine/Plugins/Media/AvfMedia/Binaries/Win64/UE4Editor-AvfMediaFactory.dll (API version 3944462).
LogModuleManager: Display: Found up-to-date module file ../../../Engine/Plugins/Media/ImgMedia/Binaries/Win64/UE4Editor-ImgMedia.dll (API version 3944462).
LogModuleManager: Display: Found up-to-date module file ../../../Engine/Plugins/Media/ImgMedia/Binaries/Win64/UE4Editor-ImgMediaEditor.dll (API version 3944462).
LogModuleManager: Display: Found up-to-date module file ../../../Engine/Plugins/Media/ImgMedia/Binaries/Win64/UE4Editor-ImgMediaFactory.dll (API version 3944462).
LogModuleManager: Display: Found up-to-date module file ../../../Engine/Plugins/Media/ImgMedia/Binaries/Win64/UE4Editor-ImgMediaFactory.dll (API version 3944462).
LogModuleManager: Display: Found up-to-date module file ../../../Engine/Plugins/Media/ImgMedia/Binaries/Win64/UE4Editor-OpenExrWrapper.dll (API version 3944462).
LogModuleManager: Display: Found up-to-date module file ../../../Engine/Plugins/Media/LinearTimecode/Binaries/Win64/UE4Editor-LinearTimecode.dll (API version 3944462).
LogModuleManager: Display: Found up-to-date module file ../../../Engine/Plugins/Media/MediaCompositing/Binaries/Win64/UE4Editor-MediaCompositing.dll (API version 3944462).
LogModuleManager: Display: Found up-to-date module file ../../../Engine/Plugins/Media/MediaCompositing/Binaries/Win64/UE4Editor-MediaCompositingEditor.dll (API version 3944462).
LogModuleManager: Display: Found up-to-date module file ../../../Engine/Plugins/Media/MediaPlayerEditor/Binaries/Win64/UE4Editor-MediaPlayerEditor.dll (API version 3944462).
LogModuleManager: Display: Found up-to-date module file ../../../Engine/Plugins/Media/WmfMedia/Binaries/Win64/UE4Editor-WmfMedia.dll (API version 3944462).
LogModuleManager: Display: Found up-to-date module file ../../../Engine/Plugins/Media/WmfMedia/Binaries/Win64/UE4Editor-WmfMediaEditor.dll (API version 3944462).
LogModuleManager: Display: Found up-to-date module file ../../../Engine/Plugins/Media/WmfMedia/Binaries/Win64/UE4Editor-WmfMediaFactory.dll (API version 3944462).
LogModuleManager: Display: Found up-to-date module file ../../../Engine/Plugins/Media/WmfMedia/Binaries/Win64/UE4Editor-WmfMediaFactory.dll (API version 3944462).
LogModuleManager: Display: Found up-to-date module file ../../../Engine/Plugins/Messaging/TcpMessaging/Binaries/Win64/UE4Editor-TcpMessaging.dll (API version 3944462).
LogModuleManager: Display: Found up-to-date module file ../../../Engine/Plugins/Messaging/UdpMessaging/Binaries/Win64/UE4Editor-UdpMessaging.dll (API version 3944462).
LogModuleManager: Display: Found up-to-date module file ../../../Engine/Plugins/MovieScene/ActorSequence/Binaries/Win64/UE4Editor-ActorSequence.dll (API version 3944462).
LogModuleManager: Display: Found up-to-date module file ../../../Engine/Plugins/MovieScene/LevelSequenceEditor/Binaries/Win64/UE4Editor-LevelSequenceEditor.dll (API version 3944462).
LogModuleManager: Display: Found up-to-date module file ../../../Engine/Plugins/MovieScene/MatineeToLevelSequence/Binaries/Win64/UE4Editor-MatineeToLevelSequence.dll (API version 3944462).
LogModuleManager: Display: Found up-to-date module file ../../../Engine/Plugins/NetcodeUnitTest/NetcodeUnitTest/Binaries/Win64/UE4Editor-NetcodeUnitTest.dll (API version 3944462).
LogModuleManager: Display: Found up-to-date module file ../../../Engine/Plugins/NetcodeUnitTest/NUTUnrealEngine4/Binaries/Win64/UE4Editor-NUTUnrealEngine4.dll (API version 3944462).
LogModuleManager: Display: Found up-to-date module file ../../../Engine/Plugins/Online/OnlineSubsystem/Binaries/Win64/UE4Editor-OnlineSubsystem.dll (API version 3944462).
LogModuleManager: Display: Found up-to-date module file ../../../Engine/Plugins/Runtime/AndroidPermission/Binaries/Win64/UE4Editor-AndroidPermission.dll (API version 3944462).
LogModuleManager: Display: Found up-to-date module file ../../../Engine/Plugins/Online/OnlineSubsystemNull/Binaries/Win64/UE4Editor-OnlineSubsystemNull.dll (API version 3944462).
LogModuleManager: Display: Found up-to-date module file ../../../Engine/Plugins/Online/OnlineSubsystemUtils/Binaries/Win64/UE4Editor-OnlineSubsystemUtils.dll (API version 3944462).
LogModuleManager: Display: Found up-to-date module file ../../../Engine/Plugins/Online/OnlineSubsystemUtils/Binaries/Win64/UE4Editor-OnlineBlueprintSupport.dll (API version 3944462).
LogModuleManager: Display: Found up-to-date module file ../../../Engine/Plugins/Runtime/AndroidDeviceProfileSelector/Binaries/Win64/UE4Editor-AndroidDeviceProfileSelector.dll (API version 3944462).
LogModuleManager: Display: Found up-to-date module file ../../../Engine/Plugins/Runtime/AppleARKit/Binaries/Win64/UE4Editor-AppleARKit.dll (API version 3944462).
LogModuleManager: Display: Found up-to-date module file ../../../Engine/Plugins/Runtime/ProceduralMeshComponent/Binaries/Win64/UE4Editor-ProceduralMeshComponent.dll (API version 3944462).
LogModuleManager: Display: Found up-to-date module file ../../../Engine/Plugins/Runtime/ProceduralMeshComponent/Binaries/Win64/UE4Editor-ProceduralMeshComponentEditor.dll (API version 3944462).
LogModuleManager: Display: Found up-to-date module file ../../../Engine/Plugins/Animation/LiveLink/Binaries/Win64/UE4Editor-LiveLink.dll (API version 3944462).
LogModuleManager: Display: Found up-to-date module file ../../../Engine/Plugins/Animation/LiveLink/Binaries/Win64/UE4Editor-LiveLinkEditor.dll (API version 3944462).
LogModuleManager: Display: Found up-to-date module file ../../../Engine/Plugins/Runtime/ArchVisCharacter/Binaries/Win64/UE4Editor-ArchVisCharacter.dll (API version 3944462).
LogModuleManager: Display: Found up-to-date module file ../../../Engine/Plugins/Runtime/AudioCapture/Binaries/Win64/UE4Editor-AudioCapture.dll (API version 3944462).
LogModuleManager: Display: Found up-to-date module file ../../../Engine/Plugins/Runtime/AudioCapture/Binaries/Win64/UE4Editor-AudioCaptureEditor.dll (API version 3944462).
LogModuleManager: Display: Found up-to-date module file ../../../Engine/Plugins/Runtime/CableComponent/Binaries/Win64/UE4Editor-CableComponent.dll (API version 3944462).
LogModuleManager: Display: Found up-to-date module file ../../../Engine/Plugins/Runtime/CustomMeshComponent/Binaries/Win64/UE4Editor-CustomMeshComponent.dll (API version 3944462).
LogModuleManager: Display: Found up-to-date module file ../../../Engine/Plugins/Runtime/ExampleDeviceProfileSelector/Binaries/Win64/UE4Editor-ExampleDeviceProfileSelector.dll (API version 3944462).
LogModuleManager: Display: Found up-to-date module file ../../../Engine/Plugins/Runtime/ImmediatePhysics/Binaries/Win64/UE4Editor-ImmediatePhysics.dll (API version 3944462).
LogModuleManager: Display: Found up-to-date module file ../../../Engine/Plugins/Runtime/ImmediatePhysics/Binaries/Win64/UE4Editor-ImmediatePhysicsEditor.dll (API version 3944462).
LogModuleManager: Display: Found up-to-date module file ../../../Engine/Plugins/Runtime/LocationServicesBPLibrary/Binaries/Win64/UE4Editor-LocationServicesBPLibrary.dll (API version 3944462).
LogModuleManager: Display: Found up-to-date module file ../../../Engine/Plugins/Runtime/MobilePatchingUtils/Binaries/Win64/UE4Editor-MobilePatchingUtils.dll (API version 3944462).
LogModuleManager: Display: Found up-to-date module file ../../../Engine/Plugins/Runtime/Oculus/OculusVR/Binaries/Win64/UE4Editor-OculusHMD.dll (API version 3944462).
LogModuleManager: Display: Found up-to-date module file ../../../Engine/Plugins/Runtime/Oculus/OculusVR/Binaries/Win64/UE4Editor-OculusInput.dll (API version 3944462).
LogModuleManager: Display: Found up-to-date module file ../../../Engine/Plugins/Runtime/Oculus/OculusVR/Binaries/Win64/UE4Editor-OculusEditor.dll (API version 3944462).
LogModuleManager: Display: Found up-to-date module file ../../../Engine/Plugins/Runtime/PhysXVehicles/Binaries/Win64/UE4Editor-PhysXVehicles.dll (API version 3944462).
LogModuleManager: Display: Found up-to-date module file ../../../Engine/Plugins/Runtime/PhysXVehicles/Binaries/Win64/UE4Editor-PhysXVehiclesEditor.dll (API version 3944462).
LogModuleManager: Display: Found up-to-date module file ../../../Engine/Plugins/Runtime/RuntimePhysXCooking/Binaries/Win64/UE4Editor-RuntimePhysXCooking.dll (API version 3944462).
LogModuleManager: Display: Found up-to-date module file ../../../Engine/Plugins/Runtime/Steam/SteamVR/Binaries/Win64/UE4Editor-SteamVR.dll (API version 3944462).
LogModuleManager: Display: Found up-to-date module file ../../../Engine/Plugins/Runtime/Steam/SteamVR/Binaries/Win64/UE4Editor-SteamVRController.dll (API version 3944462).
LogModuleManager: Display: Found up-to-date module file ../../../Engine/Plugins/Runtime/WindowsMoviePlayer/Binaries/Win64/UE4Editor-WindowsMoviePlayer.dll (API version 3944462).
LogPluginManager: Mounting plugin Paper2D
LogPluginManager: Mounting plugin LiveLink
LogPluginManager: Mounting plugin LightPropagationVolume
LogPluginManager: Mounting plugin CLionSourceCodeAccess
LogPluginManager: Mounting plugin CodeLiteSourceCodeAccess
LogPluginManager: Mounting plugin GitSourceControl
LogPluginManager: Mounting plugin KDevelopSourceCodeAccess
LogPluginManager: Mounting plugin NullSourceCodeAccess
LogPluginManager: Mounting plugin PerforceSourceControl
LogPluginManager: Mounting plugin SubversionSourceControl
LogPluginManager: Mounting plugin UObjectPlugin
LogPluginManager: Mounting plugin VisualStudioCodeSourceCodeAccess
LogPluginManager: Mounting plugin VisualStudioSourceCodeAccess
LogPluginManager: Mounting plugin XCodeSourceCodeAccess
LogPluginManager: Mounting plugin AssetManagerEditor
LogPluginManager: Mounting plugin CryptoKeys
LogPluginManager: Mounting plugin DataValidation
LogPluginManager: Mounting plugin FacialAnimation
LogPluginManager: Mounting plugin GameplayTagsEditor
LogPluginManager: Mounting plugin MobileLauncherProfileWizard
LogPluginManager: Mounting plugin PluginBrowser
LogPluginManager: Mounting plugin SpeedTreeImporter
LogPluginManager: Mounting plugin DatasmithContent
LogPluginManager: Mounting plugin AlembicImporter
LogPluginManager: Mounting plugin CharacterAI
LogPluginManager: Mounting plugin HTML5Networking
LogPluginManager: Mounting plugin AndroidMedia
LogPluginManager: Mounting plugin AvfMedia
LogPluginManager: Mounting plugin ImgMedia
LogPluginManager: Mounting plugin LinearTimecode
LogPluginManager: Mounting plugin MediaCompositing
LogPluginManager: Mounting plugin MediaPlayerEditor
LogPluginManager: Mounting plugin WmfMedia
LogPluginManager: Mounting plugin TcpMessaging
LogPluginManager: Mounting plugin UdpMessaging
LogPluginManager: Mounting plugin ActorSequence
LogPluginManager: Mounting plugin LevelSequenceEditor
LogPluginManager: Mounting plugin MatineeToLevelSequence
LogPluginManager: Mounting plugin NetcodeUnitTest
LogPluginManager: Mounting plugin NUTUnrealEngine4
LogPluginManager: Mounting plugin OnlineSubsystemGooglePlay
LogPluginManager: Mounting plugin OnlineSubsystemIOS
LogPluginManager: Mounting plugin OnlineSubsystem
LogPluginManager: Mounting plugin OnlineSubsystemNull
LogPluginManager: Mounting plugin OnlineSubsystemUtils
LogPluginManager: Mounting plugin AndroidDeviceProfileSelector
LogPluginManager: Mounting plugin AndroidMoviePlayer
LogPluginManager: Mounting plugin AndroidPermission
LogPluginManager: Mounting plugin AppleARKit
LogPluginManager: Mounting plugin AppleMoviePlayer
LogPluginManager: Mounting plugin ArchVisCharacter
LogPluginManager: Mounting plugin AudioCapture
LogPluginManager: Mounting plugin CableComponent
LogPluginManager: Mounting plugin CustomMeshComponent
LogPluginManager: Mounting plugin ExampleDeviceProfileSelector
LogPluginManager: Mounting plugin GoogleCloudMessaging
LogPluginManager: Mounting plugin ImmediatePhysics
LogPluginManager: Mounting plugin IOSDeviceProfileSelector
LogPluginManager: Mounting plugin LinuxDeviceProfileSelector
LogPluginManager: Mounting plugin LocationServicesBPLibrary
LogPluginManager: Mounting plugin MobilePatchingUtils
LogPluginManager: Mounting plugin OculusVR
LogPluginManager: Plugin shader directory ../../../Engine/Plugins/Runtime/Oculus/OculusVR/Shaders found
LogPluginManager: Mapping shader source directory ../../../Engine/Plugins/Runtime/Oculus/OculusVR/Shaders to virtual directory /Plugin/OculusVR
LogPluginManager: Mounting plugin PhysXVehicles
LogPluginManager: Mounting plugin ProceduralMeshComponent
LogPluginManager: Mounting plugin RuntimePhysXCooking
LogPluginManager: Mounting plugin SteamVR
LogPluginManager: Mounting plugin WindowsMoviePlayer
LogStreaming: Display: Took  1.823s to configure plugins.
LogInit: Using libcurl 7.47.1
LogInit:  - built for x86_64-pc-win32
LogInit:  - supports SSL with OpenSSL/1.0.2g
LogInit:  - supports HTTP deflate (compression) using libz 1.2.8
LogInit:  - other features:
LogInit:      CURL_VERSION_SSL
LogInit:      CURL_VERSION_LIBZ
LogInit:      CURL_VERSION_IPV6
LogInit:      CURL_VERSION_ASYNCHDNS
LogInit:      CURL_VERSION_LARGEFILE
LogInit:      CURL_VERSION_IDN
LogInit:  CurlRequestOptions (configurable via config and command line):
LogInit:  - bVerifyPeer = false  - Libcurl will NOT verify peer certificate
LogInit:  - bUseHttpProxy = false  - Libcurl will NOT use HTTP proxy
LogInit:  - bDontReuseConnections = false  - Libcurl will reuse connections
LogInit:  - CertBundlePath = nullptr  - Libcurl will use whatever was configured at build time.
LogInit:  - MaxHostConnections = 16  - Libcurl will limit the number of connections to a host
LogInit:  - LocalHostAddr = Default
LogInit: WinSock: version 1.1 (2.2), MaxSocks=32767, MaxUdp=65467
LogInit: WinSock: I am LAPTOP-UTJ83PL4 (10.182.32.105:0)
LogInit: Build: ++UE4+Release-4.19-CL-4033788
LogInit: Engine Version: 4.19.2-4033788+++UE4+Release-4.19
LogInit: Compatible Engine Version: 4.19.0-3944462+++UE4+Release-4.19
LogInit: Net CL: 3944462
LogDevObjectVersion: Number of dev versions registered: 18
LogDevObjectVersion:   Dev-Blueprints (B0D832E4-1F89-4F0D-ACCF-7EB736FD4AA2): 10
LogDevObjectVersion:   Dev-Build (E1C64328-A22C-4D53-A36C-8E866417BD8C): 0
LogDevObjectVersion:   Dev-Core (375EC13C-06E4-48FB-B500-84F0262A717E): 2
LogDevObjectVersion:   Dev-Editor (E4B068ED-F494-42E9-A231-DA0B2E46BB41): 23
LogDevObjectVersion:   Dev-Framework (CFFC743F-43B0-4480-9391-14DF171D2073): 33
LogDevObjectVersion:   Dev-Mobile (B02B49B5-BB20-44E9-A304-32B752E40360): 2
LogDevObjectVersion:   Dev-Networking (A4E4105C-59A1-49B5-A7C5-40C4547EDFEE): 0
LogDevObjectVersion:   Dev-Online (39C831C9-5AE6-47DC-9A44-9C173E1C8E7C): 0
LogDevObjectVersion:   Dev-Physics (78F01B33-EBEA-4F98-B9B4-84EACCB95AA2): 0
LogDevObjectVersion:   Dev-Platform (6631380F-2D4D-43E0-8009-CF276956A95A): 0
LogDevObjectVersion:   Dev-Rendering (12F88B9F-8875-4AFC-A67C-D90C383ABD29): 25
LogDevObjectVersion:   Dev-Sequencer (7B5AE74C-D270-4C10-A958-57980B212A5A): 6
LogDevObjectVersion:   Dev-VR (D7296918-1DD6-4BDD-9DE2-64A83CC13884): 1
LogDevObjectVersion:   Dev-LoadTimes (C2A15278-BFE7-4AFE-6C17-90FF531DF755): 1
LogDevObjectVersion:   Private-Geometry (6EACA3D4-40EC-4CC1-B786-8BED09428FC5): 2
LogDevObjectVersion:   Dev-AnimPhys (29E575DD-E0A3-4627-9D10-D276232CDCEA): 16
LogDevObjectVersion:   Dev-ReflectionCapture (6B266CEC-1EC7-4B8F-A30B-E4D90942FC07): 1
LogDevObjectVersion:   Dev-Automation (0DF73D61-A23F-47EA-B727-89E90C41499A): 1
LogInit: Compiled (64-bit): Apr 27 2018 02:06:57
LogInit: Compiled with Visual C++: 19.00.24215.01
LogInit: Build Configuration: Development
LogInit: Branch Name: ++UE4+Release-4.19
LogInit: Command Line:  /Game/Game/Maps/MainMenu -game -PIEVIACONSOLE -ResX=1280 -ResY=720  -Multiprocess -messaging -SessionName="Play in Standalone Game" -featureleveles2 -faketouches -windowed 
LogInit: Base Directory: C:/Program Files/Epic Games/UE_4.19/Engine/Binaries/Win64/
LogInit: Installed Engine Build: 1
LogStreaming: Display: Took  0.003s to delete old logs.
LogInit: Presizing for max 8388607 objects, including 0 objects not considered by GC, pre-allocating 0 bytes for permanent pool.
LogInit: Object subsystem initialized
[2019.02.21-09.11.10:136][  0]LogInit: Selected Device Profile: [Windows]
[2019.02.21-09.11.10:136][  0]LogInit: Applying CVar settings loaded from the selected device profile: [Windows]
[2019.02.21-09.11.10:168][  0]LogInit: Computer: LAPTOP-UTJ83PL4
[2019.02.21-09.11.10:168][  0]LogInit: User: samre
[2019.02.21-09.11.10:168][  0]LogInit: CPU Page size=4096, Cores=4
[2019.02.21-09.11.10:168][  0]LogInit: High frequency timer resolution =2.742188 MHz
[2019.02.21-09.11.10:169][  0]LogMemory: Memory total: Physical=7.9GB (8GB approx)
[2019.02.21-09.11.10:169][  0]LogMemory: Platform Memory Stats for Windows
[2019.02.21-09.11.10:169][  0]LogMemory: Process Physical Memory: 273.76 MB used, 273.76 MB peak
[2019.02.21-09.11.10:169][  0]LogMemory: Process Virtual Memory: 264.61 MB used, 264.61 MB peak
[2019.02.21-09.11.10:169][  0]LogMemory: Physical Memory: 5797.92 MB used,  2279.30 MB free, 8077.22 MB total
[2019.02.21-09.11.10:169][  0]LogMemory: Virtual Memory: 4790.84 MB used,  2279.30 MB free, 134217728.00 MB total
[2019.02.21-09.11.10:229][  0]LogInit: Using OS detected language (en-GB).
[2019.02.21-09.11.10:229][  0]LogInit: Using OS detected locale (en-GB).
[2019.02.21-09.11.10:229][  0]LogTextLocalizationManager: No localization for 'en-GB' exists, so 'en' will be used for the language.
[2019.02.21-09.11.10:229][  0]LogTextLocalizationManager: No localization for 'en-GB' exists, so 'en' will be used for the locale.
[2019.02.21-09.11.10:893][  0]LogStreaming: Display: Took  0.664s to EndInitTextLocalization.
[2019.02.21-09.11.11:009][  0]LogSlate: New Slate User Created.  User Index 0, Is Virtual User: 0
[2019.02.21-09.11.11:009][  0]LogSlate: Slate User Registered.  User Index 0, Is Virtual User: 0
[2019.02.21-09.11.11:021][  0]LogD3D11RHI: D3D11 adapters:
[2019.02.21-09.11.11:115][  0]LogD3D11RHI:    0. 'NVIDIA GeForce GTX 1050' (Feature Level 11_0)
[2019.02.21-09.11.11:115][  0]LogD3D11RHI:       1977/0/4038 MB DedicatedVideo/DedicatedSystem/SharedSystem, Outputs:1, VendorId:0x10de
[2019.02.21-09.11.11:127][  0]LogD3D11RHI:    1. 'Intel(R) HD Graphics 630' (Feature Level 11_0)
[2019.02.21-09.11.11:127][  0]LogD3D11RHI:       128/0/4038 MB DedicatedVideo/DedicatedSystem/SharedSystem, Outputs:0, VendorId:0x8086
[2019.02.21-09.11.11:129][  0]LogD3D11RHI:    2. 'Microsoft Basic Render Driver' (Feature Level 11_0)
[2019.02.21-09.11.11:129][  0]LogD3D11RHI:       0/0/4038 MB DedicatedVideo/DedicatedSystem/SharedSystem, Outputs:0, VendorId:0x1414
[2019.02.21-09.11.11:129][  0]LogD3D11RHI: Chosen D3D11 Adapter: 0
[2019.02.21-09.11.11:148][  0]LogD3D11RHI: Creating new Direct3DDevice
[2019.02.21-09.11.11:148][  0]LogD3D11RHI:     GPU DeviceId: 0x1c8d (for the marketing name, search the web for "GPU Device Id")
[2019.02.21-09.11.11:148][  0]LogWindows: EnumDisplayDevices:
[2019.02.21-09.11.11:148][  0]LogWindows:    0. 'Intel(R) HD Graphics 630' (P:1 D:1)
[2019.02.21-09.11.11:148][  0]LogWindows:    1. 'Intel(R) HD Graphics 630' (P:0 D:0)
[2019.02.21-09.11.11:149][  0]LogWindows:    2. 'Intel(R) HD Graphics 630' (P:0 D:0)
[2019.02.21-09.11.11:149][  0]LogWindows:    3. 'NVIDIA GeForce GTX 1050' (P:0 D:0)
[2019.02.21-09.11.11:149][  0]LogWindows: DebugString: GetVideoDriverDetailsInvalid PrimaryIsNotTheChoosenAdapter GetVideoDriverDetailsInvalid PrimaryIsNotTheChoosenAdapter GetVideoDriverDetailsInvalid PrimaryIsNotTheChoosenAdapter GetVideoDriverDetailsInvalid PrimaryIsNotTheChoosenAdapter FoundDriverCount:0 
[2019.02.21-09.11.11:149][  0]LogD3D11RHI:     Adapter Name: NVIDIA GeForce GTX 1050
[2019.02.21-09.11.11:149][  0]LogD3D11RHI:   Driver Version: Unknown (internal:Unknown, unified:Unknown)
[2019.02.21-09.11.11:149][  0]LogD3D11RHI:      Driver Date: Unknown
[2019.02.21-09.11.11:149][  0]LogRHI: Texture pool is 1384 MB (70% of 1977 MB)
[2019.02.21-09.11.11:190][  0]LogD3D11RHI: [Aftermath] Aftermath enabled and primed
[2019.02.21-09.11.11:190][  0]LogD3D11RHI: [Aftermath] Aftermath enabled and primed
[2019.02.21-09.11.11:190][  0]LogD3D11RHI: Async texture creation enabled
[2019.02.21-09.11.11:207][  0]LogD3D11RHI: GPU Timing Frequency: 1000.000000 (Debug: 2 2)
[2019.02.21-09.11.11:207][  0]LogShaderCompilers: Guid format shader working directory is -29 characters bigger than the processId version (../../../../../../Users/samre/Documents/GitHub/Rise-of-Xeru/RiseOfXeruUnreal/Intermediate/Shaders/WorkingDirectory/100/).
[2019.02.21-09.11.11:208][  0]LogShaderCompilers: Cleaned the shader compiler working directory 'C:/Users/samre/AppData/Local/Temp/UnrealShaderWorkingDir/79F6B3514AE57A7CF45AFF97A1F70A3A/'.
[2019.02.21-09.11.12:249][  0]LogTemp: Display: Loaded TP WindowsClientTargetPlatform
[2019.02.21-09.11.12:264][  0]LogTemp: Display: Loaded TP WindowsNoEditorTargetPlatform
[2019.02.21-09.11.12:279][  0]LogTemp: Display: Loaded TP WindowsServerTargetPlatform
[2019.02.21-09.11.12:298][  0]LogTemp: Display: Loaded TP WindowsTargetPlatform
[2019.02.21-09.11.12:298][  0]LogTargetPlatformManager: Display: Building Assets For Windows
[2019.02.21-09.11.12:515][  0]LogXGEController: Cannot use XGE Controller as Incredibuild is not installed on this machine.
[2019.02.21-09.11.12:515][  0]LogShaderCompilers: Cannot use XGE Shader Compiler as Incredibuild is not installed on this machine.
[2019.02.21-09.11.12:515][  0]LogShaderCompilers: Display: Using Local Shader Compiler.
[2019.02.21-09.11.15:983][  0]LogDerivedDataCache: Display: Max Cache Size: 512 MB
[2019.02.21-09.11.16:054][  0]LogDerivedDataCache: Loaded boot cache 0.07s 74MB C:/Users/samre/AppData/Local/UnrealEngine/4.19/DerivedDataCache/Boot.ddc.
[2019.02.21-09.11.16:054][  0]LogDerivedDataCache: Display: Loaded Boot cache: C:/Users/samre/AppData/Local/UnrealEngine/4.19/DerivedDataCache/Boot.ddc
[2019.02.21-09.11.16:054][  0]LogDerivedDataCache: FDerivedDataBackendGraph:  Pak pak cache file ../../../../../../Users/samre/Documents/GitHub/Rise-of-Xeru/RiseOfXeruUnreal/DerivedDataCache/DDC.ddp not found, will not use a pak cache.
[2019.02.21-09.11.16:054][  0]LogDerivedDataCache: Unable to find inner node Pak for hierarchical cache Hierarchy.
[2019.02.21-09.11.16:054][  0]LogDerivedDataCache: FDerivedDataBackendGraph:  CompressedPak pak cache file ../../../../../../Users/samre/Documents/GitHub/Rise-of-Xeru/RiseOfXeruUnreal/DerivedDataCache/Compressed.ddp not found, will not use a pak cache.
[2019.02.21-09.11.16:054][  0]LogDerivedDataCache: Unable to find inner node CompressedPak for hierarchical cache Hierarchy.
[2019.02.21-09.11.16:069][  0]LogDerivedDataCache: Display: Pak cache opened for reading ../../../Engine/DerivedDataCache/Compressed.ddp.
[2019.02.21-09.11.16:081][  0]LogDerivedDataCache: Using Local data cache path C:/Users/samre/AppData/Local/UnrealEngine/Common/DerivedDataCache: Writable
[2019.02.21-09.11.16:081][  0]LogDerivedDataCache: Shared data cache path not found in *engine.ini, will not use an Shared cache.
[2019.02.21-09.11.16:081][  0]LogDerivedDataCache: Unable to find inner node Shared for hierarchical cache Hierarchy.
[2019.02.21-09.11.16:082][  0]LogMaterial: Verifying Global Shaders for PCD3D_ES2
[2019.02.21-09.11.16:449][  0]LogSlate: Using Freetype 2.6.0
[2019.02.21-09.11.16:478][  0]LogShaderCompilers: Display: Shaders left to compile 443
[2019.02.21-09.11.16:478][  0]LogShaderCompilers: Display: Shaders left to compile 442
[2019.02.21-09.11.16:478][  0]LogShaderCompilers: Display: Shaders left to compile 441
[2019.02.21-09.11.16:478][  0]LogShaderCompilers: Display: Shaders left to compile 440
[2019.02.21-09.11.16:478][  0]LogShaderCompilers: Display: Shaders left to compile 439
[2019.02.21-09.11.16:478][  0]LogSlate: SlateFontCache - WITH_FREETYPE: 1, WITH_HARFBUZZ: 1
[2019.02.21-09.11.16:479][  0]LogSlate: SlateFontCache - WITH_FREETYPE: 1, WITH_HARFBUZZ: 1
[2019.02.21-09.11.23:784][  0]LogShaderCompilers: Display: Shaders left to compile 438
[2019.02.21-09.11.23:784][  0]LogShaderCompilers: Display: Shaders left to compile 437
[2019.02.21-09.11.23:784][  0]LogShaderCompilers: Display: Shaders left to compile 436
[2019.02.21-09.11.23:784][  0]LogShaderCompilers: Display: Shaders left to compile 435
[2019.02.21-09.11.23:784][  0]LogShaderCompilers: Display: Shaders left to compile 434
[2019.02.21-09.11.23:784][  0]LogShaderCompilers: Display: Shaders left to compile 433
[2019.02.21-09.11.23:784][  0]LogShaderCompilers: Display: Shaders left to compile 432
[2019.02.21-09.11.23:784][  0]LogShaderCompilers: Display: Shaders left to compile 431
[2019.02.21-09.11.23:784][  0]LogShaderCompilers: Display: Shaders left to compile 430
[2019.02.21-09.11.23:784][  0]LogShaderCompilers: Display: Shaders left to compile 429
[2019.02.21-09.11.23:784][  0]LogShaderCompilers: Display: Shaders left to compile 428
[2019.02.21-09.11.23:784][  0]LogShaderCompilers: Display: Shaders left to compile 427
[2019.02.21-09.11.23:784][  0]LogShaderCompilers: Display: Shaders left to compile 426
[2019.02.21-09.11.23:784][  0]LogShaderCompilers: Display: Shaders left to compile 425
[2019.02.21-09.11.23:784][  0]LogShaderCompilers: Display: Shaders left to compile 424
[2019.02.21-09.11.23:784][  0]LogShaderCompilers: Display: Shaders left to compile 423
[2019.02.21-09.11.23:784][  0]LogShaderCompilers: Display: Shaders left to compile 422
[2019.02.21-09.11.23:784][  0]LogShaderCompilers: Display: Shaders left to compile 421
[2019.02.21-09.11.23:784][  0]LogShaderCompilers: Display: Shaders left to compile 420
[2019.02.21-09.11.23:784][  0]LogShaderCompilers: Display: Shaders left to compile 419
[2019.02.21-09.11.23:784][  0]LogShaderCompilers: Display: Shaders left to compile 418
[2019.02.21-09.11.23:784][  0]LogShaderCompilers: Display: Shaders left to compile 417
[2019.02.21-09.11.23:784][  0]LogShaderCompilers: Display: Shaders left to compile 416
[2019.02.21-09.11.23:784][  0]LogShaderCompilers: Display: Shaders left to compile 415
[2019.02.21-09.11.23:784][  0]LogShaderCompilers: Display: Shaders left to compile 414
[2019.02.21-09.11.23:784][  0]LogShaderCompilers: Display: Shaders left to compile 413
[2019.02.21-09.11.23:784][  0]LogShaderCompilers: Display: Shaders left to compile 412
[2019.02.21-09.11.23:784][  0]LogShaderCompilers: Display: Shaders left to compile 411
[2019.02.21-09.11.23:784][  0]LogShaderCompilers: Display: Shaders left to compile 410
[2019.02.21-09.11.23:784][  0]LogShaderCompilers: Display: Shaders left to compile 409
[2019.02.21-09.11.23:784][  0]LogShaderCompilers: Display: Shaders left to compile 408
[2019.02.21-09.11.23:784][  0]LogShaderCompilers: Display: Shaders left to compile 407
[2019.02.21-09.11.23:784][  0]LogShaderCompilers: Display: Shaders left to compile 406
[2019.02.21-09.11.23:784][  0]LogShaderCompilers: Display: Shaders left to compile 405
[2019.02.21-09.11.23:784][  0]LogShaderCompilers: Display: Shaders left to compile 404
[2019.02.21-09.11.23:784][  0]LogShaderCompilers: Display: Shaders left to compile 403
[2019.02.21-09.11.23:784][  0]LogShaderCompilers: Display: Shaders left to compile 402
[2019.02.21-09.11.23:784][  0]LogShaderCompilers: Display: Shaders left to compile 401
[2019.02.21-09.11.23:784][  0]LogShaderCompilers: Display: Shaders left to compile 400
[2019.02.21-09.11.23:785][  0]LogShaderCompilers: Display: Shaders left to compile 399
[2019.02.21-09.11.23:785][  0]LogShaderCompilers: Display: Shaders left to compile 398
[2019.02.21-09.11.23:785][  0]LogShaderCompilers: Display: Shaders left to compile 397
[2019.02.21-09.11.23:785][  0]LogShaderCompilers: Display: Shaders left to compile 396
[2019.02.21-09.11.23:785][  0]LogShaderCompilers: Display: Shaders left to compile 395
[2019.02.21-09.11.23:785][  0]LogShaderCompilers: Display: Shaders left to compile 394
[2019.02.21-09.11.23:785][  0]LogShaderCompilers: Display: Shaders left to compile 393
[2019.02.21-09.11.23:785][  0]LogShaderCompilers: Display: Shaders left to compile 392
[2019.02.21-09.11.23:785][  0]LogShaderCompilers: Display: Shaders left to compile 391
[2019.02.21-09.11.23:785][  0]LogShaderCompilers: Display: Shaders left to compile 390
[2019.02.21-09.11.23:785][  0]LogShaderCompilers: Display: Shaders left to compile 389
[2019.02.21-09.11.23:785][  0]LogShaderCompilers: Display: Shaders left to compile 388
[2019.02.21-09.11.23:785][  0]LogShaderCompilers: Display: Shaders left to compile 387
[2019.02.21-09.11.23:785][  0]LogShaderCompilers: Display: Shaders left to compile 386
[2019.02.21-09.11.23:785][  0]LogShaderCompilers: Display: Shaders left to compile 385
[2019.02.21-09.11.23:785][  0]LogShaderCompilers: Display: Shaders left to compile 384
[2019.02.21-09.11.23:785][  0]LogShaderCompilers: Display: Shaders left to compile 383
[2019.02.21-09.11.23:785][  0]LogShaderCompilers: Display: Shaders left to compile 382
[2019.02.21-09.11.23:785][  0]LogShaderCompilers: Display: Shaders left to compile 381
[2019.02.21-09.11.23:785][  0]LogShaderCompilers: Display: Shaders left to compile 380
[2019.02.21-09.11.23:785][  0]LogShaderCompilers: Display: Shaders left to compile 379
[2019.02.21-09.11.23:785][  0]LogShaderCompilers: Display: Shaders left to compile 378
[2019.02.21-09.11.23:785][  0]LogShaderCompilers: Display: Shaders left to compile 377
[2019.02.21-09.11.23:785][  0]LogShaderCompilers: Display: Shaders left to compile 376
[2019.02.21-09.11.23:785][  0]LogShaderCompilers: Display: Shaders left to compile 375
[2019.02.21-09.11.23:785][  0]LogShaderCompilers: Display: Shaders left to compile 374
[2019.02.21-09.11.23:785][  0]LogShaderCompilers: Display: Shaders left to compile 373
[2019.02.21-09.11.23:785][  0]LogShaderCompilers: Display: Shaders left to compile 372
[2019.02.21-09.11.23:785][  0]LogShaderCompilers: Display: Shaders left to compile 371
[2019.02.21-09.11.23:785][  0]LogShaderCompilers: Display: Shaders left to compile 370
[2019.02.21-09.11.23:785][  0]LogShaderCompilers: Display: Shaders left to compile 369
[2019.02.21-09.11.23:785][  0]LogShaderCompilers: Display: Shaders left to compile 368
[2019.02.21-09.11.23:785][  0]LogShaderCompilers: Display: Shaders left to compile 367
[2019.02.21-09.11.23:785][  0]LogShaderCompilers: Display: Shaders left to compile 366
[2019.02.21-09.11.23:785][  0]LogShaderCompilers: Display: Shaders left to compile 365
[2019.02.21-09.11.23:785][  0]LogShaderCompilers: Display: Shaders left to compile 364
[2019.02.21-09.11.23:785][  0]LogShaderCompilers: Display: Shaders left to compile 363
[2019.02.21-09.11.23:785][  0]LogShaderCompilers: Display: Shaders left to compile 362
[2019.02.21-09.11.23:785][  0]LogShaderCompilers: Display: Shaders left to compile 361
[2019.02.21-09.11.23:785][  0]LogShaderCompilers: Display: Shaders left to compile 360
[2019.02.21-09.11.23:785][  0]LogShaderCompilers: Display: Shaders left to compile 359
[2019.02.21-09.11.23:785][  0]LogShaderCompilers: Display: Shaders left to compile 358
[2019.02.21-09.11.23:785][  0]LogShaderCompilers: Display: Shaders left to compile 357
[2019.02.21-09.11.23:785][  0]LogShaderCompilers: Display: Shaders left to compile 356
[2019.02.21-09.11.23:785][  0]LogShaderCompilers: Display: Shaders left to compile 355
[2019.02.21-09.11.23:785][  0]LogShaderCompilers: Display: Shaders left to compile 354
[2019.02.21-09.11.23:785][  0]LogShaderCompilers: Display: Shaders left to compile 353
[2019.02.21-09.11.23:785][  0]LogShaderCompilers: Display: Shaders left to compile 352
[2019.02.21-09.11.23:785][  0]LogShaderCompilers: Display: Shaders left to compile 351
[2019.02.21-09.11.23:785][  0]LogShaderCompilers: Display: Shaders left to compile 350
[2019.02.21-09.11.23:785][  0]LogShaderCompilers: Display: Shaders left to compile 349
[2019.02.21-09.11.23:785][  0]LogShaderCompilers: Display: Shaders left to compile 348
[2019.02.21-09.11.23:785][  0]LogShaderCompilers: Display: Shaders left to compile 347
[2019.02.21-09.11.23:785][  0]LogShaderCompilers: Display: Shaders left to compile 346
[2019.02.21-09.11.23:785][  0]LogShaderCompilers: Display: Shaders left to compile 345
[2019.02.21-09.11.23:785][  0]LogShaderCompilers: Display: Shaders left to compile 344
[2019.02.21-09.11.23:785][  0]LogShaderCompilers: Display: Shaders left to compile 343
[2019.02.21-09.11.23:785][  0]LogShaderCompilers: Display: Shaders left to compile 342
[2019.02.21-09.11.23:785][  0]LogShaderCompilers: Display: Shaders left to compile 341
[2019.02.21-09.11.23:786][  0]LogShaderCompilers: Display: Shaders left to compile 340
[2019.02.21-09.11.23:786][  0]LogShaderCompilers: Display: Shaders left to compile 339
[2019.02.21-09.11.23:786][  0]LogShaderCompilers: Display: Shaders left to compile 338
[2019.02.21-09.11.23:786][  0]LogShaderCompilers: Display: Shaders left to compile 337
[2019.02.21-09.11.23:786][  0]LogShaderCompilers: Display: Shaders left to compile 336
[2019.02.21-09.11.23:786][  0]LogShaderCompilers: Display: Shaders left to compile 335
[2019.02.21-09.11.23:786][  0]LogShaderCompilers: Display: Shaders left to compile 334
[2019.02.21-09.11.23:786][  0]LogShaderCompilers: Display: Shaders left to compile 333
[2019.02.21-09.11.23:786][  0]LogShaderCompilers: Display: Shaders left to compile 332
[2019.02.21-09.11.23:786][  0]LogShaderCompilers: Display: Shaders left to compile 331
[2019.02.21-09.11.23:786][  0]LogShaderCompilers: Display: Shaders left to compile 330
[2019.02.21-09.11.23:786][  0]LogShaderCompilers: Display: Shaders left to compile 329
[2019.02.21-09.11.23:786][  0]LogShaderCompilers: Display: Shaders left to compile 328
[2019.02.21-09.11.23:786][  0]LogShaderCompilers: Display: Shaders left to compile 327
[2019.02.21-09.11.23:786][  0]LogShaderCompilers: Display: Shaders left to compile 326
[2019.02.21-09.11.23:786][  0]LogShaderCompilers: Display: Shaders left to compile 325
[2019.02.21-09.11.23:786][  0]LogShaderCompilers: Display: Shaders left to compile 324
[2019.02.21-09.11.23:786][  0]LogShaderCompilers: Display: Shaders left to compile 323
[2019.02.21-09.11.23:786][  0]LogShaderCompilers: Display: Shaders left to compile 322
[2019.02.21-09.11.23:786][  0]LogShaderCompilers: Display: Shaders left to compile 321
[2019.02.21-09.11.23:786][  0]LogShaderCompilers: Display: Shaders left to compile 320
[2019.02.21-09.11.23:786][  0]LogShaderCompilers: Display: Shaders left to compile 319
[2019.02.21-09.11.23:786][  0]LogShaderCompilers: Display: Shaders left to compile 318
[2019.02.21-09.11.23:786][  0]LogShaderCompilers: Display: Shaders left to compile 317
[2019.02.21-09.11.23:786][  0]LogShaderCompilers: Display: Shaders left to compile 316
[2019.02.21-09.11.23:786][  0]LogShaderCompilers: Display: Shaders left to compile 315
[2019.02.21-09.11.23:786][  0]LogShaderCompilers: Display: Shaders left to compile 314
[2019.02.21-09.11.23:786][  0]LogShaderCompilers: Display: Shaders left to compile 313
[2019.02.21-09.11.23:786][  0]LogShaderCompilers: Display: Shaders left to compile 312
[2019.02.21-09.11.23:786][  0]LogShaderCompilers: Display: Shaders left to compile 311
[2019.02.21-09.11.23:786][  0]LogShaderCompilers: Display: Shaders left to compile 310
[2019.02.21-09.11.23:786][  0]LogShaderCompilers: Display: Shaders left to compile 309
[2019.02.21-09.11.23:786][  0]LogShaderCompilers: Display: Shaders left to compile 308
[2019.02.21-09.11.23:786][  0]LogShaderCompilers: Display: Shaders left to compile 307
[2019.02.21-09.11.23:786][  0]LogShaderCompilers: Display: Shaders left to compile 306
[2019.02.21-09.11.23:786][  0]LogShaderCompilers: Display: Shaders left to compile 305
[2019.02.21-09.11.23:786][  0]LogShaderCompilers: Display: Shaders left to compile 304
[2019.02.21-09.11.23:786][  0]LogShaderCompilers: Display: Shaders left to compile 303
[2019.02.21-09.11.23:786][  0]LogShaderCompilers: Display: Shaders left to compile 302
[2019.02.21-09.11.23:786][  0]LogShaderCompilers: Display: Shaders left to compile 301
[2019.02.21-09.11.23:786][  0]LogShaderCompilers: Display: Shaders left to compile 300
[2019.02.21-09.11.23:786][  0]LogShaderCompilers: Display: Shaders left to compile 299
[2019.02.21-09.11.23:786][  0]LogShaderCompilers: Display: Shaders left to compile 298
[2019.02.21-09.11.23:786][  0]LogAssetRegistry: FAssetRegistry took 0.0077 seconds to start up
[2019.02.21-09.11.24:133][  0]LogShaderCompilers: Display: Shaders left to compile 297
[2019.02.21-09.11.24:133][  0]LogShaderCompilers: Display: Shaders left to compile 296
[2019.02.21-09.11.24:134][  0]LogShaderCompilers: Display: Shaders left to compile 295
[2019.02.21-09.11.24:134][  0]LogShaderCompilers: Display: Shaders left to compile 294
[2019.02.21-09.11.24:134][  0]LogShaderCompilers: Display: Shaders left to compile 293
[2019.02.21-09.11.24:134][  0]LogShaderCompilers: Display: Shaders left to compile 292
[2019.02.21-09.11.24:134][  0]LogShaderCompilers: Display: Shaders left to compile 291
[2019.02.21-09.11.24:134][  0]LogShaderCompilers: Display: Shaders left to compile 290
[2019.02.21-09.11.24:134][  0]LogShaderCompilers: Display: Shaders left to compile 289
[2019.02.21-09.11.24:134][  0]LogShaderCompilers: Display: Shaders left to compile 288
[2019.02.21-09.11.24:134][  0]LogShaderCompilers: Display: Shaders left to compile 287
[2019.02.21-09.11.24:134][  0]LogShaderCompilers: Display: Shaders left to compile 286
[2019.02.21-09.11.24:134][  0]LogShaderCompilers: Display: Shaders left to compile 285
[2019.02.21-09.11.24:134][  0]LogShaderCompilers: Display: Shaders left to compile 284
[2019.02.21-09.11.24:134][  0]LogShaderCompilers: Display: Shaders left to compile 283
[2019.02.21-09.11.24:134][  0]LogShaderCompilers: Display: Shaders left to compile 282
[2019.02.21-09.11.24:134][  0]LogShaderCompilers: Display: Shaders left to compile 281
[2019.02.21-09.11.24:134][  0]LogShaderCompilers: Display: Shaders left to compile 280
[2019.02.21-09.11.24:134][  0]LogPackageLocalizationCache: Processed 9 localized package path(s) for 1 prioritized culture(s) in 0.036166 seconds
[2019.02.21-09.11.24:324][  0]LogShaderCompilers: Display: Shaders left to compile 279
[2019.02.21-09.11.24:324][  0]LogShaderCompilers: Display: Shaders left to compile 278
[2019.02.21-09.11.24:325][  0]LogShaderCompilers: Display: Shaders left to compile 277
[2019.02.21-09.11.24:325][  0]LogShaderCompilers: Display: Shaders left to compile 276
[2019.02.21-09.11.24:325][  0]LogShaderCompilers: Display: Shaders left to compile 275
[2019.02.21-09.11.24:325][  0]LogShaderCompilers: Display: Shaders left to compile 274
[2019.02.21-09.11.24:325][  0]LogShaderCompilers: Display: Shaders left to compile 273
[2019.02.21-09.11.24:325][  0]LogShaderCompilers: Display: Shaders left to compile 272
[2019.02.21-09.11.24:325][  0]LogInit: Selected Device Profile: [Windows]
[2019.02.21-09.11.24:421][  0]LogMaterial: Missing cached shader map for material WorldGridMaterial, compiling. Is special engine material.
